2018-08-30 16:18:10,697 - INFO - Beginning execution of dms2_logoplot in directory /fh/fast/bloom_j/computational_notebooks/adingens/2017/EnvsAntigenicAtlas

2018-08-30 16:18:10,697 - INFO - Progress is being logged to ./results/fracsurviveaboveavg/concavg_wtDNA_ctrl/Simulated_Pool/Simulated-3BNC117mean-101074mean-aboveavg.log
2018-08-30 16:18:12,040 - INFO - Version information:
	Time and date: Thu Aug 30 16:18:10 2018
	Platform: Linux-3.13.0-143-generic-x86_64-with-debian-jessie-sid
	Python version: 3.6.5 |Anaconda, Inc.| (default, Apr 29 2018, 16:14:56)  [GCC 7.2.0]
	dms_tools2 version: 2.2.8
	Bio version: 1.72
	HTSeq version: 0.10.0
	pandas version: 0.23.3
	numpy version: 1.15.0
	IPython version: 6.4.0
	jupyter version: 1.0.0
	matplotlib version: 2.2.2
	plotnine version: 0.3.0
	natsort version: 5.3.3
	pystan version: 2.16.0.0
	scipy version: 1.1.0
	seaborn version: 0.9.0
	phydmslib version: 2.3.1
	statsmodels version: 0.9.0
	rpy2 version: 2.9.1

2018-08-30 16:18:12,040 - INFO - Parsed the following arguments:
	outdir = ./results/fracsurviveaboveavg/concavg_wtDNA_ctrl/Simulated_Pool/
	ncpus = -1
	use_existing = yes
	prefs = None
	diffsel = None
	fracsurvive = ./results/fracsurviveaboveavg/concavg_wtDNA_ctrl/Simulated_Pool/Simulated_3BNC117mean_101074mean-aboveavg-meanmutfracsurvive.csv
	diffprefs = None
	name = Simulated-3BNC117mean-101074mean-aboveavg
	nperline = 84
	numberevery = 10
	excludestop = no
	stringency = 1
	restrictdiffsel = positive
	diffselrange = None
	fracsurvivemax = None
	sortsites = yes
	mapmetric = functionalgroup
	colormap = jet
	overlay1 = ['./results/fracsurviveaboveavg/concavg_wtDNA_ctrl/Simulated_Pool/Simulated_3BNC117mean_101074mean-aboveavg-meanmutfracsurvive.csv', 'wildtype', 'wildtype']
	overlay2 = None
	overlay3 = None
	underlay = yes
	scalebar = ['0.003', 'fraction surviving = 0.003']
	overlaycolormap = jet
	letterheight = 1
	ignore_extracols = no
	sepline = no

2018-08-30 16:18:12,042 - INFO - Reading fracsurvive from file ./results/fracsurviveaboveavg/concavg_wtDNA_ctrl/Simulated_Pool/Simulated_3BNC117mean_101074mean-aboveavg-meanmutfracsurvive.csv...
2018-08-30 16:18:12,084 - INFO - Read data for 670 sites.

2018-08-30 16:18:12,141 - INFO - Reading overlay for wildtype from ./results/fracsurviveaboveavg/concavg_wtDNA_ctrl/Simulated_Pool/Simulated_3BNC117mean_101074mean-aboveavg-meanmutfracsurvive.csv...
2018-08-30 16:18:12,208 - INFO - Read overlay for 670 sites.

2018-08-30 16:18:12,208 - INFO - Making logo plot ./results/fracsurviveaboveavg/concavg_wtDNA_ctrl/Simulated_Pool/Simulated-3BNC117mean-101074mean-aboveavg_fracsurvive.pdf...
2018-08-30 16:18:18,816 - INFO - Successfully created logo plot.

2018-08-30 16:18:18,817 - INFO - Successful completion of dms2_logoplot
