2018-11-07 14:19:13,052 - INFO - Beginning execution of dms2_bcsubamp in directory /fh/fast/bloom_j/computational_notebooks/adingens/2017/EnvsAntigenicAtlas

2018-11-07 14:19:13,052 - INFO - Progress is being logged to ./results/codoncounts/BF520-mutDNA-rep1.log
2018-11-07 14:19:13,066 - INFO - Version information:
	Time and date: Wed Nov  7 14:19:13 2018
	Platform: Linux-3.13.0-143-generic-x86_64-with-debian-jessie-sid
	Python version: 3.6.5 |Anaconda, Inc.| (default, Apr 29 2018, 16:14:56)  [GCC 7.2.0]
	dms_tools2 version: 2.3.0
	Bio version: 1.72
	HTSeq version: 0.11.0
	pandas version: 0.23.4
	numpy version: 1.15.1
	IPython version: 6.5.0
	jupyter version: 1.0.0
	matplotlib version: 3.0.0
	plotnine version: 0.5.0
	natsort version: 5.4.1
	pystan version: 2.16.0.0
	scipy version: 1.1.0
	seaborn version: 0.9.0
	phydmslib version: 2.3.1
	statsmodels version: 0.9.0
	rpy2 version: 2.9.1
	regex version: 2.4.148
	umi_tools version unknown

2018-11-07 14:19:13,067 - INFO - Parsed the following arguments:
	outdir = ./results/codoncounts
	ncpus = -1
	use_existing = no
	refseq = ./data/BF520_Env.fasta
	alignspecs = ['88,417,40,39', '418,753,39,35', '754,1092,36,39', '1093,1447,35,29', '1407,1758,35,32', '1759,2097,30,36']
	bclen = 8
	fastqdir = ./results/FASTQ_files/
	R2 = None
	R1trim = [205]
	R2trim = [212]
	bclen2 = None
	chartype = codon
	maxmuts = 4
	minq = 15
	minreads = 2
	minfraccall = 0.95
	minconcur = 0.75
	sitemask = None
	purgeread = 0
	purgebc = 0
	bcinfo = False
	name = BF520-mutDNA-rep1
	R1 = ['BF520_mutDNA-rep1_R1.fastq.gz']

2018-11-07 14:19:13,071 - INFO - Removing existing file ./results/codoncounts/BF520-mutDNA-rep1_codoncounts.csv
2018-11-07 14:19:13,078 - INFO - Removing existing file ./results/codoncounts/BF520-mutDNA-rep1_readstats.csv
2018-11-07 14:19:13,083 - INFO - Removing existing file ./results/codoncounts/BF520-mutDNA-rep1_readsperbc.csv
2018-11-07 14:19:13,088 - INFO - Removing existing file ./results/codoncounts/BF520-mutDNA-rep1_bcstats.csv
2018-11-07 14:19:13,113 - INFO - Read refseq of 2559 codons from ./data/BF520_Env.fasta
2018-11-07 14:19:13,114 - INFO - Reads are in these FASTQ pairs:
	./results/FASTQ_files/BF520_mutDNA-rep1_R1.fastq.gz and ./results/FASTQ_files/BF520_mutDNA-rep1_R2.fastq.gz

2018-11-07 14:19:13,114 - INFO - Now parsing read pairs...
2018-11-07 14:19:28,838 - INFO - Reads parsed so far: 500000
2018-11-07 14:19:42,010 - INFO - Reads parsed so far: 1000000
2018-11-07 14:19:55,051 - INFO - Reads parsed so far: 1500000
2018-11-07 14:20:10,195 - INFO - Reads parsed so far: 2000000
2018-11-07 14:20:22,237 - INFO - Reads parsed so far: 2500000
2018-11-07 14:20:36,207 - INFO - Reads parsed so far: 3000000
2018-11-07 14:20:50,184 - INFO - Reads parsed so far: 3500000
2018-11-07 14:21:02,959 - INFO - Reads parsed so far: 4000000
2018-11-07 14:21:17,328 - INFO - Reads parsed so far: 4500000
2018-11-07 14:21:29,757 - INFO - Reads parsed so far: 5000000
2018-11-07 14:21:42,902 - INFO - Reads parsed so far: 5500000
2018-11-07 14:21:56,998 - INFO - Reads parsed so far: 6000000
2018-11-07 14:22:17,628 - INFO - Reads parsed so far: 6500000
2018-11-07 14:22:31,786 - INFO - Reads parsed so far: 7000000
2018-11-07 14:22:45,390 - INFO - Reads parsed so far: 7500000
2018-11-07 14:22:59,982 - INFO - Reads parsed so far: 8000000
2018-11-07 14:23:20,431 - INFO - Reads parsed so far: 8500000
2018-11-07 14:23:34,511 - INFO - Reads parsed so far: 9000000
2018-11-07 14:23:49,707 - INFO - Reads parsed so far: 9500000
2018-11-07 14:24:03,242 - INFO - Reads parsed so far: 10000000
2018-11-07 14:24:16,246 - INFO - Reads parsed so far: 10500000
2018-11-07 14:24:29,000 - INFO - Reads parsed so far: 11000000
2018-11-07 14:24:42,658 - INFO - Reads parsed so far: 11500000
2018-11-07 14:25:02,407 - INFO - Reads parsed so far: 12000000
2018-11-07 14:25:15,263 - INFO - Reads parsed so far: 12500000
2018-11-07 14:25:21,699 - INFO - Parsed 12753421 reads, found 6569197 unique barcodes.
2018-11-07 14:25:21,703 - INFO - Summary stats on reads:
total  fail filter  low Q barcode
12753421            0        1034574
2018-11-07 14:25:21,704 - INFO - Writing these stats to ./results/codoncounts/BF520-mutDNA-rep1_readstats.csv

2018-11-07 14:25:24,110 - INFO - Number of reads per barcode:
                 number of barcodes
number of reads                    
1                           3970615
2                           1284925
3                            691940
4                            324761
5                            147093
6                             69974
7                             36568
8                             20183
9                             11310
10                             6043
11                             3098
12                             1439
13                              712
14                              294
15                              142
16                               61
17                               17
18                               11
19                                5
20                                3
23                                1
27                                1
33                                1
2018-11-07 14:25:24,110 - INFO - Writing these stats to ./results/codoncounts/BF520-mutDNA-rep1_readsperbc.csv

2018-11-07 14:25:24,115 - INFO - Examining the 6569197 barcodes to build and align subamplicons...
2018-11-07 14:25:33,549 - INFO - Barcodes examined so far: 200000
2018-11-07 14:25:42,648 - INFO - Barcodes examined so far: 400000
2018-11-07 14:25:51,485 - INFO - Barcodes examined so far: 600000
2018-11-07 14:26:00,090 - INFO - Barcodes examined so far: 800000
2018-11-07 14:26:08,382 - INFO - Barcodes examined so far: 1000000
2018-11-07 14:26:16,404 - INFO - Barcodes examined so far: 1200000
2018-11-07 14:26:24,413 - INFO - Barcodes examined so far: 1400000
2018-11-07 14:26:33,443 - INFO - Barcodes examined so far: 1600000
2018-11-07 14:26:41,541 - INFO - Barcodes examined so far: 1800000
2018-11-07 14:26:48,998 - INFO - Barcodes examined so far: 2000000
2018-11-07 14:26:56,356 - INFO - Barcodes examined so far: 2200000
2018-11-07 14:27:03,461 - INFO - Barcodes examined so far: 2400000
2018-11-07 14:27:10,217 - INFO - Barcodes examined so far: 2600000
2018-11-07 14:27:16,470 - INFO - Barcodes examined so far: 2800000
2018-11-07 14:27:22,584 - INFO - Barcodes examined so far: 3000000
2018-11-07 14:27:28,278 - INFO - Barcodes examined so far: 3200000
2018-11-07 14:27:33,550 - INFO - Barcodes examined so far: 3400000
2018-11-07 14:27:38,412 - INFO - Barcodes examined so far: 3600000
2018-11-07 14:27:43,047 - INFO - Barcodes examined so far: 3800000
2018-11-07 14:27:47,406 - INFO - Barcodes examined so far: 4000000
2018-11-07 14:27:51,427 - INFO - Barcodes examined so far: 4200000
2018-11-07 14:27:55,043 - INFO - Barcodes examined so far: 4400000
2018-11-07 14:27:58,440 - INFO - Barcodes examined so far: 4600000
2018-11-07 14:28:01,306 - INFO - Barcodes examined so far: 4800000
2018-11-07 14:28:03,917 - INFO - Barcodes examined so far: 5000000
2018-11-07 14:28:06,102 - INFO - Barcodes examined so far: 5200000
2018-11-07 14:28:07,943 - INFO - Barcodes examined so far: 5400000
2018-11-07 14:28:09,360 - INFO - Barcodes examined so far: 5600000
2018-11-07 14:28:10,317 - INFO - Barcodes examined so far: 5800000
2018-11-07 14:28:10,873 - INFO - Barcodes examined so far: 6000000
2018-11-07 14:28:21,344 - INFO - Barcodes examined so far: 6200000
2018-11-07 14:28:35,019 - INFO - Barcodes examined so far: 6400000
2018-11-07 14:28:38,946 - INFO - Examined all barcodes. Summary stats:
total  too few reads  not alignable  aligned
6569197        3970615         733450  1865132
2018-11-07 14:28:38,947 - INFO - Writing these stats to ./results/codoncounts/BF520-mutDNA-rep1_bcstats.csv

2018-11-07 14:28:38,968 - INFO - Writing the counts of each codon identity at each site to ./results/codoncounts/BF520-mutDNA-rep1_codoncounts.csv

2018-11-07 14:28:39,024 - INFO - Successful completion of dms2_bcsubamp
