2018-11-07 14:19:13,388 - INFO - Beginning execution of dms2_bcsubamp in directory /fh/fast/bloom_j/computational_notebooks/adingens/2017/EnvsAntigenicAtlas

2018-11-07 14:19:13,388 - INFO - Progress is being logged to ./results/codoncounts/BF520-wtDNA.log
2018-11-07 14:19:13,394 - INFO - Version information:
	Time and date: Wed Nov  7 14:19:13 2018
	Platform: Linux-3.13.0-143-generic-x86_64-with-debian-jessie-sid
	Python version: 3.6.5 |Anaconda, Inc.| (default, Apr 29 2018, 16:14:56)  [GCC 7.2.0]
	dms_tools2 version: 2.3.0
	Bio version: 1.72
	HTSeq version: 0.11.0
	pandas version: 0.23.4
	numpy version: 1.15.1
	IPython version: 6.5.0
	jupyter version: 1.0.0
	matplotlib version: 3.0.0
	plotnine version: 0.5.0
	natsort version: 5.4.1
	pystan version: 2.16.0.0
	scipy version: 1.1.0
	seaborn version: 0.9.0
	phydmslib version: 2.3.1
	statsmodels version: 0.9.0
	rpy2 version: 2.9.1
	regex version: 2.4.148
	umi_tools version unknown

2018-11-07 14:19:13,394 - INFO - Parsed the following arguments:
	outdir = ./results/codoncounts
	ncpus = -1
	use_existing = no
	refseq = ./data/BF520_Env.fasta
	alignspecs = ['88,417,40,39', '418,753,39,35', '754,1092,36,39', '1093,1447,35,29', '1407,1758,35,32', '1759,2097,30,36']
	bclen = 8
	fastqdir = ./results/FASTQ_files/
	R2 = None
	R1trim = [205]
	R2trim = [212]
	bclen2 = None
	chartype = codon
	maxmuts = 4
	minq = 15
	minreads = 2
	minfraccall = 0.95
	minconcur = 0.75
	sitemask = None
	purgeread = 0
	purgebc = 0
	bcinfo = False
	name = BF520-wtDNA
	R1 = ['BF520_wtDNA_R1.fastq.gz']

2018-11-07 14:19:13,399 - INFO - Removing existing file ./results/codoncounts/BF520-wtDNA_codoncounts.csv
2018-11-07 14:19:13,416 - INFO - Removing existing file ./results/codoncounts/BF520-wtDNA_readstats.csv
2018-11-07 14:19:13,442 - INFO - Removing existing file ./results/codoncounts/BF520-wtDNA_readsperbc.csv
2018-11-07 14:19:13,461 - INFO - Removing existing file ./results/codoncounts/BF520-wtDNA_bcstats.csv
2018-11-07 14:19:13,506 - INFO - Read refseq of 2559 codons from ./data/BF520_Env.fasta
2018-11-07 14:19:13,507 - INFO - Reads are in these FASTQ pairs:
	./results/FASTQ_files/BF520_wtDNA_R1.fastq.gz and ./results/FASTQ_files/BF520_wtDNA_R2.fastq.gz

2018-11-07 14:19:13,507 - INFO - Now parsing read pairs...
2018-11-07 14:19:28,213 - INFO - Reads parsed so far: 500000
2018-11-07 14:19:42,127 - INFO - Reads parsed so far: 1000000
2018-11-07 14:19:56,446 - INFO - Reads parsed so far: 1500000
2018-11-07 14:20:10,958 - INFO - Reads parsed so far: 2000000
2018-11-07 14:20:27,160 - INFO - Reads parsed so far: 2500000
2018-11-07 14:20:41,306 - INFO - Reads parsed so far: 3000000
2018-11-07 14:20:54,341 - INFO - Reads parsed so far: 3500000
2018-11-07 14:21:09,789 - INFO - Reads parsed so far: 4000000
2018-11-07 14:21:22,512 - INFO - Reads parsed so far: 4500000
2018-11-07 14:21:39,001 - INFO - Reads parsed so far: 5000000
2018-11-07 14:21:52,881 - INFO - Reads parsed so far: 5500000
2018-11-07 14:22:07,031 - INFO - Reads parsed so far: 6000000
2018-11-07 14:22:20,653 - INFO - Reads parsed so far: 6500000
2018-11-07 14:22:38,316 - INFO - Reads parsed so far: 7000000
2018-11-07 14:22:51,604 - INFO - Reads parsed so far: 7500000
2018-11-07 14:23:05,009 - INFO - Reads parsed so far: 8000000
2018-11-07 14:23:18,365 - INFO - Reads parsed so far: 8500000
2018-11-07 14:23:31,388 - INFO - Reads parsed so far: 9000000
2018-11-07 14:23:49,246 - INFO - Reads parsed so far: 9500000
2018-11-07 14:24:01,945 - INFO - Reads parsed so far: 10000000
2018-11-07 14:24:14,904 - INFO - Reads parsed so far: 10500000
2018-11-07 14:24:31,643 - INFO - Reads parsed so far: 11000000
2018-11-07 14:24:44,752 - INFO - Reads parsed so far: 11500000
2018-11-07 14:24:57,398 - INFO - Reads parsed so far: 12000000
2018-11-07 14:25:10,078 - INFO - Reads parsed so far: 12500000
2018-11-07 14:25:11,415 - INFO - Parsed 12553501 reads, found 6030494 unique barcodes.
2018-11-07 14:25:11,420 - INFO - Summary stats on reads:
total  fail filter  low Q barcode
12553501            0        1003272
2018-11-07 14:25:11,420 - INFO - Writing these stats to ./results/codoncounts/BF520-wtDNA_readstats.csv

2018-11-07 14:25:13,605 - INFO - Number of reads per barcode:
                 number of barcodes
number of reads                    
1                           3374438
2                           1188447
3                            733973
4                            388060
5                            184379
6                             83930
7                             38461
8                             18953
9                              9636
10                             5162
11                             2632
12                             1300
13                              628
14                              282
15                              104
16                               60
17                               31
18                                6
19                                4
20                                3
21                                3
22                                1
28                                1
2018-11-07 14:25:13,605 - INFO - Writing these stats to ./results/codoncounts/BF520-wtDNA_readsperbc.csv

2018-11-07 14:25:13,609 - INFO - Examining the 6030494 barcodes to build and align subamplicons...
2018-11-07 14:25:23,931 - INFO - Barcodes examined so far: 200000
2018-11-07 14:25:34,226 - INFO - Barcodes examined so far: 400000
2018-11-07 14:25:44,198 - INFO - Barcodes examined so far: 600000
2018-11-07 14:25:54,872 - INFO - Barcodes examined so far: 800000
2018-11-07 14:26:04,277 - INFO - Barcodes examined so far: 1000000
2018-11-07 14:26:13,478 - INFO - Barcodes examined so far: 1200000
2018-11-07 14:26:22,283 - INFO - Barcodes examined so far: 1400000
2018-11-07 14:26:31,262 - INFO - Barcodes examined so far: 1600000
2018-11-07 14:26:39,677 - INFO - Barcodes examined so far: 1800000
2018-11-07 14:26:47,746 - INFO - Barcodes examined so far: 2000000
2018-11-07 14:26:55,427 - INFO - Barcodes examined so far: 2200000
2018-11-07 14:27:02,917 - INFO - Barcodes examined so far: 2400000
2018-11-07 14:27:10,037 - INFO - Barcodes examined so far: 2600000
2018-11-07 14:27:16,799 - INFO - Barcodes examined so far: 2800000
2018-11-07 14:27:23,106 - INFO - Barcodes examined so far: 3000000
2018-11-07 14:27:29,069 - INFO - Barcodes examined so far: 3200000
2018-11-07 14:27:34,484 - INFO - Barcodes examined so far: 3400000
2018-11-07 14:27:39,585 - INFO - Barcodes examined so far: 3600000
2018-11-07 14:27:44,199 - INFO - Barcodes examined so far: 3800000
2018-11-07 14:27:48,473 - INFO - Barcodes examined so far: 4000000
2018-11-07 14:27:52,269 - INFO - Barcodes examined so far: 4200000
2018-11-07 14:27:55,536 - INFO - Barcodes examined so far: 4400000
2018-11-07 14:27:58,293 - INFO - Barcodes examined so far: 4600000
2018-11-07 14:28:00,525 - INFO - Barcodes examined so far: 4800000
2018-11-07 14:28:02,404 - INFO - Barcodes examined so far: 5000000
2018-11-07 14:28:03,705 - INFO - Barcodes examined so far: 5200000
2018-11-07 14:28:04,540 - INFO - Barcodes examined so far: 5400000
2018-11-07 14:28:08,794 - INFO - Barcodes examined so far: 5600000
2018-11-07 14:28:23,829 - INFO - Barcodes examined so far: 5800000
2018-11-07 14:28:31,611 - INFO - Barcodes examined so far: 6000000
2018-11-07 14:28:31,933 - INFO - Examined all barcodes. Summary stats:
total  too few reads  not alignable  aligned
6030494        3374438         704215  1951841
2018-11-07 14:28:31,934 - INFO - Writing these stats to ./results/codoncounts/BF520-wtDNA_bcstats.csv

2018-11-07 14:28:31,963 - INFO - Writing the counts of each codon identity at each site to ./results/codoncounts/BF520-wtDNA_codoncounts.csv

2018-11-07 14:28:32,053 - INFO - Successful completion of dms2_bcsubamp
