2018-11-07 14:19:13,361 - INFO - Beginning execution of dms2_bcsubamp in directory /fh/fast/bloom_j/computational_notebooks/adingens/2017/EnvsAntigenicAtlas

2018-11-07 14:19:13,362 - INFO - Progress is being logged to ./results/codoncounts/BF520-mock-rep2.log
2018-11-07 14:19:13,366 - INFO - Version information:
	Time and date: Wed Nov  7 14:19:13 2018
	Platform: Linux-3.13.0-143-generic-x86_64-with-debian-jessie-sid
	Python version: 3.6.5 |Anaconda, Inc.| (default, Apr 29 2018, 16:14:56)  [GCC 7.2.0]
	dms_tools2 version: 2.3.0
	Bio version: 1.72
	HTSeq version: 0.11.0
	pandas version: 0.23.4
	numpy version: 1.15.1
	IPython version: 6.5.0
	jupyter version: 1.0.0
	matplotlib version: 3.0.0
	plotnine version: 0.5.0
	natsort version: 5.4.1
	pystan version: 2.16.0.0
	scipy version: 1.1.0
	seaborn version: 0.9.0
	phydmslib version: 2.3.1
	statsmodels version: 0.9.0
	rpy2 version: 2.9.1
	regex version: 2.4.148
	umi_tools version unknown

2018-11-07 14:19:13,367 - INFO - Parsed the following arguments:
	outdir = ./results/codoncounts
	ncpus = -1
	use_existing = no
	refseq = ./data/BF520_Env.fasta
	alignspecs = ['88,417,40,39', '418,753,39,35', '754,1092,36,39', '1093,1447,35,29', '1407,1758,35,32', '1759,2097,30,36']
	bclen = 8
	fastqdir = ./results/FASTQ_files/
	R2 = None
	R1trim = [205]
	R2trim = [212]
	bclen2 = None
	chartype = codon
	maxmuts = 4
	minq = 15
	minreads = 2
	minfraccall = 0.95
	minconcur = 0.75
	sitemask = None
	purgeread = 0
	purgebc = 0
	bcinfo = False
	name = BF520-mock-rep2
	R1 = ['BF520_mock-rep2_R1.fastq.gz']

2018-11-07 14:19:13,369 - INFO - Removing existing file ./results/codoncounts/BF520-mock-rep2_codoncounts.csv
2018-11-07 14:19:13,386 - INFO - Removing existing file ./results/codoncounts/BF520-mock-rep2_readstats.csv
2018-11-07 14:19:13,398 - INFO - Removing existing file ./results/codoncounts/BF520-mock-rep2_readsperbc.csv
2018-11-07 14:19:13,406 - INFO - Removing existing file ./results/codoncounts/BF520-mock-rep2_bcstats.csv
2018-11-07 14:19:13,452 - INFO - Read refseq of 2559 codons from ./data/BF520_Env.fasta
2018-11-07 14:19:13,454 - INFO - Reads are in these FASTQ pairs:
	./results/FASTQ_files/BF520_mock-rep2_R1.fastq.gz and ./results/FASTQ_files/BF520_mock-rep2_R2.fastq.gz

2018-11-07 14:19:13,455 - INFO - Now parsing read pairs...
2018-11-07 14:19:28,755 - INFO - Reads parsed so far: 500000
2018-11-07 14:19:43,685 - INFO - Reads parsed so far: 1000000
2018-11-07 14:19:58,333 - INFO - Reads parsed so far: 1500000
2018-11-07 14:20:12,834 - INFO - Reads parsed so far: 2000000
2018-11-07 14:20:28,112 - INFO - Reads parsed so far: 2500000
2018-11-07 14:20:41,319 - INFO - Reads parsed so far: 3000000
2018-11-07 14:20:56,213 - INFO - Reads parsed so far: 3500000
2018-11-07 14:21:09,828 - INFO - Reads parsed so far: 4000000
2018-11-07 14:21:24,706 - INFO - Reads parsed so far: 4500000
2018-11-07 14:21:39,939 - INFO - Reads parsed so far: 5000000
2018-11-07 14:21:59,711 - INFO - Reads parsed so far: 5500000
2018-11-07 14:22:14,080 - INFO - Reads parsed so far: 6000000
2018-11-07 14:22:27,349 - INFO - Reads parsed so far: 6500000
2018-11-07 14:22:40,203 - INFO - Reads parsed so far: 7000000
2018-11-07 14:22:58,398 - INFO - Reads parsed so far: 7500000
2018-11-07 14:23:13,129 - INFO - Reads parsed so far: 8000000
2018-11-07 14:23:26,248 - INFO - Reads parsed so far: 8500000
2018-11-07 14:23:39,058 - INFO - Reads parsed so far: 9000000
2018-11-07 14:23:51,709 - INFO - Reads parsed so far: 9500000
2018-11-07 14:24:17,553 - INFO - Reads parsed so far: 10000000
2018-11-07 14:24:33,858 - INFO - Reads parsed so far: 10500000
2018-11-07 14:24:48,527 - INFO - Reads parsed so far: 11000000
2018-11-07 14:25:02,450 - INFO - Reads parsed so far: 11500000
2018-11-07 14:25:16,524 - INFO - Reads parsed so far: 12000000
2018-11-07 14:25:29,939 - INFO - Reads parsed so far: 12500000
2018-11-07 14:25:43,606 - INFO - Reads parsed so far: 13000000
2018-11-07 14:25:54,514 - INFO - Parsed 13392653 reads, found 7572478 unique barcodes.
2018-11-07 14:25:54,521 - INFO - Summary stats on reads:
total  fail filter  low Q barcode
13392653            0        1185151
2018-11-07 14:25:54,522 - INFO - Writing these stats to ./results/codoncounts/BF520-mock-rep2_readstats.csv

2018-11-07 14:25:58,729 - INFO - Number of reads per barcode:
                 number of barcodes
number of reads                    
1                           5172860
2                           1416134
3                            573307
4                            216624
5                             87721
6                             41164
7                             20705
8                             10746
9                              5344
10                             2654
11                             1452
12                              833
13                              564
14                              477
15                              456
16                              482
17                              574
18                              705
19                              802
20                              895
21                             1065
22                             1103
23                             1223
24                             1318
25                             1320
26                             1290
27                             1326
28                             1377
29                             1193
30                             1133
31                              982
32                              876
33                              771
34                              600
35                              488
36                              437
37                              314
38                              263
39                              186
40                              146
41                              100
42                               89
43                               63
44                               44
45                               27
46                               25
47                               19
48                               24
49                               16
50                               16
51                               15
52                               13
53                                9
54                                9
55                               11
56                                7
57                                8
58                               10
59                                4
60                                5
61                               10
62                                6
63                                3
64                                8
65                                6
66                                3
67                                4
68                                4
69                                2
71                                1
72                                1
73                                1
74                                1
77                                1
78                                2
79                                1
2018-11-07 14:25:58,729 - INFO - Writing these stats to ./results/codoncounts/BF520-mock-rep2_readsperbc.csv

2018-11-07 14:25:58,733 - INFO - Examining the 7572478 barcodes to build and align subamplicons...
2018-11-07 14:26:06,019 - INFO - Barcodes examined so far: 200000
2018-11-07 14:26:13,081 - INFO - Barcodes examined so far: 400000
2018-11-07 14:26:20,108 - INFO - Barcodes examined so far: 600000
2018-11-07 14:26:26,671 - INFO - Barcodes examined so far: 800000
2018-11-07 14:26:33,833 - INFO - Barcodes examined so far: 1000000
2018-11-07 14:26:40,463 - INFO - Barcodes examined so far: 1200000
2018-11-07 14:26:46,900 - INFO - Barcodes examined so far: 1400000
2018-11-07 14:26:53,323 - INFO - Barcodes examined so far: 1600000
2018-11-07 14:26:59,775 - INFO - Barcodes examined so far: 1800000
2018-11-07 14:27:05,845 - INFO - Barcodes examined so far: 2000000
2018-11-07 14:27:11,591 - INFO - Barcodes examined so far: 2200000
2018-11-07 14:27:17,127 - INFO - Barcodes examined so far: 2400000
2018-11-07 14:27:22,433 - INFO - Barcodes examined so far: 2600000
2018-11-07 14:27:27,677 - INFO - Barcodes examined so far: 2800000
2018-11-07 14:27:32,673 - INFO - Barcodes examined so far: 3000000
2018-11-07 14:27:37,442 - INFO - Barcodes examined so far: 3200000
2018-11-07 14:27:41,954 - INFO - Barcodes examined so far: 3400000
2018-11-07 14:27:46,143 - INFO - Barcodes examined so far: 3600000
2018-11-07 14:27:50,231 - INFO - Barcodes examined so far: 3800000
2018-11-07 14:27:54,115 - INFO - Barcodes examined so far: 4000000
2018-11-07 14:27:58,028 - INFO - Barcodes examined so far: 4200000
2018-11-07 14:28:01,570 - INFO - Barcodes examined so far: 4400000
2018-11-07 14:28:04,798 - INFO - Barcodes examined so far: 4600000
2018-11-07 14:28:07,819 - INFO - Barcodes examined so far: 4800000
2018-11-07 14:28:10,717 - INFO - Barcodes examined so far: 5000000
2018-11-07 14:28:13,274 - INFO - Barcodes examined so far: 5200000
2018-11-07 14:28:15,625 - INFO - Barcodes examined so far: 5400000
2018-11-07 14:28:17,652 - INFO - Barcodes examined so far: 5600000
2018-11-07 14:28:19,463 - INFO - Barcodes examined so far: 5800000
2018-11-07 14:28:21,056 - INFO - Barcodes examined so far: 6000000
2018-11-07 14:28:22,376 - INFO - Barcodes examined so far: 6200000
2018-11-07 14:28:23,422 - INFO - Barcodes examined so far: 6400000
2018-11-07 14:28:24,285 - INFO - Barcodes examined so far: 6600000
2018-11-07 14:28:25,186 - INFO - Barcodes examined so far: 6800000
2018-11-07 14:28:25,543 - INFO - Barcodes examined so far: 7000000
2018-11-07 14:28:38,737 - INFO - Barcodes examined so far: 7200000
2018-11-07 14:28:50,236 - INFO - Barcodes examined so far: 7400000
2018-11-07 14:28:54,627 - INFO - Examined all barcodes. Summary stats:
total  too few reads  not alignable  aligned
7572478        5172860         835853  1563765
2018-11-07 14:28:54,627 - INFO - Writing these stats to ./results/codoncounts/BF520-mock-rep2_bcstats.csv

2018-11-07 14:28:54,657 - INFO - Writing the counts of each codon identity at each site to ./results/codoncounts/BF520-mock-rep2_codoncounts.csv

2018-11-07 14:28:54,723 - INFO - Successful completion of dms2_bcsubamp
