2018-11-07 14:19:12,865 - INFO - Beginning execution of dms2_bcsubamp in directory /fh/fast/bloom_j/computational_notebooks/adingens/2017/EnvsAntigenicAtlas

2018-11-07 14:19:12,866 - INFO - Progress is being logged to ./results/codoncounts/BF520-PGT151-rep3.log
2018-11-07 14:19:12,873 - INFO - Version information:
	Time and date: Wed Nov  7 14:19:12 2018
	Platform: Linux-3.13.0-143-generic-x86_64-with-debian-jessie-sid
	Python version: 3.6.5 |Anaconda, Inc.| (default, Apr 29 2018, 16:14:56)  [GCC 7.2.0]
	dms_tools2 version: 2.3.0
	Bio version: 1.72
	HTSeq version: 0.11.0
	pandas version: 0.23.4
	numpy version: 1.15.1
	IPython version: 6.5.0
	jupyter version: 1.0.0
	matplotlib version: 3.0.0
	plotnine version: 0.5.0
	natsort version: 5.4.1
	pystan version: 2.16.0.0
	scipy version: 1.1.0
	seaborn version: 0.9.0
	phydmslib version: 2.3.1
	statsmodels version: 0.9.0
	rpy2 version: 2.9.1
	regex version: 2.4.148
	umi_tools version unknown

2018-11-07 14:19:12,873 - INFO - Parsed the following arguments:
	outdir = ./results/codoncounts
	ncpus = -1
	use_existing = no
	refseq = ./data/BF520_Env.fasta
	alignspecs = ['88,417,40,39', '418,753,39,35', '754,1092,36,39', '1093,1447,35,29', '1407,1758,35,32', '1759,2097,30,36']
	bclen = 8
	fastqdir = ./results/FASTQ_files/
	R2 = None
	R1trim = [205]
	R2trim = [212]
	bclen2 = None
	chartype = codon
	maxmuts = 4
	minq = 15
	minreads = 2
	minfraccall = 0.95
	minconcur = 0.75
	sitemask = None
	purgeread = 0
	purgebc = 0
	bcinfo = False
	name = BF520-PGT151-rep3
	R1 = ['BF520_PGT151-rep3_R1.fastq.gz']

2018-11-07 14:19:12,876 - INFO - Removing existing file ./results/codoncounts/BF520-PGT151-rep3_codoncounts.csv
2018-11-07 14:19:12,882 - INFO - Removing existing file ./results/codoncounts/BF520-PGT151-rep3_readstats.csv
2018-11-07 14:19:12,887 - INFO - Removing existing file ./results/codoncounts/BF520-PGT151-rep3_readsperbc.csv
2018-11-07 14:19:12,892 - INFO - Removing existing file ./results/codoncounts/BF520-PGT151-rep3_bcstats.csv
2018-11-07 14:19:12,922 - INFO - Read refseq of 2559 codons from ./data/BF520_Env.fasta
2018-11-07 14:19:12,923 - INFO - Reads are in these FASTQ pairs:
	./results/FASTQ_files/BF520_PGT151-rep3_R1.fastq.gz and ./results/FASTQ_files/BF520_PGT151-rep3_R2.fastq.gz

2018-11-07 14:19:12,923 - INFO - Now parsing read pairs...
2018-11-07 14:19:29,736 - INFO - Reads parsed so far: 500000
2018-11-07 14:19:43,133 - INFO - Reads parsed so far: 1000000
2018-11-07 14:19:56,008 - INFO - Reads parsed so far: 1500000
2018-11-07 14:20:09,729 - INFO - Reads parsed so far: 2000000
2018-11-07 14:20:23,443 - INFO - Reads parsed so far: 2500000
2018-11-07 14:20:36,758 - INFO - Reads parsed so far: 3000000
2018-11-07 14:20:50,787 - INFO - Reads parsed so far: 3500000
2018-11-07 14:21:04,523 - INFO - Reads parsed so far: 4000000
2018-11-07 14:21:19,273 - INFO - Reads parsed so far: 4500000
2018-11-07 14:21:21,966 - INFO - Parsed 4605584 reads, found 2625197 unique barcodes.
2018-11-07 14:21:21,973 - INFO - Summary stats on reads:
total  fail filter  low Q barcode
4605584            0         398532
2018-11-07 14:21:21,973 - INFO - Writing these stats to ./results/codoncounts/BF520-PGT151-rep3_readstats.csv

2018-11-07 14:21:23,100 - INFO - Number of reads per barcode:
                 number of barcodes
number of reads                    
1                           1613840
2                            625673
3                            256876
4                             89218
5                             28048
6                              8150
7                              2368
8                               720
9                               198
10                               69
11                               28
12                                7
13                                2
2018-11-07 14:21:23,100 - INFO - Writing these stats to ./results/codoncounts/BF520-PGT151-rep3_readsperbc.csv

2018-11-07 14:21:23,104 - INFO - Examining the 2625197 barcodes to build and align subamplicons...
2018-11-07 14:21:31,212 - INFO - Barcodes examined so far: 200000
2018-11-07 14:21:38,351 - INFO - Barcodes examined so far: 400000
2018-11-07 14:21:45,452 - INFO - Barcodes examined so far: 600000
2018-11-07 14:21:51,632 - INFO - Barcodes examined so far: 800000
2018-11-07 14:21:57,347 - INFO - Barcodes examined so far: 1000000
2018-11-07 14:22:02,664 - INFO - Barcodes examined so far: 1200000
2018-11-07 14:22:07,260 - INFO - Barcodes examined so far: 1400000
2018-11-07 14:22:10,993 - INFO - Barcodes examined so far: 1600000
2018-11-07 14:22:13,946 - INFO - Barcodes examined so far: 1800000
2018-11-07 14:22:15,757 - INFO - Barcodes examined so far: 2000000
2018-11-07 14:22:16,561 - INFO - Barcodes examined so far: 2200000
2018-11-07 14:22:28,362 - INFO - Barcodes examined so far: 2400000
2018-11-07 14:22:35,866 - INFO - Barcodes examined so far: 2600000
2018-11-07 14:22:36,028 - INFO - Examined all barcodes. Summary stats:
total  too few reads  not alignable  aligned
2625197        1613840         319837   691520
2018-11-07 14:22:36,028 - INFO - Writing these stats to ./results/codoncounts/BF520-PGT151-rep3_bcstats.csv

2018-11-07 14:22:36,050 - INFO - Writing the counts of each codon identity at each site to ./results/codoncounts/BF520-PGT151-rep3_codoncounts.csv

2018-11-07 14:22:36,114 - INFO - Successful completion of dms2_bcsubamp
