2018-11-09 10:00:04,883 - INFO - Beginning execution of dms2_bcsubamp in directory /fh/fast/bloom_j/computational_notebooks/adingens/2017/EnvsAntigenicAtlas

2018-11-09 10:00:04,883 - INFO - Progress is being logged to ./results/codoncounts/LAI-mut-virus-rep3.log
2018-11-09 10:00:04,889 - INFO - Version information:
	Time and date: Fri Nov  9 10:00:04 2018
	Platform: Linux-3.13.0-143-generic-x86_64-with-debian-jessie-sid
	Python version: 3.6.5 |Anaconda, Inc.| (default, Apr 29 2018, 16:14:56)  [GCC 7.2.0]
	dms_tools2 version: 2.3.0
	Bio version: 1.72
	HTSeq version: 0.11.0
	pandas version: 0.23.4
	numpy version: 1.15.1
	IPython version: 6.5.0
	jupyter version: 1.0.0
	matplotlib version: 3.0.0
	plotnine version: 0.5.0
	natsort version: 5.4.1
	pystan version: 2.16.0.0
	scipy version: 1.1.0
	seaborn version: 0.9.0
	phydmslib version: 2.3.1
	statsmodels version: 0.9.0
	rpy2 version: 2.9.1
	regex version: 2.4.148
	umi_tools version unknown

2018-11-09 10:00:04,889 - INFO - Parsed the following arguments:
	outdir = ./results/codoncounts
	ncpus = -1
	use_existing = no
	refseq = ./data/LAI_Env.fasta
	alignspecs = ['90,433,39,39', '421,769,38,35', '765,1116,35,33', '1117,1425,38,35', '1424,1779,35,33', '1780,2127,38,38']
	bclen = 8
	fastqdir = ./results/FASTQ_files/
	R2 = None
	R1trim = [231]
	R2trim = [191]
	bclen2 = None
	chartype = codon
	maxmuts = 4
	minq = 15
	minreads = 2
	minfraccall = 0.95
	minconcur = 0.75
	sitemask = None
	purgeread = 0
	purgebc = 0
	bcinfo = False
	name = LAI-mut-virus-rep3
	R1 = ['LAI-mut-virus-rep3_R1.fastq.gz']

2018-11-09 10:00:04,892 - INFO - Removing existing file ./results/codoncounts/LAI-mut-virus-rep3_codoncounts.csv
2018-11-09 10:00:04,917 - INFO - Removing existing file ./results/codoncounts/LAI-mut-virus-rep3_readstats.csv
2018-11-09 10:00:04,935 - INFO - Removing existing file ./results/codoncounts/LAI-mut-virus-rep3_readsperbc.csv
2018-11-09 10:00:04,945 - INFO - Removing existing file ./results/codoncounts/LAI-mut-virus-rep3_bcstats.csv
2018-11-09 10:00:04,972 - INFO - Read refseq of 2127 codons from ./data/LAI_Env.fasta
2018-11-09 10:00:04,974 - INFO - Reads are in these FASTQ pairs:
	./results/FASTQ_files/LAI-mut-virus-rep3_R1.fastq.gz and ./results/FASTQ_files/LAI-mut-virus-rep3_R2.fastq.gz

2018-11-09 10:00:04,974 - INFO - Now parsing read pairs...
2018-11-09 10:00:22,244 - INFO - Reads parsed so far: 500000
2018-11-09 10:00:37,478 - INFO - Reads parsed so far: 1000000
2018-11-09 10:00:53,031 - INFO - Reads parsed so far: 1500000
2018-11-09 10:01:06,767 - INFO - Reads parsed so far: 2000000
2018-11-09 10:01:21,327 - INFO - Reads parsed so far: 2500000
2018-11-09 10:01:34,615 - INFO - Reads parsed so far: 3000000
2018-11-09 10:01:49,119 - INFO - Reads parsed so far: 3500000
2018-11-09 10:02:02,067 - INFO - Reads parsed so far: 4000000
2018-11-09 10:02:15,071 - INFO - Reads parsed so far: 4500000
2018-11-09 10:02:28,226 - INFO - Reads parsed so far: 5000000
2018-11-09 10:02:43,057 - INFO - Reads parsed so far: 5500000
2018-11-09 10:02:57,666 - INFO - Reads parsed so far: 6000000
2018-11-09 10:03:11,705 - INFO - Reads parsed so far: 6500000
2018-11-09 10:03:25,280 - INFO - Reads parsed so far: 7000000
2018-11-09 10:03:43,385 - INFO - Reads parsed so far: 7500000
2018-11-09 10:03:56,366 - INFO - Reads parsed so far: 8000000
2018-11-09 10:04:09,003 - INFO - Reads parsed so far: 8500000
2018-11-09 10:04:22,090 - INFO - Reads parsed so far: 9000000
2018-11-09 10:04:35,137 - INFO - Reads parsed so far: 9500000
2018-11-09 10:04:45,529 - INFO - Parsed 9885183 reads, found 4046189 unique barcodes.
2018-11-09 10:04:45,545 - INFO - Summary stats on reads:
total  fail filter  low Q barcode
9885183            0         624842
2018-11-09 10:04:45,545 - INFO - Writing these stats to ./results/codoncounts/LAI-mut-virus-rep3_readstats.csv

2018-11-09 10:04:47,146 - INFO - Number of reads per barcode:
                 number of barcodes
number of reads                    
1                           1465053
2                           1116126
3                            757102
4                            411399
5                            186670
6                             72635
7                             25544
8                              8199
9                              2442
10                              730
11                              210
12                               51
13                               18
14                               10
2018-11-09 10:04:47,147 - INFO - Writing these stats to ./results/codoncounts/LAI-mut-virus-rep3_readsperbc.csv

2018-11-09 10:04:47,152 - INFO - Examining the 4046189 barcodes to build and align subamplicons...
2018-11-09 10:04:59,842 - INFO - Barcodes examined so far: 200000
2018-11-09 10:05:11,692 - INFO - Barcodes examined so far: 400000
2018-11-09 10:05:23,017 - INFO - Barcodes examined so far: 600000
2018-11-09 10:05:33,561 - INFO - Barcodes examined so far: 800000
2018-11-09 10:05:44,336 - INFO - Barcodes examined so far: 1000000
2018-11-09 10:06:00,168 - INFO - Barcodes examined so far: 1200000
2018-11-09 10:06:09,377 - INFO - Barcodes examined so far: 1400000
2018-11-09 10:06:18,067 - INFO - Barcodes examined so far: 1600000
2018-11-09 10:06:24,760 - INFO - Barcodes examined so far: 1800000
2018-11-09 10:06:28,777 - INFO - Barcodes examined so far: 2000000
2018-11-09 10:06:36,074 - INFO - Barcodes examined so far: 2200000
2018-11-09 10:06:47,631 - INFO - Barcodes examined so far: 2400000
2018-11-09 10:06:59,598 - INFO - Barcodes examined so far: 2600000
2018-11-09 10:07:11,339 - INFO - Barcodes examined so far: 2800000
2018-11-09 10:07:22,408 - INFO - Barcodes examined so far: 3000000
2018-11-09 10:07:32,200 - INFO - Barcodes examined so far: 3200000
2018-11-09 10:07:41,281 - INFO - Barcodes examined so far: 3400000
2018-11-09 10:07:48,775 - INFO - Barcodes examined so far: 3600000
2018-11-09 10:07:54,485 - INFO - Barcodes examined so far: 3800000
2018-11-09 10:07:57,362 - INFO - Barcodes examined so far: 4000000
2018-11-09 10:07:57,580 - INFO - Examined all barcodes. Summary stats:
total  too few reads  not alignable  aligned
4046189        1465053         388748  2192388
2018-11-09 10:07:57,580 - INFO - Writing these stats to ./results/codoncounts/LAI-mut-virus-rep3_bcstats.csv

2018-11-09 10:07:57,618 - INFO - Writing the counts of each codon identity at each site to ./results/codoncounts/LAI-mut-virus-rep3_codoncounts.csv

2018-11-09 10:07:58,143 - INFO - Successful completion of dms2_bcsubamp
