2018-11-09 10:00:04,907 - INFO - Beginning execution of dms2_bcsubamp in directory /fh/fast/bloom_j/computational_notebooks/adingens/2017/EnvsAntigenicAtlas

2018-11-09 10:00:04,907 - INFO - Progress is being logged to ./results/codoncounts/LAI-mut-virus-rep2.log
2018-11-09 10:00:04,914 - INFO - Version information:
	Time and date: Fri Nov  9 10:00:04 2018
	Platform: Linux-3.13.0-143-generic-x86_64-with-debian-jessie-sid
	Python version: 3.6.5 |Anaconda, Inc.| (default, Apr 29 2018, 16:14:56)  [GCC 7.2.0]
	dms_tools2 version: 2.3.0
	Bio version: 1.72
	HTSeq version: 0.11.0
	pandas version: 0.23.4
	numpy version: 1.15.1
	IPython version: 6.5.0
	jupyter version: 1.0.0
	matplotlib version: 3.0.0
	plotnine version: 0.5.0
	natsort version: 5.4.1
	pystan version: 2.16.0.0
	scipy version: 1.1.0
	seaborn version: 0.9.0
	phydmslib version: 2.3.1
	statsmodels version: 0.9.0
	rpy2 version: 2.9.1
	regex version: 2.4.148
	umi_tools version unknown

2018-11-09 10:00:04,914 - INFO - Parsed the following arguments:
	outdir = ./results/codoncounts
	ncpus = -1
	use_existing = no
	refseq = ./data/LAI_Env.fasta
	alignspecs = ['90,433,39,39', '421,769,38,35', '765,1116,35,33', '1117,1425,38,35', '1424,1779,35,33', '1780,2127,38,38']
	bclen = 8
	fastqdir = ./results/FASTQ_files/
	R2 = None
	R1trim = [231]
	R2trim = [191]
	bclen2 = None
	chartype = codon
	maxmuts = 4
	minq = 15
	minreads = 2
	minfraccall = 0.95
	minconcur = 0.75
	sitemask = None
	purgeread = 0
	purgebc = 0
	bcinfo = False
	name = LAI-mut-virus-rep2
	R1 = ['LAI-mut-virus-rep2_R1.fastq.gz']

2018-11-09 10:00:04,917 - INFO - Removing existing file ./results/codoncounts/LAI-mut-virus-rep2_codoncounts.csv
2018-11-09 10:00:04,935 - INFO - Removing existing file ./results/codoncounts/LAI-mut-virus-rep2_readstats.csv
2018-11-09 10:00:04,949 - INFO - Removing existing file ./results/codoncounts/LAI-mut-virus-rep2_readsperbc.csv
2018-11-09 10:00:04,963 - INFO - Removing existing file ./results/codoncounts/LAI-mut-virus-rep2_bcstats.csv
2018-11-09 10:00:05,003 - INFO - Read refseq of 2127 codons from ./data/LAI_Env.fasta
2018-11-09 10:00:05,009 - INFO - Reads are in these FASTQ pairs:
	./results/FASTQ_files/LAI-mut-virus-rep2_R1.fastq.gz and ./results/FASTQ_files/LAI-mut-virus-rep2_R2.fastq.gz

2018-11-09 10:00:05,009 - INFO - Now parsing read pairs...
2018-11-09 10:00:20,504 - INFO - Reads parsed so far: 500000
2018-11-09 10:00:34,724 - INFO - Reads parsed so far: 1000000
2018-11-09 10:00:49,221 - INFO - Reads parsed so far: 1500000
2018-11-09 10:01:02,989 - INFO - Reads parsed so far: 2000000
2018-11-09 10:01:19,217 - INFO - Reads parsed so far: 2500000
2018-11-09 10:01:33,206 - INFO - Reads parsed so far: 3000000
2018-11-09 10:01:48,454 - INFO - Reads parsed so far: 3500000
2018-11-09 10:01:51,399 - INFO - Parsed 3618904 reads, found 2115166 unique barcodes.
2018-11-09 10:01:51,411 - INFO - Summary stats on reads:
total  fail filter  low Q barcode
3618904            0         466531
2018-11-09 10:01:51,411 - INFO - Writing these stats to ./results/codoncounts/LAI-mut-virus-rep2_readstats.csv

2018-11-09 10:01:52,247 - INFO - Number of reads per barcode:
                 number of barcodes
number of reads                    
1                           1368856
2                            524396
3                            167368
4                             42814
5                              9480
6                              1874
7                               315
8                                54
9                                 7
10                                1
11                                1
2018-11-09 10:01:52,247 - INFO - Writing these stats to ./results/codoncounts/LAI-mut-virus-rep2_readsperbc.csv

2018-11-09 10:01:52,261 - INFO - Examining the 2115166 barcodes to build and align subamplicons...
2018-11-09 10:02:00,383 - INFO - Barcodes examined so far: 200000
2018-11-09 10:02:07,845 - INFO - Barcodes examined so far: 400000
2018-11-09 10:02:14,704 - INFO - Barcodes examined so far: 600000
2018-11-09 10:02:20,960 - INFO - Barcodes examined so far: 800000
2018-11-09 10:02:26,597 - INFO - Barcodes examined so far: 1000000
2018-11-09 10:02:31,633 - INFO - Barcodes examined so far: 1200000
2018-11-09 10:02:36,203 - INFO - Barcodes examined so far: 1400000
2018-11-09 10:02:39,632 - INFO - Barcodes examined so far: 1600000
2018-11-09 10:02:42,149 - INFO - Barcodes examined so far: 1800000
2018-11-09 10:02:43,624 - INFO - Barcodes examined so far: 2000000
2018-11-09 10:02:43,923 - INFO - Examined all barcodes. Summary stats:
total  too few reads  not alignable  aligned
2115166        1368856         136476   609834
2018-11-09 10:02:43,923 - INFO - Writing these stats to ./results/codoncounts/LAI-mut-virus-rep2_bcstats.csv

2018-11-09 10:02:43,955 - INFO - Writing the counts of each codon identity at each site to ./results/codoncounts/LAI-mut-virus-rep2_codoncounts.csv

2018-11-09 10:02:44,025 - INFO - Successful completion of dms2_bcsubamp
