2018-11-09 10:00:04,773 - INFO - Beginning execution of dms2_bcsubamp in directory /fh/fast/bloom_j/computational_notebooks/adingens/2017/EnvsAntigenicAtlas

2018-11-09 10:00:04,773 - INFO - Progress is being logged to ./results/codoncounts/LAI-mut-virus-rep2-VRC01-14ug.log
2018-11-09 10:00:04,779 - INFO - Version information:
	Time and date: Fri Nov  9 10:00:04 2018
	Platform: Linux-3.13.0-143-generic-x86_64-with-debian-jessie-sid
	Python version: 3.6.5 |Anaconda, Inc.| (default, Apr 29 2018, 16:14:56)  [GCC 7.2.0]
	dms_tools2 version: 2.3.0
	Bio version: 1.72
	HTSeq version: 0.11.0
	pandas version: 0.23.4
	numpy version: 1.15.1
	IPython version: 6.5.0
	jupyter version: 1.0.0
	matplotlib version: 3.0.0
	plotnine version: 0.5.0
	natsort version: 5.4.1
	pystan version: 2.16.0.0
	scipy version: 1.1.0
	seaborn version: 0.9.0
	phydmslib version: 2.3.1
	statsmodels version: 0.9.0
	rpy2 version: 2.9.1
	regex version: 2.4.148
	umi_tools version unknown

2018-11-09 10:00:04,779 - INFO - Parsed the following arguments:
	outdir = ./results/codoncounts
	ncpus = -1
	use_existing = no
	refseq = ./data/LAI_Env.fasta
	alignspecs = ['90,433,39,39', '421,769,38,35', '765,1116,35,33', '1117,1425,38,35', '1424,1779,35,33', '1780,2127,38,38']
	bclen = 8
	fastqdir = ./results/FASTQ_files/
	R2 = None
	R1trim = [231]
	R2trim = [191]
	bclen2 = None
	chartype = codon
	maxmuts = 4
	minq = 15
	minreads = 2
	minfraccall = 0.95
	minconcur = 0.75
	sitemask = None
	purgeread = 0
	purgebc = 0
	bcinfo = False
	name = LAI-mut-virus-rep2-VRC01-14ug
	R1 = ['LAI-mut-virus-rep2-VRC01-14ug_R1.fastq.gz']

2018-11-09 10:00:04,781 - INFO - Removing existing file ./results/codoncounts/LAI-mut-virus-rep2-VRC01-14ug_codoncounts.csv
2018-11-09 10:00:04,796 - INFO - Removing existing file ./results/codoncounts/LAI-mut-virus-rep2-VRC01-14ug_readstats.csv
2018-11-09 10:00:04,809 - INFO - Removing existing file ./results/codoncounts/LAI-mut-virus-rep2-VRC01-14ug_readsperbc.csv
2018-11-09 10:00:04,818 - INFO - Removing existing file ./results/codoncounts/LAI-mut-virus-rep2-VRC01-14ug_bcstats.csv
2018-11-09 10:00:04,849 - INFO - Read refseq of 2127 codons from ./data/LAI_Env.fasta
2018-11-09 10:00:04,850 - INFO - Reads are in these FASTQ pairs:
	./results/FASTQ_files/LAI-mut-virus-rep2-VRC01-14ug_R1.fastq.gz and ./results/FASTQ_files/LAI-mut-virus-rep2-VRC01-14ug_R2.fastq.gz

2018-11-09 10:00:04,850 - INFO - Now parsing read pairs...
2018-11-09 10:00:21,030 - INFO - Reads parsed so far: 500000
2018-11-09 10:00:35,257 - INFO - Reads parsed so far: 1000000
2018-11-09 10:00:48,327 - INFO - Reads parsed so far: 1500000
2018-11-09 10:01:02,191 - INFO - Reads parsed so far: 2000000
2018-11-09 10:01:09,011 - INFO - Parsed 2272969 reads, found 1131174 unique barcodes.
2018-11-09 10:01:09,024 - INFO - Summary stats on reads:
total  fail filter  low Q barcode
2272969            0         290169
2018-11-09 10:01:09,024 - INFO - Writing these stats to ./results/codoncounts/LAI-mut-virus-rep2-VRC01-14ug_readstats.csv

2018-11-09 10:01:09,496 - INFO - Number of reads per barcode:
                 number of barcodes
number of reads                    
1                            612256
2                            298412
3                            141296
4                             54707
5                             17969
6                              5021
7                              1149
8                               294
9                                63
10                                6
11                                1
2018-11-09 10:01:09,496 - INFO - Writing these stats to ./results/codoncounts/LAI-mut-virus-rep2-VRC01-14ug_readsperbc.csv

2018-11-09 10:01:09,500 - INFO - Examining the 1131174 barcodes to build and align subamplicons...
2018-11-09 10:01:19,373 - INFO - Barcodes examined so far: 200000
2018-11-09 10:01:28,313 - INFO - Barcodes examined so far: 400000
2018-11-09 10:01:35,842 - INFO - Barcodes examined so far: 600000
2018-11-09 10:01:41,734 - INFO - Barcodes examined so far: 800000
2018-11-09 10:01:45,501 - INFO - Barcodes examined so far: 1000000
2018-11-09 10:01:46,388 - INFO - Examined all barcodes. Summary stats:
total  too few reads  not alignable  aligned
1131174         612256          89533   429385
2018-11-09 10:01:46,388 - INFO - Writing these stats to ./results/codoncounts/LAI-mut-virus-rep2-VRC01-14ug_bcstats.csv

2018-11-09 10:01:46,420 - INFO - Writing the counts of each codon identity at each site to ./results/codoncounts/LAI-mut-virus-rep2-VRC01-14ug_codoncounts.csv

2018-11-09 10:01:46,482 - INFO - Successful completion of dms2_bcsubamp
