2018-08-23 10:50:15,583 - INFO - Beginning execution of dms2_bcsubamp in directory /fh/fast/bloom_j/computational_notebooks/adingens/2017/EnvsAntigenicAtlas

2018-08-23 10:50:15,584 - INFO - Progress is being logged to ./results/codoncounts/mut-DNA-rep2.log
2018-08-23 10:50:20,333 - INFO - Version information:
	Time and date: Thu Aug 23 10:50:15 2018
	Platform: Linux-3.13.0-143-generic-x86_64-with-debian-jessie-sid
	Python version: 3.6.5 |Anaconda, Inc.| (default, Apr 29 2018, 16:14:56)  [GCC 7.2.0]
	dms_tools2 version: 2.2.8
	Bio version: 1.72
	HTSeq version: 0.10.0
	pandas version: 0.23.3
	numpy version: 1.15.0
	IPython version: 6.4.0
	jupyter version: 1.0.0
	matplotlib version: 2.2.2
	plotnine version: 0.3.0
	natsort version: 5.3.3
	pystan version: 2.16.0.0
	scipy version: 1.1.0
	seaborn version: 0.9.0
	phydmslib version: 2.3.1
	statsmodels version: 0.9.0
	rpy2 version: 2.9.1

2018-08-23 10:50:20,334 - INFO - Parsed the following arguments:
	outdir = ./results/codoncounts
	ncpus = -1
	use_existing = yes
	refseq = ./data/BG505.W6.C2.T332N_env.fasta
	alignspecs = ['87,375,39,36', '376,666,36,39', '663,954,33,41', '955,1228,33,37', '1228,1527,34,35', '1527,1815,32,39', '1816,2098,36,41']
	bclen = 8
	fastqdir = ./results/FASTQ_files/
	R2 = None
	R1trim = [200]
	R2trim = [170]
	bclen2 = None
	chartype = codon
	maxmuts = 4
	minq = 15
	minreads = 2
	minfraccall = 0.95
	minconcur = 0.75
	sitemask = None
	purgeread = 0
	purgebc = 0
	bcinfo = False
	name = mut-DNA-rep2
	R1 = ['BG505_mut-DNA-rep2_R1.fastq.gz']

2018-08-23 10:50:20,369 - INFO - Read refseq of 2583 codons from ./data/BG505.W6.C2.T332N_env.fasta
2018-08-23 10:50:20,370 - INFO - Reads are in these FASTQ pairs:
	./results/FASTQ_files/BG505_mut-DNA-rep2_R1.fastq.gz and ./results/FASTQ_files/BG505_mut-DNA-rep2_R2.fastq.gz

2018-08-23 10:50:20,370 - INFO - Now parsing read pairs...
2018-08-23 10:50:32,209 - INFO - Reads parsed so far: 500000
2018-08-23 10:50:44,186 - INFO - Reads parsed so far: 1000000
2018-08-23 10:50:55,436 - INFO - Reads parsed so far: 1500000
2018-08-23 10:51:06,868 - INFO - Reads parsed so far: 2000000
2018-08-23 10:51:18,443 - INFO - Reads parsed so far: 2500000
2018-08-23 10:51:30,076 - INFO - Reads parsed so far: 3000000
2018-08-23 10:51:40,784 - INFO - Reads parsed so far: 3500000
2018-08-23 10:51:52,982 - INFO - Reads parsed so far: 4000000
2018-08-23 10:52:03,786 - INFO - Reads parsed so far: 4500000
2018-08-23 10:52:16,184 - INFO - Reads parsed so far: 5000000
2018-08-23 10:52:26,906 - INFO - Reads parsed so far: 5500000
2018-08-23 10:52:37,671 - INFO - Reads parsed so far: 6000000
2018-08-23 10:52:50,818 - INFO - Reads parsed so far: 6500000
2018-08-23 10:53:01,607 - INFO - Reads parsed so far: 7000000
2018-08-23 10:53:12,352 - INFO - Reads parsed so far: 7500000
2018-08-23 10:53:23,077 - INFO - Reads parsed so far: 8000000
2018-08-23 10:53:33,889 - INFO - Reads parsed so far: 8500000
2018-08-23 10:53:47,979 - INFO - Reads parsed so far: 9000000
2018-08-23 10:53:58,969 - INFO - Reads parsed so far: 9500000
2018-08-23 10:54:09,761 - INFO - Reads parsed so far: 10000000
2018-08-23 10:54:20,587 - INFO - Reads parsed so far: 10500000
2018-08-23 10:54:31,428 - INFO - Reads parsed so far: 11000000
2018-08-23 10:54:42,269 - INFO - Reads parsed so far: 11500000
2018-08-23 10:54:53,121 - INFO - Reads parsed so far: 12000000
2018-08-23 10:55:08,905 - INFO - Reads parsed so far: 12500000
2018-08-23 10:55:19,819 - INFO - Reads parsed so far: 13000000
2018-08-23 10:55:30,780 - INFO - Reads parsed so far: 13500000
2018-08-23 10:55:41,608 - INFO - Reads parsed so far: 14000000
2018-08-23 10:55:52,455 - INFO - Reads parsed so far: 14500000
2018-08-23 10:56:03,363 - INFO - Reads parsed so far: 15000000
2018-08-23 10:56:14,347 - INFO - Reads parsed so far: 15500000
2018-08-23 10:56:25,313 - INFO - Reads parsed so far: 16000000
2018-08-23 10:56:36,199 - INFO - Reads parsed so far: 16500000
2018-08-23 10:56:47,048 - INFO - Reads parsed so far: 17000000
2018-08-23 10:57:04,831 - INFO - Reads parsed so far: 17500000
2018-08-23 10:57:16,145 - INFO - Reads parsed so far: 18000000
2018-08-23 10:57:18,814 - INFO - Parsed 18116240 reads, found 8593229 unique barcodes.
2018-08-23 10:57:18,819 - INFO - Summary stats on reads:
total  fail filter  low Q barcode
18116240            0        1963803
2018-08-23 10:57:18,819 - INFO - Writing these stats to ./results/codoncounts/mut-DNA-rep2_readstats.csv

2018-08-23 10:57:21,669 - INFO - Number of reads per barcode:
                 number of barcodes
number of reads                    
1                           4830430
2                           1659894
3                           1086369
4                            585143
5                            267875
6                            107388
7                             38140
8                             12451
9                              3895
10                             1172
11                              334
12                              111
13                               17
14                                7
15                                2
119                               1
2018-08-23 10:57:21,669 - INFO - Writing these stats to ./results/codoncounts/mut-DNA-rep2_readsperbc.csv

2018-08-23 10:57:21,676 - INFO - Examining the 8593229 barcodes to build and align subamplicons...
2018-08-23 10:57:30,314 - INFO - Barcodes examined so far: 200000
2018-08-23 10:57:38,791 - INFO - Barcodes examined so far: 400000
2018-08-23 10:57:47,124 - INFO - Barcodes examined so far: 600000
2018-08-23 10:57:55,318 - INFO - Barcodes examined so far: 800000
2018-08-23 10:58:03,328 - INFO - Barcodes examined so far: 1000000
2018-08-23 10:58:11,230 - INFO - Barcodes examined so far: 1200000
2018-08-23 10:58:18,942 - INFO - Barcodes examined so far: 1400000
2018-08-23 10:58:26,504 - INFO - Barcodes examined so far: 1600000
2018-08-23 10:58:33,763 - INFO - Barcodes examined so far: 1800000
2018-08-23 10:58:41,077 - INFO - Barcodes examined so far: 2000000
2018-08-23 10:58:48,291 - INFO - Barcodes examined so far: 2200000
2018-08-23 10:58:55,393 - INFO - Barcodes examined so far: 2400000
2018-08-23 10:59:02,299 - INFO - Barcodes examined so far: 2600000
2018-08-23 10:59:09,086 - INFO - Barcodes examined so far: 2800000
2018-08-23 10:59:15,708 - INFO - Barcodes examined so far: 3000000
2018-08-23 10:59:21,954 - INFO - Barcodes examined so far: 3200000
2018-08-23 10:59:28,298 - INFO - Barcodes examined so far: 3400000
2018-08-23 10:59:34,546 - INFO - Barcodes examined so far: 3600000
2018-08-23 10:59:40,664 - INFO - Barcodes examined so far: 3800000
2018-08-23 10:59:46,634 - INFO - Barcodes examined so far: 4000000
2018-08-23 10:59:52,390 - INFO - Barcodes examined so far: 4200000
2018-08-23 10:59:57,935 - INFO - Barcodes examined so far: 4400000
2018-08-23 11:00:03,239 - INFO - Barcodes examined so far: 4600000
2018-08-23 11:00:08,411 - INFO - Barcodes examined so far: 4800000
2018-08-23 11:00:13,329 - INFO - Barcodes examined so far: 5000000
2018-08-23 11:00:17,954 - INFO - Barcodes examined so far: 5200000
2018-08-23 11:00:22,383 - INFO - Barcodes examined so far: 5400000
2018-08-23 11:00:26,506 - INFO - Barcodes examined so far: 5600000
2018-08-23 11:00:30,454 - INFO - Barcodes examined so far: 5800000
2018-08-23 11:00:34,206 - INFO - Barcodes examined so far: 6000000
2018-08-23 11:00:37,719 - INFO - Barcodes examined so far: 6200000
2018-08-23 11:00:40,930 - INFO - Barcodes examined so far: 6400000
2018-08-23 11:00:43,916 - INFO - Barcodes examined so far: 6600000
2018-08-23 11:00:46,701 - INFO - Barcodes examined so far: 6800000
2018-08-23 11:00:49,184 - INFO - Barcodes examined so far: 7000000
2018-08-23 11:00:51,337 - INFO - Barcodes examined so far: 7200000
2018-08-23 11:00:53,328 - INFO - Barcodes examined so far: 7400000
2018-08-23 11:00:55,016 - INFO - Barcodes examined so far: 7600000
2018-08-23 11:00:56,450 - INFO - Barcodes examined so far: 7800000
2018-08-23 11:00:57,553 - INFO - Barcodes examined so far: 8000000
2018-08-23 11:00:58,387 - INFO - Barcodes examined so far: 8200000
2018-08-23 11:00:58,917 - INFO - Barcodes examined so far: 8400000
2018-08-23 11:00:59,153 - INFO - Examined all barcodes. Summary stats:
total  too few reads  not alignable  aligned
8593229        4830430        1381408  2381391
2018-08-23 11:00:59,153 - INFO - Writing these stats to ./results/codoncounts/mut-DNA-rep2_bcstats.csv

2018-08-23 11:00:59,174 - INFO - Writing the counts of each codon identity at each site to ./results/codoncounts/mut-DNA-rep2_codoncounts.csv

2018-08-23 11:00:59,223 - INFO - Successful completion of dms2_bcsubamp
