2018-08-23 10:57:54,407 - INFO - Beginning execution of dms2_bcsubamp in directory /fh/fast/bloom_j/computational_notebooks/adingens/2017/EnvsAntigenicAtlas

2018-08-23 10:57:54,408 - INFO - Progress is being logged to ./results/codoncounts/mut-virus-rep2b-101074-4ug.log
2018-08-23 10:57:59,685 - INFO - Version information:
	Time and date: Thu Aug 23 10:57:54 2018
	Platform: Linux-3.13.0-143-generic-x86_64-with-debian-jessie-sid
	Python version: 3.6.5 |Anaconda, Inc.| (default, Apr 29 2018, 16:14:56)  [GCC 7.2.0]
	dms_tools2 version: 2.2.8
	Bio version: 1.72
	HTSeq version: 0.10.0
	pandas version: 0.23.3
	numpy version: 1.15.0
	IPython version: 6.4.0
	jupyter version: 1.0.0
	matplotlib version: 2.2.2
	plotnine version: 0.3.0
	natsort version: 5.3.3
	pystan version: 2.16.0.0
	scipy version: 1.1.0
	seaborn version: 0.9.0
	phydmslib version: 2.3.1
	statsmodels version: 0.9.0
	rpy2 version: 2.9.1

2018-08-23 10:57:59,686 - INFO - Parsed the following arguments:
	outdir = ./results/codoncounts
	ncpus = -1
	use_existing = yes
	refseq = ./data/BG505.W6.C2.T332N_env.fasta
	alignspecs = ['87,375,39,36', '376,666,36,39', '663,954,33,41', '955,1228,33,37', '1228,1527,34,35', '1527,1815,32,39', '1816,2098,36,41']
	bclen = 8
	fastqdir = ./results/FASTQ_files/
	R2 = None
	R1trim = [200]
	R2trim = [170]
	bclen2 = None
	chartype = codon
	maxmuts = 4
	minq = 15
	minreads = 2
	minfraccall = 0.95
	minconcur = 0.75
	sitemask = None
	purgeread = 0
	purgebc = 0
	bcinfo = False
	name = mut-virus-rep2b-101074-4ug
	R1 = ['BG505_mut-virus-rep2b-101074-4ug_R1.fastq.gz']

2018-08-23 10:57:59,734 - INFO - Read refseq of 2583 codons from ./data/BG505.W6.C2.T332N_env.fasta
2018-08-23 10:57:59,736 - INFO - Reads are in these FASTQ pairs:
	./results/FASTQ_files/BG505_mut-virus-rep2b-101074-4ug_R1.fastq.gz and ./results/FASTQ_files/BG505_mut-virus-rep2b-101074-4ug_R2.fastq.gz

2018-08-23 10:57:59,736 - INFO - Now parsing read pairs...
2018-08-23 10:58:11,676 - INFO - Reads parsed so far: 500000
2018-08-23 10:58:23,050 - INFO - Reads parsed so far: 1000000
2018-08-23 10:58:34,003 - INFO - Reads parsed so far: 1500000
2018-08-23 10:58:45,027 - INFO - Reads parsed so far: 2000000
2018-08-23 10:58:55,544 - INFO - Reads parsed so far: 2500000
2018-08-23 10:59:06,937 - INFO - Reads parsed so far: 3000000
2018-08-23 10:59:17,301 - INFO - Reads parsed so far: 3500000
2018-08-23 10:59:27,616 - INFO - Reads parsed so far: 4000000
2018-08-23 10:59:39,372 - INFO - Reads parsed so far: 4500000
2018-08-23 10:59:49,843 - INFO - Reads parsed so far: 5000000
2018-08-23 11:00:00,029 - INFO - Reads parsed so far: 5500000
2018-08-23 11:00:01,433 - INFO - Parsed 5568735 reads, found 2024810 unique barcodes.
2018-08-23 11:00:01,442 - INFO - Summary stats on reads:
total  fail filter  low Q barcode
5568735            0         396286
2018-08-23 11:00:01,442 - INFO - Writing these stats to ./results/codoncounts/mut-virus-rep2b-101074-4ug_readstats.csv

2018-08-23 11:00:02,133 - INFO - Number of reads per barcode:
                 number of barcodes
number of reads                    
1                            760095
2                            401708
3                            344536
4                            242969
5                            143613
6                             74432
7                             34343
8                             14433
9                              5579
10                             2003
11                              710
12                              260
13                               85
14                               25
15                                7
16                                7
17                                3
18                                1
20                                1
2018-08-23 11:00:02,133 - INFO - Writing these stats to ./results/codoncounts/mut-virus-rep2b-101074-4ug_readsperbc.csv

2018-08-23 11:00:02,138 - INFO - Examining the 2024810 barcodes to build and align subamplicons...
2018-08-23 11:00:12,610 - INFO - Barcodes examined so far: 200000
2018-08-23 11:00:22,615 - INFO - Barcodes examined so far: 400000
2018-08-23 11:00:32,370 - INFO - Barcodes examined so far: 600000
2018-08-23 11:00:41,565 - INFO - Barcodes examined so far: 800000
2018-08-23 11:00:50,162 - INFO - Barcodes examined so far: 1000000
2018-08-23 11:00:57,874 - INFO - Barcodes examined so far: 1200000
2018-08-23 11:01:04,317 - INFO - Barcodes examined so far: 1400000
2018-08-23 11:01:09,147 - INFO - Barcodes examined so far: 1600000
2018-08-23 11:01:11,413 - INFO - Barcodes examined so far: 1800000
2018-08-23 11:01:18,889 - INFO - Barcodes examined so far: 2000000
2018-08-23 11:01:19,349 - INFO - Examined all barcodes. Summary stats:
total  too few reads  not alignable  aligned
2024810         760095         132073  1132642
2018-08-23 11:01:19,349 - INFO - Writing these stats to ./results/codoncounts/mut-virus-rep2b-101074-4ug_bcstats.csv

2018-08-23 11:01:19,371 - INFO - Writing the counts of each codon identity at each site to ./results/codoncounts/mut-virus-rep2b-101074-4ug_codoncounts.csv

2018-08-23 11:01:19,419 - INFO - Successful completion of dms2_bcsubamp
