2018-08-23 11:02:19,061 - INFO - Beginning execution of dms2_bcsubamp in directory /fh/fast/bloom_j/computational_notebooks/adingens/2017/EnvsAntigenicAtlas

2018-08-23 11:02:19,061 - INFO - Progress is being logged to ./results/codoncounts/mut-virus-rep3b.log
2018-08-23 11:02:22,335 - INFO - Version information:
	Time and date: Thu Aug 23 11:02:19 2018
	Platform: Linux-3.13.0-143-generic-x86_64-with-debian-jessie-sid
	Python version: 3.6.5 |Anaconda, Inc.| (default, Apr 29 2018, 16:14:56)  [GCC 7.2.0]
	dms_tools2 version: 2.2.8
	Bio version: 1.72
	HTSeq version: 0.10.0
	pandas version: 0.23.3
	numpy version: 1.15.0
	IPython version: 6.4.0
	jupyter version: 1.0.0
	matplotlib version: 2.2.2
	plotnine version: 0.3.0
	natsort version: 5.3.3
	pystan version: 2.16.0.0
	scipy version: 1.1.0
	seaborn version: 0.9.0
	phydmslib version: 2.3.1
	statsmodels version: 0.9.0
	rpy2 version: 2.9.1

2018-08-23 11:02:22,336 - INFO - Parsed the following arguments:
	outdir = ./results/codoncounts
	ncpus = -1
	use_existing = yes
	refseq = ./data/BG505.W6.C2.T332N_env.fasta
	alignspecs = ['87,375,39,36', '376,666,36,39', '663,954,33,41', '955,1228,33,37', '1228,1527,34,35', '1527,1815,32,39', '1816,2098,36,41']
	bclen = 8
	fastqdir = ./results/FASTQ_files/
	R2 = None
	R1trim = [200]
	R2trim = [170]
	bclen2 = None
	chartype = codon
	maxmuts = 4
	minq = 15
	minreads = 2
	minfraccall = 0.95
	minconcur = 0.75
	sitemask = None
	purgeread = 0
	purgebc = 0
	bcinfo = False
	name = mut-virus-rep3b
	R1 = ['BG505_mut-virus-rep3b_R1.fastq.gz']

2018-08-23 11:02:22,381 - INFO - Read refseq of 2583 codons from ./data/BG505.W6.C2.T332N_env.fasta
2018-08-23 11:02:22,383 - INFO - Reads are in these FASTQ pairs:
	./results/FASTQ_files/BG505_mut-virus-rep3b_R1.fastq.gz and ./results/FASTQ_files/BG505_mut-virus-rep3b_R2.fastq.gz

2018-08-23 11:02:22,383 - INFO - Now parsing read pairs...
2018-08-23 11:02:33,845 - INFO - Reads parsed so far: 500000
2018-08-23 11:02:45,076 - INFO - Reads parsed so far: 1000000
2018-08-23 11:02:56,225 - INFO - Reads parsed so far: 1500000
2018-08-23 11:03:06,600 - INFO - Reads parsed so far: 2000000
2018-08-23 11:03:17,889 - INFO - Reads parsed so far: 2500000
2018-08-23 11:03:28,250 - INFO - Reads parsed so far: 3000000
2018-08-23 11:03:38,524 - INFO - Reads parsed so far: 3500000
2018-08-23 11:03:49,123 - INFO - Reads parsed so far: 4000000
2018-08-23 11:03:59,604 - INFO - Reads parsed so far: 4500000
2018-08-23 11:04:01,100 - INFO - Parsed 4571582 reads, found 1005555 unique barcodes.
2018-08-23 11:04:01,106 - INFO - Summary stats on reads:
total  fail filter  low Q barcode
4571582            0         525766
2018-08-23 11:04:01,106 - INFO - Writing these stats to ./results/codoncounts/mut-virus-rep3b_readstats.csv

2018-08-23 11:04:01,462 - INFO - Number of reads per barcode:
                 number of barcodes
number of reads                    
1                            206536
2                            115492
3                            141224
4                            146557
5                            131125
6                            101200
7                             69442
8                             43839
9                             24871
10                            13110
11                             6529
12                             3159
13                             1392
14                              611
15                              227
16                              135
17                               61
18                               26
19                               10
20                                3
21                                3
22                                3
2018-08-23 11:04:01,463 - INFO - Writing these stats to ./results/codoncounts/mut-virus-rep3b_readsperbc.csv

2018-08-23 11:04:01,472 - INFO - Examining the 1005555 barcodes to build and align subamplicons...
2018-08-23 11:04:14,532 - INFO - Barcodes examined so far: 200000
2018-08-23 11:04:26,458 - INFO - Barcodes examined so far: 400000
2018-08-23 11:04:37,666 - INFO - Barcodes examined so far: 600000
2018-08-23 11:04:47,359 - INFO - Barcodes examined so far: 800000
2018-08-23 11:04:53,077 - INFO - Barcodes examined so far: 1000000
2018-08-23 11:04:53,094 - INFO - Examined all barcodes. Summary stats:
total  too few reads  not alignable  aligned
1005555         206536          65998   733021
2018-08-23 11:04:53,094 - INFO - Writing these stats to ./results/codoncounts/mut-virus-rep3b_bcstats.csv

2018-08-23 11:04:53,118 - INFO - Writing the counts of each codon identity at each site to ./results/codoncounts/mut-virus-rep3b_codoncounts.csv

2018-08-23 11:04:53,166 - INFO - Successful completion of dms2_bcsubamp
