2018-08-23 10:46:57,338 - INFO - Beginning execution of dms2_bcsubamp in directory /fh/fast/bloom_j/computational_notebooks/adingens/2017/EnvsAntigenicAtlas

2018-08-23 10:46:57,338 - INFO - Progress is being logged to ./results/codoncounts/mut-virus-rep2b-PGT121-4-25ug.log
2018-08-23 10:47:04,859 - INFO - Version information:
	Time and date: Thu Aug 23 10:46:57 2018
	Platform: Linux-3.13.0-143-generic-x86_64-with-debian-jessie-sid
	Python version: 3.6.5 |Anaconda, Inc.| (default, Apr 29 2018, 16:14:56)  [GCC 7.2.0]
	dms_tools2 version: 2.2.8
	Bio version: 1.72
	HTSeq version: 0.10.0
	pandas version: 0.23.3
	numpy version: 1.15.0
	IPython version: 6.4.0
	jupyter version: 1.0.0
	matplotlib version: 2.2.2
	plotnine version: 0.3.0
	natsort version: 5.3.3
	pystan version: 2.16.0.0
	scipy version: 1.1.0
	seaborn version: 0.9.0
	phydmslib version: 2.3.1
	statsmodels version: 0.9.0
	rpy2 version: 2.9.1

2018-08-23 10:47:04,863 - INFO - Parsed the following arguments:
	outdir = ./results/codoncounts
	ncpus = -1
	use_existing = yes
	refseq = ./data/BG505.W6.C2.T332N_env.fasta
	alignspecs = ['87,375,39,36', '376,666,36,39', '663,954,33,41', '955,1228,33,37', '1228,1527,34,35', '1527,1815,32,39', '1816,2098,36,41']
	bclen = 8
	fastqdir = ./results/FASTQ_files/
	R2 = None
	R1trim = [200]
	R2trim = [170]
	bclen2 = None
	chartype = codon
	maxmuts = 4
	minq = 15
	minreads = 2
	minfraccall = 0.95
	minconcur = 0.75
	sitemask = None
	purgeread = 0
	purgebc = 0
	bcinfo = False
	name = mut-virus-rep2b-PGT121-4-25ug
	R1 = ['BG505_mut-virus-rep2b-PGT121-4-25ug_R1.fastq.gz']

2018-08-23 10:47:04,937 - INFO - Read refseq of 2583 codons from ./data/BG505.W6.C2.T332N_env.fasta
2018-08-23 10:47:04,940 - INFO - Reads are in these FASTQ pairs:
	./results/FASTQ_files/BG505_mut-virus-rep2b-PGT121-4-25ug_R1.fastq.gz and ./results/FASTQ_files/BG505_mut-virus-rep2b-PGT121-4-25ug_R2.fastq.gz

2018-08-23 10:47:04,940 - INFO - Now parsing read pairs...
2018-08-23 10:47:16,294 - INFO - Reads parsed so far: 500000
2018-08-23 10:47:27,225 - INFO - Reads parsed so far: 1000000
2018-08-23 10:47:37,927 - INFO - Reads parsed so far: 1500000
2018-08-23 10:47:48,827 - INFO - Reads parsed so far: 2000000
2018-08-23 10:47:59,044 - INFO - Reads parsed so far: 2500000
2018-08-23 10:48:10,100 - INFO - Reads parsed so far: 3000000
2018-08-23 10:48:20,283 - INFO - Reads parsed so far: 3500000
2018-08-23 10:48:30,537 - INFO - Reads parsed so far: 4000000
2018-08-23 10:48:42,008 - INFO - Reads parsed so far: 4500000
2018-08-23 10:48:52,113 - INFO - Reads parsed so far: 5000000
2018-08-23 10:48:53,509 - INFO - Parsed 5068857 reads, found 1958777 unique barcodes.
2018-08-23 10:48:53,513 - INFO - Summary stats on reads:
total  fail filter  low Q barcode
5068857            0         345412
2018-08-23 10:48:53,513 - INFO - Writing these stats to ./results/codoncounts/mut-virus-rep2b-PGT121-4-25ug_readstats.csv

2018-08-23 10:48:54,087 - INFO - Number of reads per barcode:
                 number of barcodes
number of reads                    
1                            765197
2                            426344
3                            337375
4                            216695
5                            117423
6                             56023
7                             24099
8                              9623
9                              3718
10                             1405
11                              537
12                              198
13                               77
14                               38
15                               13
16                                6
17                                2
18                                4
2018-08-23 10:48:54,088 - INFO - Writing these stats to ./results/codoncounts/mut-virus-rep2b-PGT121-4-25ug_readsperbc.csv

2018-08-23 10:48:54,094 - INFO - Examining the 1958777 barcodes to build and align subamplicons...
2018-08-23 10:49:03,814 - INFO - Barcodes examined so far: 200000
2018-08-23 10:49:13,140 - INFO - Barcodes examined so far: 400000
2018-08-23 10:49:22,079 - INFO - Barcodes examined so far: 600000
2018-08-23 10:49:30,604 - INFO - Barcodes examined so far: 800000
2018-08-23 10:49:38,357 - INFO - Barcodes examined so far: 1000000
2018-08-23 10:49:45,281 - INFO - Barcodes examined so far: 1200000
2018-08-23 10:49:51,006 - INFO - Barcodes examined so far: 1400000
2018-08-23 10:49:54,992 - INFO - Barcodes examined so far: 1600000
2018-08-23 10:49:56,851 - INFO - Barcodes examined so far: 1800000
2018-08-23 10:50:04,387 - INFO - Examined all barcodes. Summary stats:
total  too few reads  not alignable  aligned
1958777         765197         122888  1070692
2018-08-23 10:50:04,387 - INFO - Writing these stats to ./results/codoncounts/mut-virus-rep2b-PGT121-4-25ug_bcstats.csv

2018-08-23 10:50:04,409 - INFO - Writing the counts of each codon identity at each site to ./results/codoncounts/mut-virus-rep2b-PGT121-4-25ug_codoncounts.csv

2018-08-23 10:50:04,456 - INFO - Successful completion of dms2_bcsubamp
