2018-08-23 10:50:07,793 - INFO - Beginning execution of dms2_bcsubamp in directory /fh/fast/bloom_j/computational_notebooks/adingens/2017/EnvsAntigenicAtlas

2018-08-23 10:50:07,793 - INFO - Progress is being logged to ./results/codoncounts/mut-virus-rep2b-PGT145-125ug.log
2018-08-23 10:50:11,002 - INFO - Version information:
	Time and date: Thu Aug 23 10:50:07 2018
	Platform: Linux-3.13.0-143-generic-x86_64-with-debian-jessie-sid
	Python version: 3.6.5 |Anaconda, Inc.| (default, Apr 29 2018, 16:14:56)  [GCC 7.2.0]
	dms_tools2 version: 2.2.8
	Bio version: 1.72
	HTSeq version: 0.10.0
	pandas version: 0.23.3
	numpy version: 1.15.0
	IPython version: 6.4.0
	jupyter version: 1.0.0
	matplotlib version: 2.2.2
	plotnine version: 0.3.0
	natsort version: 5.3.3
	pystan version: 2.16.0.0
	scipy version: 1.1.0
	seaborn version: 0.9.0
	phydmslib version: 2.3.1
	statsmodels version: 0.9.0
	rpy2 version: 2.9.1

2018-08-23 10:50:11,003 - INFO - Parsed the following arguments:
	outdir = ./results/codoncounts
	ncpus = -1
	use_existing = yes
	refseq = ./data/BG505.W6.C2.T332N_env.fasta
	alignspecs = ['87,375,39,36', '376,666,36,39', '663,954,33,41', '955,1228,33,37', '1228,1527,34,35', '1527,1815,32,39', '1816,2098,36,41']
	bclen = 8
	fastqdir = ./results/FASTQ_files/
	R2 = None
	R1trim = [200]
	R2trim = [170]
	bclen2 = None
	chartype = codon
	maxmuts = 4
	minq = 15
	minreads = 2
	minfraccall = 0.95
	minconcur = 0.75
	sitemask = None
	purgeread = 0
	purgebc = 0
	bcinfo = False
	name = mut-virus-rep2b-PGT145-125ug
	R1 = ['BG505_mut-virus-rep2b-PGT145-125ug_R1.fastq.gz']

2018-08-23 10:50:11,028 - INFO - Read refseq of 2583 codons from ./data/BG505.W6.C2.T332N_env.fasta
2018-08-23 10:50:11,030 - INFO - Reads are in these FASTQ pairs:
	./results/FASTQ_files/BG505_mut-virus-rep2b-PGT145-125ug_R1.fastq.gz and ./results/FASTQ_files/BG505_mut-virus-rep2b-PGT145-125ug_R2.fastq.gz

2018-08-23 10:50:11,030 - INFO - Now parsing read pairs...
2018-08-23 10:50:22,966 - INFO - Reads parsed so far: 500000
2018-08-23 10:50:34,688 - INFO - Reads parsed so far: 1000000
2018-08-23 10:50:45,837 - INFO - Reads parsed so far: 1500000
2018-08-23 10:50:57,150 - INFO - Reads parsed so far: 2000000
2018-08-23 10:51:07,970 - INFO - Reads parsed so far: 2500000
2018-08-23 10:51:19,652 - INFO - Reads parsed so far: 3000000
2018-08-23 10:51:30,323 - INFO - Reads parsed so far: 3500000
2018-08-23 10:51:41,034 - INFO - Reads parsed so far: 4000000
2018-08-23 10:51:51,618 - INFO - Reads parsed so far: 4500000
2018-08-23 10:52:03,634 - INFO - Reads parsed so far: 5000000
2018-08-23 10:52:10,889 - INFO - Parsed 5336371 reads, found 1817089 unique barcodes.
2018-08-23 10:52:10,897 - INFO - Summary stats on reads:
total  fail filter  low Q barcode
5336371            0         385879
2018-08-23 10:52:10,898 - INFO - Writing these stats to ./results/codoncounts/mut-virus-rep2b-PGT145-125ug_readstats.csv

2018-08-23 10:52:11,544 - INFO - Number of reads per barcode:
                 number of barcodes
number of reads                    
1                            642191
2                            345839
3                            301772
4                            223054
5                            143938
6                             82429
7                             42707
8                             20292
9                              8856
10                             3667
11                             1483
12                              533
13                              207
14                               79
15                               22
16                               12
17                                5
18                                2
19                                1
2018-08-23 10:52:11,544 - INFO - Writing these stats to ./results/codoncounts/mut-virus-rep2b-PGT145-125ug_readsperbc.csv

2018-08-23 10:52:11,549 - INFO - Examining the 1817089 barcodes to build and align subamplicons...
2018-08-23 10:52:22,439 - INFO - Barcodes examined so far: 200000
2018-08-23 10:52:32,888 - INFO - Barcodes examined so far: 400000
2018-08-23 10:52:42,737 - INFO - Barcodes examined so far: 600000
2018-08-23 10:52:51,945 - INFO - Barcodes examined so far: 800000
2018-08-23 10:53:00,352 - INFO - Barcodes examined so far: 1000000
2018-08-23 10:53:07,483 - INFO - Barcodes examined so far: 1200000
2018-08-23 10:53:12,871 - INFO - Barcodes examined so far: 1400000
2018-08-23 10:53:15,567 - INFO - Barcodes examined so far: 1600000
2018-08-23 10:53:23,074 - INFO - Barcodes examined so far: 1800000
2018-08-23 10:53:23,338 - INFO - Examined all barcodes. Summary stats:
total  too few reads  not alignable  aligned
1817089         642191         115069  1059829
2018-08-23 10:53:23,338 - INFO - Writing these stats to ./results/codoncounts/mut-virus-rep2b-PGT145-125ug_bcstats.csv

2018-08-23 10:53:23,361 - INFO - Writing the counts of each codon identity at each site to ./results/codoncounts/mut-virus-rep2b-PGT145-125ug_codoncounts.csv

2018-08-23 10:53:23,410 - INFO - Successful completion of dms2_bcsubamp
