2018-08-23 10:58:26,487 - INFO - Beginning execution of dms2_bcsubamp in directory /fh/fast/bloom_j/computational_notebooks/adingens/2017/EnvsAntigenicAtlas

2018-08-23 10:58:26,487 - INFO - Progress is being logged to ./results/codoncounts/mut-virus-rep3b-PGT145-125ug.log
2018-08-23 10:58:29,562 - INFO - Version information:
	Time and date: Thu Aug 23 10:58:26 2018
	Platform: Linux-3.13.0-143-generic-x86_64-with-debian-jessie-sid
	Python version: 3.6.5 |Anaconda, Inc.| (default, Apr 29 2018, 16:14:56)  [GCC 7.2.0]
	dms_tools2 version: 2.2.8
	Bio version: 1.72
	HTSeq version: 0.10.0
	pandas version: 0.23.3
	numpy version: 1.15.0
	IPython version: 6.4.0
	jupyter version: 1.0.0
	matplotlib version: 2.2.2
	plotnine version: 0.3.0
	natsort version: 5.3.3
	pystan version: 2.16.0.0
	scipy version: 1.1.0
	seaborn version: 0.9.0
	phydmslib version: 2.3.1
	statsmodels version: 0.9.0
	rpy2 version: 2.9.1

2018-08-23 10:58:29,563 - INFO - Parsed the following arguments:
	outdir = ./results/codoncounts
	ncpus = -1
	use_existing = yes
	refseq = ./data/BG505.W6.C2.T332N_env.fasta
	alignspecs = ['87,375,39,36', '376,666,36,39', '663,954,33,41', '955,1228,33,37', '1228,1527,34,35', '1527,1815,32,39', '1816,2098,36,41']
	bclen = 8
	fastqdir = ./results/FASTQ_files/
	R2 = None
	R1trim = [200]
	R2trim = [170]
	bclen2 = None
	chartype = codon
	maxmuts = 4
	minq = 15
	minreads = 2
	minfraccall = 0.95
	minconcur = 0.75
	sitemask = None
	purgeread = 0
	purgebc = 0
	bcinfo = False
	name = mut-virus-rep3b-PGT145-125ug
	R1 = ['BG505_mut-virus-rep3b-PGT145-125ug_R1.fastq.gz']

2018-08-23 10:58:29,582 - INFO - Read refseq of 2583 codons from ./data/BG505.W6.C2.T332N_env.fasta
2018-08-23 10:58:29,583 - INFO - Reads are in these FASTQ pairs:
	./results/FASTQ_files/BG505_mut-virus-rep3b-PGT145-125ug_R1.fastq.gz and ./results/FASTQ_files/BG505_mut-virus-rep3b-PGT145-125ug_R2.fastq.gz

2018-08-23 10:58:29,583 - INFO - Now parsing read pairs...
2018-08-23 10:58:40,901 - INFO - Reads parsed so far: 500000
2018-08-23 10:58:52,290 - INFO - Reads parsed so far: 1000000
2018-08-23 10:59:03,176 - INFO - Reads parsed so far: 1500000
2018-08-23 10:59:14,281 - INFO - Reads parsed so far: 2000000
2018-08-23 10:59:24,658 - INFO - Reads parsed so far: 2500000
2018-08-23 10:59:35,318 - INFO - Reads parsed so far: 3000000
2018-08-23 10:59:46,921 - INFO - Reads parsed so far: 3500000
2018-08-23 10:59:47,468 - INFO - Parsed 3525777 reads, found 1441784 unique barcodes.
2018-08-23 10:59:47,472 - INFO - Summary stats on reads:
total  fail filter  low Q barcode
3525777            0         405078
2018-08-23 10:59:47,472 - INFO - Writing these stats to ./results/codoncounts/mut-virus-rep3b-PGT145-125ug_readstats.csv

2018-08-23 10:59:47,899 - INFO - Number of reads per barcode:
                 number of barcodes
number of reads                    
1                            608340
2                            363880
3                            243592
4                            130583
5                             59140
6                             23666
7                              8632
8                              2717
9                               858
10                              263
11                               78
12                               30
13                                5
2018-08-23 10:59:47,899 - INFO - Writing these stats to ./results/codoncounts/mut-virus-rep3b-PGT145-125ug_readsperbc.csv

2018-08-23 10:59:47,911 - INFO - Examining the 1441784 barcodes to build and align subamplicons...
2018-08-23 10:59:57,604 - INFO - Barcodes examined so far: 200000
2018-08-23 11:00:06,903 - INFO - Barcodes examined so far: 400000
2018-08-23 11:00:15,494 - INFO - Barcodes examined so far: 600000
2018-08-23 11:00:23,351 - INFO - Barcodes examined so far: 800000
2018-08-23 11:00:30,149 - INFO - Barcodes examined so far: 1000000
2018-08-23 11:00:35,405 - INFO - Barcodes examined so far: 1200000
2018-08-23 11:00:38,100 - INFO - Barcodes examined so far: 1400000
2018-08-23 11:00:38,212 - INFO - Examined all barcodes. Summary stats:
total  too few reads  not alignable  aligned
1441784         608340          91475   741969
2018-08-23 11:00:38,212 - INFO - Writing these stats to ./results/codoncounts/mut-virus-rep3b-PGT145-125ug_bcstats.csv

2018-08-23 11:00:38,240 - INFO - Writing the counts of each codon identity at each site to ./results/codoncounts/mut-virus-rep3b-PGT145-125ug_codoncounts.csv

2018-08-23 11:00:38,289 - INFO - Successful completion of dms2_bcsubamp
