2018-08-23 11:01:06,907 - INFO - Beginning execution of dms2_bcsubamp in directory /fh/fast/bloom_j/computational_notebooks/adingens/2017/EnvsAntigenicAtlas

2018-08-23 11:01:06,907 - INFO - Progress is being logged to ./results/codoncounts/mut-virus-rep1b-PGT145-125ug.log
2018-08-23 11:01:09,931 - INFO - Version information:
	Time and date: Thu Aug 23 11:01:06 2018
	Platform: Linux-3.13.0-143-generic-x86_64-with-debian-jessie-sid
	Python version: 3.6.5 |Anaconda, Inc.| (default, Apr 29 2018, 16:14:56)  [GCC 7.2.0]
	dms_tools2 version: 2.2.8
	Bio version: 1.72
	HTSeq version: 0.10.0
	pandas version: 0.23.3
	numpy version: 1.15.0
	IPython version: 6.4.0
	jupyter version: 1.0.0
	matplotlib version: 2.2.2
	plotnine version: 0.3.0
	natsort version: 5.3.3
	pystan version: 2.16.0.0
	scipy version: 1.1.0
	seaborn version: 0.9.0
	phydmslib version: 2.3.1
	statsmodels version: 0.9.0
	rpy2 version: 2.9.1

2018-08-23 11:01:09,931 - INFO - Parsed the following arguments:
	outdir = ./results/codoncounts
	ncpus = -1
	use_existing = yes
	refseq = ./data/BG505.W6.C2.T332N_env.fasta
	alignspecs = ['87,375,39,36', '376,666,36,39', '663,954,33,41', '955,1228,33,37', '1228,1527,34,35', '1527,1815,32,39', '1816,2098,36,41']
	bclen = 8
	fastqdir = ./results/FASTQ_files/
	R2 = None
	R1trim = [200]
	R2trim = [170]
	bclen2 = None
	chartype = codon
	maxmuts = 4
	minq = 15
	minreads = 2
	minfraccall = 0.95
	minconcur = 0.75
	sitemask = None
	purgeread = 0
	purgebc = 0
	bcinfo = False
	name = mut-virus-rep1b-PGT145-125ug
	R1 = ['BG505_mut-virus-rep1b-PGT145-125ug_R1.fastq.gz']

2018-08-23 11:01:09,949 - INFO - Read refseq of 2583 codons from ./data/BG505.W6.C2.T332N_env.fasta
2018-08-23 11:01:09,949 - INFO - Reads are in these FASTQ pairs:
	./results/FASTQ_files/BG505_mut-virus-rep1b-PGT145-125ug_R1.fastq.gz and ./results/FASTQ_files/BG505_mut-virus-rep1b-PGT145-125ug_R2.fastq.gz

2018-08-23 11:01:09,950 - INFO - Now parsing read pairs...
2018-08-23 11:01:21,308 - INFO - Reads parsed so far: 500000
2018-08-23 11:01:32,237 - INFO - Reads parsed so far: 1000000
2018-08-23 11:01:43,103 - INFO - Reads parsed so far: 1500000
2018-08-23 11:01:54,019 - INFO - Reads parsed so far: 2000000
2018-08-23 11:02:04,487 - INFO - Reads parsed so far: 2500000
2018-08-23 11:02:14,867 - INFO - Reads parsed so far: 3000000
2018-08-23 11:02:25,296 - INFO - Reads parsed so far: 3500000
2018-08-23 11:02:35,599 - INFO - Reads parsed so far: 4000000
2018-08-23 11:02:46,131 - INFO - Reads parsed so far: 4500000
2018-08-23 11:02:57,725 - INFO - Reads parsed so far: 5000000
2018-08-23 11:03:03,778 - INFO - Parsed 5291074 reads, found 864827 unique barcodes.
2018-08-23 11:03:03,783 - INFO - Summary stats on reads:
total  fail filter  low Q barcode
5291074            0         590990
2018-08-23 11:03:03,783 - INFO - Writing these stats to ./results/codoncounts/mut-virus-rep1b-PGT145-125ug_readstats.csv

2018-08-23 11:03:04,044 - INFO - Number of reads per barcode:
                 number of barcodes
number of reads                    
1                            145726
2                             51303
3                             70376
4                             88821
5                             98335
6                             97349
7                             88320
8                             71763
9                             54194
10                            37742
11                            25051
12                            15325
13                             9144
14                             5135
15                             2748
16                             1538
17                              821
18                              485
19                              261
20                              152
21                              113
22                               43
23                               36
24                               18
25                               10
26                                7
27                                6
28                                1
29                                1
30                                1
32                                2
2018-08-23 11:03:04,044 - INFO - Writing these stats to ./results/codoncounts/mut-virus-rep1b-PGT145-125ug_readsperbc.csv

2018-08-23 11:03:04,050 - INFO - Examining the 864827 barcodes to build and align subamplicons...
2018-08-23 11:03:17,544 - INFO - Barcodes examined so far: 200000
2018-08-23 11:03:30,632 - INFO - Barcodes examined so far: 400000
2018-08-23 11:03:42,930 - INFO - Barcodes examined so far: 600000
2018-08-23 11:03:52,270 - INFO - Barcodes examined so far: 800000
2018-08-23 11:03:53,021 - INFO - Examined all barcodes. Summary stats:
total  too few reads  not alignable  aligned
864827         145726          52403   666698
2018-08-23 11:03:53,021 - INFO - Writing these stats to ./results/codoncounts/mut-virus-rep1b-PGT145-125ug_bcstats.csv

2018-08-23 11:03:53,047 - INFO - Writing the counts of each codon identity at each site to ./results/codoncounts/mut-virus-rep1b-PGT145-125ug_codoncounts.csv

2018-08-23 11:03:53,102 - INFO - Successful completion of dms2_bcsubamp
