2018-08-23 10:46:57,364 - INFO - Beginning execution of dms2_bcsubamp in directory /fh/fast/bloom_j/computational_notebooks/adingens/2017/EnvsAntigenicAtlas

2018-08-23 10:46:57,364 - INFO - Progress is being logged to ./results/codoncounts/mut-virus-rep2b-3BN-1074-pool-4ug.log
2018-08-23 10:47:04,887 - INFO - Version information:
	Time and date: Thu Aug 23 10:46:57 2018
	Platform: Linux-3.13.0-143-generic-x86_64-with-debian-jessie-sid
	Python version: 3.6.5 |Anaconda, Inc.| (default, Apr 29 2018, 16:14:56)  [GCC 7.2.0]
	dms_tools2 version: 2.2.8
	Bio version: 1.72
	HTSeq version: 0.10.0
	pandas version: 0.23.3
	numpy version: 1.15.0
	IPython version: 6.4.0
	jupyter version: 1.0.0
	matplotlib version: 2.2.2
	plotnine version: 0.3.0
	natsort version: 5.3.3
	pystan version: 2.16.0.0
	scipy version: 1.1.0
	seaborn version: 0.9.0
	phydmslib version: 2.3.1
	statsmodels version: 0.9.0
	rpy2 version: 2.9.1

2018-08-23 10:47:04,888 - INFO - Parsed the following arguments:
	outdir = ./results/codoncounts
	ncpus = -1
	use_existing = yes
	refseq = ./data/BG505.W6.C2.T332N_env.fasta
	alignspecs = ['87,375,39,36', '376,666,36,39', '663,954,33,41', '955,1228,33,37', '1228,1527,34,35', '1527,1815,32,39', '1816,2098,36,41']
	bclen = 8
	fastqdir = ./results/FASTQ_files/
	R2 = None
	R1trim = [200]
	R2trim = [170]
	bclen2 = None
	chartype = codon
	maxmuts = 4
	minq = 15
	minreads = 2
	minfraccall = 0.95
	minconcur = 0.75
	sitemask = None
	purgeread = 0
	purgebc = 0
	bcinfo = False
	name = mut-virus-rep2b-3BN-1074-pool-4ug
	R1 = ['BG505_mut-virus-rep2b-3BN-1074-pool-4ug_R1.fastq.gz']

2018-08-23 10:47:04,957 - INFO - Read refseq of 2583 codons from ./data/BG505.W6.C2.T332N_env.fasta
2018-08-23 10:47:04,961 - INFO - Reads are in these FASTQ pairs:
	./results/FASTQ_files/BG505_mut-virus-rep2b-3BN-1074-pool-4ug_R1.fastq.gz and ./results/FASTQ_files/BG505_mut-virus-rep2b-3BN-1074-pool-4ug_R2.fastq.gz

2018-08-23 10:47:04,962 - INFO - Now parsing read pairs...
2018-08-23 10:47:16,213 - INFO - Reads parsed so far: 500000
2018-08-23 10:47:27,413 - INFO - Reads parsed so far: 1000000
2018-08-23 10:47:38,319 - INFO - Reads parsed so far: 1500000
2018-08-23 10:47:48,653 - INFO - Reads parsed so far: 2000000
2018-08-23 10:47:59,660 - INFO - Reads parsed so far: 2500000
2018-08-23 10:48:09,998 - INFO - Reads parsed so far: 3000000
2018-08-23 10:48:20,323 - INFO - Reads parsed so far: 3500000
2018-08-23 10:48:31,790 - INFO - Reads parsed so far: 4000000
2018-08-23 10:48:42,203 - INFO - Reads parsed so far: 4500000
2018-08-23 10:48:52,533 - INFO - Reads parsed so far: 5000000
2018-08-23 10:49:02,808 - INFO - Reads parsed so far: 5500000
2018-08-23 10:49:13,179 - INFO - Reads parsed so far: 6000000
2018-08-23 10:49:14,635 - INFO - Parsed 6070700 reads, found 1658264 unique barcodes.
2018-08-23 10:49:14,640 - INFO - Summary stats on reads:
total  fail filter  low Q barcode
6070700            0         416433
2018-08-23 10:49:14,640 - INFO - Writing these stats to ./results/codoncounts/mut-virus-rep2b-3BN-1074-pool-4ug_readstats.csv

2018-08-23 10:49:15,191 - INFO - Number of reads per barcode:
                 number of barcodes
number of reads                    
1                            464143
2                            224437
3                            252037
4                            234865
5                            186808
6                            128904
7                             79259
8                             44476
9                             22909
10                            11069
11                             5157
12                             2290
13                             1032
14                              440
15                              248
16                              105
17                               41
18                               19
19                               14
20                                4
21                                2
22                                2
23                                3
2018-08-23 10:49:15,191 - INFO - Writing these stats to ./results/codoncounts/mut-virus-rep2b-3BN-1074-pool-4ug_readsperbc.csv

2018-08-23 10:49:15,196 - INFO - Examining the 1658264 barcodes to build and align subamplicons...
2018-08-23 10:49:27,527 - INFO - Barcodes examined so far: 200000
2018-08-23 10:49:39,619 - INFO - Barcodes examined so far: 400000
2018-08-23 10:49:51,026 - INFO - Barcodes examined so far: 600000
2018-08-23 10:50:01,925 - INFO - Barcodes examined so far: 800000
2018-08-23 10:50:11,700 - INFO - Barcodes examined so far: 1000000
2018-08-23 10:50:19,763 - INFO - Barcodes examined so far: 1200000
2018-08-23 10:50:24,852 - INFO - Barcodes examined so far: 1400000
2018-08-23 10:50:30,616 - INFO - Barcodes examined so far: 1600000
2018-08-23 10:50:33,004 - INFO - Examined all barcodes. Summary stats:
total  too few reads  not alignable  aligned
1658264         464143         104676  1089445
2018-08-23 10:50:33,004 - INFO - Writing these stats to ./results/codoncounts/mut-virus-rep2b-3BN-1074-pool-4ug_bcstats.csv

2018-08-23 10:50:33,027 - INFO - Writing the counts of each codon identity at each site to ./results/codoncounts/mut-virus-rep2b-3BN-1074-pool-4ug_codoncounts.csv

2018-08-23 10:50:33,074 - INFO - Successful completion of dms2_bcsubamp
