2018-08-23 10:53:50,925 - INFO - Beginning execution of dms2_bcsubamp in directory /fh/fast/bloom_j/computational_notebooks/adingens/2017/EnvsAntigenicAtlas

2018-08-23 10:53:50,925 - INFO - Progress is being logged to ./results/codoncounts/mut-virus-rep1-PGT121-3-5ug.log
2018-08-23 10:53:54,206 - INFO - Version information:
	Time and date: Thu Aug 23 10:53:50 2018
	Platform: Linux-3.13.0-143-generic-x86_64-with-debian-jessie-sid
	Python version: 3.6.5 |Anaconda, Inc.| (default, Apr 29 2018, 16:14:56)  [GCC 7.2.0]
	dms_tools2 version: 2.2.8
	Bio version: 1.72
	HTSeq version: 0.10.0
	pandas version: 0.23.3
	numpy version: 1.15.0
	IPython version: 6.4.0
	jupyter version: 1.0.0
	matplotlib version: 2.2.2
	plotnine version: 0.3.0
	natsort version: 5.3.3
	pystan version: 2.16.0.0
	scipy version: 1.1.0
	seaborn version: 0.9.0
	phydmslib version: 2.3.1
	statsmodels version: 0.9.0
	rpy2 version: 2.9.1

2018-08-23 10:53:54,207 - INFO - Parsed the following arguments:
	outdir = ./results/codoncounts
	ncpus = -1
	use_existing = yes
	refseq = ./data/BG505.W6.C2.T332N_env.fasta
	alignspecs = ['87,375,39,36', '376,666,36,39', '663,954,33,41', '955,1228,33,37', '1228,1527,34,35', '1527,1815,32,39', '1816,2098,36,41']
	bclen = 8
	fastqdir = ./results/FASTQ_files/
	R2 = None
	R1trim = [200]
	R2trim = [170]
	bclen2 = None
	chartype = codon
	maxmuts = 4
	minq = 15
	minreads = 2
	minfraccall = 0.95
	minconcur = 0.75
	sitemask = None
	purgeread = 0
	purgebc = 0
	bcinfo = False
	name = mut-virus-rep1-PGT121-3-5ug
	R1 = ['BG505_mut-virus-rep1-PGT121-3-5ug_R1.fastq.gz']

2018-08-23 10:53:54,224 - INFO - Read refseq of 2583 codons from ./data/BG505.W6.C2.T332N_env.fasta
2018-08-23 10:53:54,225 - INFO - Reads are in these FASTQ pairs:
	./results/FASTQ_files/BG505_mut-virus-rep1-PGT121-3-5ug_R1.fastq.gz and ./results/FASTQ_files/BG505_mut-virus-rep1-PGT121-3-5ug_R2.fastq.gz

2018-08-23 10:53:54,225 - INFO - Now parsing read pairs...
2018-08-23 10:54:05,917 - INFO - Reads parsed so far: 500000
2018-08-23 10:54:17,330 - INFO - Reads parsed so far: 1000000
2018-08-23 10:54:28,434 - INFO - Reads parsed so far: 1500000
2018-08-23 10:54:39,618 - INFO - Reads parsed so far: 2000000
2018-08-23 10:54:50,249 - INFO - Reads parsed so far: 2500000
2018-08-23 10:55:01,856 - INFO - Reads parsed so far: 3000000
2018-08-23 10:55:12,729 - INFO - Reads parsed so far: 3500000
2018-08-23 10:55:23,653 - INFO - Reads parsed so far: 4000000
2018-08-23 10:55:34,410 - INFO - Reads parsed so far: 4500000
2018-08-23 10:55:45,017 - INFO - Reads parsed so far: 5000000
2018-08-23 10:55:57,586 - INFO - Reads parsed so far: 5500000
2018-08-23 10:56:08,381 - INFO - Reads parsed so far: 6000000
2018-08-23 10:56:18,878 - INFO - Reads parsed so far: 6500000
2018-08-23 10:56:29,369 - INFO - Reads parsed so far: 7000000
2018-08-23 10:56:32,932 - INFO - Parsed 7167805 reads, found 2109874 unique barcodes.
2018-08-23 10:56:32,942 - INFO - Summary stats on reads:
total  fail filter  low Q barcode
7167805            0         597951
2018-08-23 10:56:32,942 - INFO - Writing these stats to ./results/codoncounts/mut-virus-rep1-PGT121-3-5ug_readstats.csv

2018-08-23 10:56:33,613 - INFO - Number of reads per barcode:
                 number of barcodes
number of reads                    
1                            583888
2                            364601
3                            374070
4                            310035
5                            215208
6                            129673
7                             69742
8                             34418
9                             15730
10                             6970
11                             2988
12                             1420
13                              628
14                              275
15                              121
16                               63
17                               24
18                               11
19                                4
20                                4
21                                1
2018-08-23 10:56:33,613 - INFO - Writing these stats to ./results/codoncounts/mut-virus-rep1-PGT121-3-5ug_readsperbc.csv

2018-08-23 10:56:33,619 - INFO - Examining the 2109874 barcodes to build and align subamplicons...
2018-08-23 10:56:45,162 - INFO - Barcodes examined so far: 200000
2018-08-23 10:56:56,382 - INFO - Barcodes examined so far: 400000
2018-08-23 10:57:07,241 - INFO - Barcodes examined so far: 600000
2018-08-23 10:57:17,618 - INFO - Barcodes examined so far: 800000
2018-08-23 10:57:27,360 - INFO - Barcodes examined so far: 1000000
2018-08-23 10:57:36,351 - INFO - Barcodes examined so far: 1200000
2018-08-23 10:57:44,166 - INFO - Barcodes examined so far: 1400000
2018-08-23 10:57:49,744 - INFO - Barcodes examined so far: 1600000
2018-08-23 10:57:53,399 - INFO - Barcodes examined so far: 1800000
2018-08-23 10:58:05,034 - INFO - Barcodes examined so far: 2000000
2018-08-23 10:58:08,790 - INFO - Examined all barcodes. Summary stats:
total  too few reads  not alignable  aligned
2109874         583888         161565  1364421
2018-08-23 10:58:08,790 - INFO - Writing these stats to ./results/codoncounts/mut-virus-rep1-PGT121-3-5ug_bcstats.csv

2018-08-23 10:58:08,812 - INFO - Writing the counts of each codon identity at each site to ./results/codoncounts/mut-virus-rep1-PGT121-3-5ug_codoncounts.csv

2018-08-23 10:58:08,862 - INFO - Successful completion of dms2_bcsubamp
