2018-08-23 10:55:18,170 - INFO - Beginning execution of dms2_bcsubamp in directory /fh/fast/bloom_j/computational_notebooks/adingens/2017/EnvsAntigenicAtlas

2018-08-23 10:55:18,171 - INFO - Progress is being logged to ./results/codoncounts/mut-virus-rep1.log
2018-08-23 10:55:21,724 - INFO - Version information:
	Time and date: Thu Aug 23 10:55:18 2018
	Platform: Linux-3.13.0-143-generic-x86_64-with-debian-jessie-sid
	Python version: 3.6.5 |Anaconda, Inc.| (default, Apr 29 2018, 16:14:56)  [GCC 7.2.0]
	dms_tools2 version: 2.2.8
	Bio version: 1.72
	HTSeq version: 0.10.0
	pandas version: 0.23.3
	numpy version: 1.15.0
	IPython version: 6.4.0
	jupyter version: 1.0.0
	matplotlib version: 2.2.2
	plotnine version: 0.3.0
	natsort version: 5.3.3
	pystan version: 2.16.0.0
	scipy version: 1.1.0
	seaborn version: 0.9.0
	phydmslib version: 2.3.1
	statsmodels version: 0.9.0
	rpy2 version: 2.9.1

2018-08-23 10:55:21,724 - INFO - Parsed the following arguments:
	outdir = ./results/codoncounts
	ncpus = -1
	use_existing = yes
	refseq = ./data/BG505.W6.C2.T332N_env.fasta
	alignspecs = ['87,375,39,36', '376,666,36,39', '663,954,33,41', '955,1228,33,37', '1228,1527,34,35', '1527,1815,32,39', '1816,2098,36,41']
	bclen = 8
	fastqdir = ./results/FASTQ_files/
	R2 = None
	R1trim = [200]
	R2trim = [170]
	bclen2 = None
	chartype = codon
	maxmuts = 4
	minq = 15
	minreads = 2
	minfraccall = 0.95
	minconcur = 0.75
	sitemask = None
	purgeread = 0
	purgebc = 0
	bcinfo = False
	name = mut-virus-rep1
	R1 = ['BG505_mut-virus-rep1_R1.fastq.gz']

2018-08-23 10:55:21,751 - INFO - Read refseq of 2583 codons from ./data/BG505.W6.C2.T332N_env.fasta
2018-08-23 10:55:21,752 - INFO - Reads are in these FASTQ pairs:
	./results/FASTQ_files/BG505_mut-virus-rep1_R1.fastq.gz and ./results/FASTQ_files/BG505_mut-virus-rep1_R2.fastq.gz

2018-08-23 10:55:21,752 - INFO - Now parsing read pairs...
2018-08-23 10:55:33,302 - INFO - Reads parsed so far: 500000
2018-08-23 10:55:44,368 - INFO - Reads parsed so far: 1000000
2018-08-23 10:55:55,276 - INFO - Reads parsed so far: 1500000
2018-08-23 10:56:06,415 - INFO - Reads parsed so far: 2000000
2018-08-23 10:56:17,762 - INFO - Reads parsed so far: 2500000
2018-08-23 10:56:28,300 - INFO - Reads parsed so far: 3000000
2018-08-23 10:56:38,922 - INFO - Reads parsed so far: 3500000
2018-08-23 10:56:50,546 - INFO - Reads parsed so far: 4000000
2018-08-23 10:57:01,025 - INFO - Reads parsed so far: 4500000
2018-08-23 10:57:11,549 - INFO - Reads parsed so far: 5000000
2018-08-23 10:57:22,089 - INFO - Reads parsed so far: 5500000
2018-08-23 10:57:34,361 - INFO - Reads parsed so far: 6000000
2018-08-23 10:57:44,889 - INFO - Reads parsed so far: 6500000
2018-08-23 10:57:54,632 - INFO - Parsed 6957654 reads, found 2311889 unique barcodes.
2018-08-23 10:57:54,636 - INFO - Summary stats on reads:
total  fail filter  low Q barcode
6957654            0         633705
2018-08-23 10:57:54,636 - INFO - Writing these stats to ./results/codoncounts/mut-virus-rep1_readstats.csv

2018-08-23 10:57:55,302 - INFO - Number of reads per barcode:
                 number of barcodes
number of reads                    
1                            866379
2                            387997
3                            366425
4                            284080
5                            188196
6                            110938
7                             58421
8                             28448
9                             12466
10                             5264
11                             2051
12                              754
13                              295
14                              111
15                               36
16                               18
17                                4
18                                3
19                                1
20                                1
21                                1
2018-08-23 10:57:55,302 - INFO - Writing these stats to ./results/codoncounts/mut-virus-rep1_readsperbc.csv

2018-08-23 10:57:55,307 - INFO - Examining the 2311889 barcodes to build and align subamplicons...
2018-08-23 10:58:06,012 - INFO - Barcodes examined so far: 200000
2018-08-23 10:58:16,415 - INFO - Barcodes examined so far: 400000
2018-08-23 10:58:26,480 - INFO - Barcodes examined so far: 600000
2018-08-23 10:58:36,897 - INFO - Barcodes examined so far: 800000
2018-08-23 10:58:46,661 - INFO - Barcodes examined so far: 1000000
2018-08-23 10:58:55,750 - INFO - Barcodes examined so far: 1200000
2018-08-23 10:59:04,188 - INFO - Barcodes examined so far: 1400000
2018-08-23 10:59:11,625 - INFO - Barcodes examined so far: 1600000
2018-08-23 10:59:17,793 - INFO - Barcodes examined so far: 1800000
2018-08-23 10:59:22,223 - INFO - Barcodes examined so far: 2000000
2018-08-23 10:59:24,872 - INFO - Barcodes examined so far: 2200000
2018-08-23 10:59:25,328 - INFO - Examined all barcodes. Summary stats:
total  too few reads  not alignable  aligned
2311889         866379         168780  1276730
2018-08-23 10:59:25,328 - INFO - Writing these stats to ./results/codoncounts/mut-virus-rep1_bcstats.csv

2018-08-23 10:59:25,350 - INFO - Writing the counts of each codon identity at each site to ./results/codoncounts/mut-virus-rep1_codoncounts.csv

2018-08-23 10:59:25,399 - INFO - Successful completion of dms2_bcsubamp
