2018-08-23 10:55:28,285 - INFO - Beginning execution of dms2_bcsubamp in directory /fh/fast/bloom_j/computational_notebooks/adingens/2017/EnvsAntigenicAtlas

2018-08-23 10:55:28,286 - INFO - Progress is being logged to ./results/codoncounts/mut-virus-rep3-10E8-60ug.log
2018-08-23 10:55:31,919 - INFO - Version information:
	Time and date: Thu Aug 23 10:55:28 2018
	Platform: Linux-3.13.0-143-generic-x86_64-with-debian-jessie-sid
	Python version: 3.6.5 |Anaconda, Inc.| (default, Apr 29 2018, 16:14:56)  [GCC 7.2.0]
	dms_tools2 version: 2.2.8
	Bio version: 1.72
	HTSeq version: 0.10.0
	pandas version: 0.23.3
	numpy version: 1.15.0
	IPython version: 6.4.0
	jupyter version: 1.0.0
	matplotlib version: 2.2.2
	plotnine version: 0.3.0
	natsort version: 5.3.3
	pystan version: 2.16.0.0
	scipy version: 1.1.0
	seaborn version: 0.9.0
	phydmslib version: 2.3.1
	statsmodels version: 0.9.0
	rpy2 version: 2.9.1

2018-08-23 10:55:31,920 - INFO - Parsed the following arguments:
	outdir = ./results/codoncounts
	ncpus = -1
	use_existing = yes
	refseq = ./data/BG505.W6.C2.T332N_env.fasta
	alignspecs = ['87,375,39,36', '376,666,36,39', '663,954,33,41', '955,1228,33,37', '1228,1527,34,35', '1527,1815,32,39', '1816,2098,36,41']
	bclen = 8
	fastqdir = ./results/FASTQ_files/
	R2 = None
	R1trim = [200]
	R2trim = [170]
	bclen2 = None
	chartype = codon
	maxmuts = 4
	minq = 15
	minreads = 2
	minfraccall = 0.95
	minconcur = 0.75
	sitemask = None
	purgeread = 0
	purgebc = 0
	bcinfo = False
	name = mut-virus-rep3-10E8-60ug
	R1 = ['BG505_mut-virus-rep3-10E8-60ug_R1.fastq.gz']

2018-08-23 10:55:31,940 - INFO - Read refseq of 2583 codons from ./data/BG505.W6.C2.T332N_env.fasta
2018-08-23 10:55:31,941 - INFO - Reads are in these FASTQ pairs:
	./results/FASTQ_files/BG505_mut-virus-rep3-10E8-60ug_R1.fastq.gz and ./results/FASTQ_files/BG505_mut-virus-rep3-10E8-60ug_R2.fastq.gz

2018-08-23 10:55:31,941 - INFO - Now parsing read pairs...
2018-08-23 10:55:44,038 - INFO - Reads parsed so far: 500000
2018-08-23 10:55:56,071 - INFO - Reads parsed so far: 1000000
2018-08-23 10:56:07,691 - INFO - Reads parsed so far: 1500000
2018-08-23 10:56:19,347 - INFO - Reads parsed so far: 2000000
2018-08-23 10:56:30,512 - INFO - Reads parsed so far: 2500000
2018-08-23 10:56:42,373 - INFO - Reads parsed so far: 3000000
2018-08-23 10:56:53,431 - INFO - Reads parsed so far: 3500000
2018-08-23 10:57:04,401 - INFO - Reads parsed so far: 4000000
2018-08-23 10:57:16,613 - INFO - Reads parsed so far: 4500000
2018-08-23 10:57:27,590 - INFO - Reads parsed so far: 5000000
2018-08-23 10:57:38,579 - INFO - Reads parsed so far: 5500000
2018-08-23 10:57:48,832 - INFO - Parsed 5967094 reads, found 1985485 unique barcodes.
2018-08-23 10:57:48,841 - INFO - Summary stats on reads:
total  fail filter  low Q barcode
5967094            0        1037246
2018-08-23 10:57:48,842 - INFO - Writing these stats to ./results/codoncounts/mut-virus-rep3-10E8-60ug_readstats.csv

2018-08-23 10:57:49,448 - INFO - Number of reads per barcode:
                 number of barcodes
number of reads                    
1                            808396
2                            404723
3                            297131
4                            207741
5                            129929
6                             72561
7                             36381
8                             16552
9                              7033
10                             2930
11                             1208
12                              526
13                              217
14                               94
15                               27
16                               15
17                               10
18                                4
19                                5
24                                1
215                               1
2018-08-23 10:57:49,448 - INFO - Writing these stats to ./results/codoncounts/mut-virus-rep3-10E8-60ug_readsperbc.csv

2018-08-23 10:57:49,453 - INFO - Examining the 1985485 barcodes to build and align subamplicons...
2018-08-23 10:57:59,338 - INFO - Barcodes examined so far: 200000
2018-08-23 10:58:08,769 - INFO - Barcodes examined so far: 400000
2018-08-23 10:58:17,727 - INFO - Barcodes examined so far: 600000
2018-08-23 10:58:26,082 - INFO - Barcodes examined so far: 800000
2018-08-23 10:58:33,840 - INFO - Barcodes examined so far: 1000000
2018-08-23 10:58:40,776 - INFO - Barcodes examined so far: 1200000
2018-08-23 10:58:46,544 - INFO - Barcodes examined so far: 1400000
2018-08-23 10:58:51,393 - INFO - Barcodes examined so far: 1600000
2018-08-23 10:58:54,482 - INFO - Barcodes examined so far: 1800000
2018-08-23 10:58:55,534 - INFO - Examined all barcodes. Summary stats:
total  too few reads  not alignable  aligned
1985485         808396         572780   604309
2018-08-23 10:58:55,534 - INFO - Writing these stats to ./results/codoncounts/mut-virus-rep3-10E8-60ug_bcstats.csv

2018-08-23 10:58:55,557 - INFO - Writing the counts of each codon identity at each site to ./results/codoncounts/mut-virus-rep3-10E8-60ug_codoncounts.csv

2018-08-23 10:58:55,606 - INFO - Successful completion of dms2_bcsubamp
