2018-08-23 11:01:38,296 - INFO - Beginning execution of dms2_bcsubamp in directory /fh/fast/bloom_j/computational_notebooks/adingens/2017/EnvsAntigenicAtlas

2018-08-23 11:01:38,296 - INFO - Progress is being logged to ./results/codoncounts/mut-virus-rep1b-3BN-1074-pool-4ug.log
2018-08-23 11:01:41,691 - INFO - Version information:
	Time and date: Thu Aug 23 11:01:38 2018
	Platform: Linux-3.13.0-143-generic-x86_64-with-debian-jessie-sid
	Python version: 3.6.5 |Anaconda, Inc.| (default, Apr 29 2018, 16:14:56)  [GCC 7.2.0]
	dms_tools2 version: 2.2.8
	Bio version: 1.72
	HTSeq version: 0.10.0
	pandas version: 0.23.3
	numpy version: 1.15.0
	IPython version: 6.4.0
	jupyter version: 1.0.0
	matplotlib version: 2.2.2
	plotnine version: 0.3.0
	natsort version: 5.3.3
	pystan version: 2.16.0.0
	scipy version: 1.1.0
	seaborn version: 0.9.0
	phydmslib version: 2.3.1
	statsmodels version: 0.9.0
	rpy2 version: 2.9.1

2018-08-23 11:01:41,692 - INFO - Parsed the following arguments:
	outdir = ./results/codoncounts
	ncpus = -1
	use_existing = yes
	refseq = ./data/BG505.W6.C2.T332N_env.fasta
	alignspecs = ['87,375,39,36', '376,666,36,39', '663,954,33,41', '955,1228,33,37', '1228,1527,34,35', '1527,1815,32,39', '1816,2098,36,41']
	bclen = 8
	fastqdir = ./results/FASTQ_files/
	R2 = None
	R1trim = [200]
	R2trim = [170]
	bclen2 = None
	chartype = codon
	maxmuts = 4
	minq = 15
	minreads = 2
	minfraccall = 0.95
	minconcur = 0.75
	sitemask = None
	purgeread = 0
	purgebc = 0
	bcinfo = False
	name = mut-virus-rep1b-3BN-1074-pool-4ug
	R1 = ['BG505_mut-virus-rep1b-3BN-1074-pool-4ug_R1.fastq.gz']

2018-08-23 11:01:41,712 - INFO - Read refseq of 2583 codons from ./data/BG505.W6.C2.T332N_env.fasta
2018-08-23 11:01:41,713 - INFO - Reads are in these FASTQ pairs:
	./results/FASTQ_files/BG505_mut-virus-rep1b-3BN-1074-pool-4ug_R1.fastq.gz and ./results/FASTQ_files/BG505_mut-virus-rep1b-3BN-1074-pool-4ug_R2.fastq.gz

2018-08-23 11:01:41,713 - INFO - Now parsing read pairs...
2018-08-23 11:01:52,615 - INFO - Reads parsed so far: 500000
2018-08-23 11:02:03,125 - INFO - Reads parsed so far: 1000000
2018-08-23 11:02:13,850 - INFO - Reads parsed so far: 1500000
2018-08-23 11:02:24,361 - INFO - Reads parsed so far: 2000000
2018-08-23 11:02:35,117 - INFO - Reads parsed so far: 2500000
2018-08-23 11:02:45,594 - INFO - Reads parsed so far: 3000000
2018-08-23 11:02:55,798 - INFO - Reads parsed so far: 3500000
2018-08-23 11:03:06,123 - INFO - Reads parsed so far: 4000000
2018-08-23 11:03:16,289 - INFO - Reads parsed so far: 4500000
2018-08-23 11:03:27,465 - INFO - Reads parsed so far: 5000000
2018-08-23 11:03:37,756 - INFO - Reads parsed so far: 5500000
2018-08-23 11:03:41,873 - INFO - Parsed 5701652 reads, found 260500 unique barcodes.
2018-08-23 11:03:41,877 - INFO - Summary stats on reads:
total  fail filter  low Q barcode
5701652            0         624743
2018-08-23 11:03:41,877 - INFO - Writing these stats to ./results/codoncounts/mut-virus-rep1b-3BN-1074-pool-4ug_readstats.csv

2018-08-23 11:03:41,991 - INFO - Number of reads per barcode:
                 number of barcodes
number of reads                    
1                            169052
2                             10817
3                              1225
4                               356
5                               234
6                               221
7                               201
8                               174
9                               185
10                              190
11                              196
12                              159
13                              188
14                              164
15                              205
16                              187
17                              210
18                              225
19                              239
20                              233
21                              245
22                              236
23                              268
24                              254
25                              293
26                              295
27                              369
28                              327
29                              380
30                              395
31                              433
32                              449
33                              467
34                              430
35                              556
36                              537
37                              552
38                              575
39                              632
40                              698
41                              690
42                              709
43                              742
44                              796
45                              856
46                              808
47                              893
48                              986
49                              997
50                             1087
51                             1078
52                             1189
53                             1217
54                             1333
55                             1314
56                             1466
57                             1500
58                             1575
59                             1573
60                             1644
61                             1737
62                             1836
63                             1765
64                             1768
65                             1814
66                             1825
67                             1848
68                             1865
69                             1837
70                             1749
71                             1810
72                             1724
73                             1667
74                             1636
75                             1506
76                             1512
77                             1446
78                             1353
79                             1285
80                             1153
81                             1098
82                             1074
83                              913
84                              958
85                              829
86                              741
87                              680
88                              606
89                              535
90                              457
91                              462
92                              369
93                              288
94                              281
95                              267
96                              234
97                              200
98                              176
99                              160
100                             140
101                              95
102                              95
103                              76
104                              62
105                              65
106                              50
107                              39
108                              29
109                              35
110                              29
111                              27
112                              15
113                              13
114                              22
115                              16
116                              12
117                              13
118                              17
119                              14
120                              20
121                              14
122                              20
123                              17
124                              24
125                              22
126                              13
127                              11
128                              20
129                              17
130                              23
131                              13
132                              15
133                               5
134                              10
135                              10
136                              16
137                              17
138                              20
139                              17
140                              15
141                              16
142                              17
143                              14
144                              14
145                               9
146                              19
147                              14
148                              16
149                              15
150                              11
151                               5
152                               7
153                              14
154                              10
155                               8
156                              10
157                              13
158                               9
159                               5
160                              11
161                               7
162                               6
163                               3
164                               7
165                               4
166                               5
167                               6
168                               1
169                               3
170                               3
171                               4
172                               2
173                               2
174                               5
175                               4
176                               5
177                               3
178                               1
179                               3
180                               3
181                               4
182                               1
183                               1
184                               1
185                               1
188                               1
191                               2
192                               1
197                               1
201                               1
2018-08-23 11:03:41,991 - INFO - Writing these stats to ./results/codoncounts/mut-virus-rep1b-3BN-1074-pool-4ug_readsperbc.csv

2018-08-23 11:03:41,996 - INFO - Examining the 260500 barcodes to build and align subamplicons...
2018-08-23 11:03:57,357 - INFO - Barcodes examined so far: 200000
2018-08-23 11:03:57,446 - INFO - Examined all barcodes. Summary stats:
total  too few reads  not alignable  aligned
260500         169052          16191    75257
2018-08-23 11:03:57,446 - INFO - Writing these stats to ./results/codoncounts/mut-virus-rep1b-3BN-1074-pool-4ug_bcstats.csv

2018-08-23 11:03:57,473 - INFO - Writing the counts of each codon identity at each site to ./results/codoncounts/mut-virus-rep1b-3BN-1074-pool-4ug_codoncounts.csv

2018-08-23 11:03:57,522 - INFO - Successful completion of dms2_bcsubamp
