2018-08-23 10:50:09,228 - INFO - Beginning execution of dms2_bcsubamp in directory /fh/fast/bloom_j/computational_notebooks/adingens/2017/EnvsAntigenicAtlas

2018-08-23 10:50:09,228 - INFO - Progress is being logged to ./results/codoncounts/mut-virus-rep3-PG9-10ug.log
2018-08-23 10:50:12,393 - INFO - Version information:
	Time and date: Thu Aug 23 10:50:09 2018
	Platform: Linux-3.13.0-143-generic-x86_64-with-debian-jessie-sid
	Python version: 3.6.5 |Anaconda, Inc.| (default, Apr 29 2018, 16:14:56)  [GCC 7.2.0]
	dms_tools2 version: 2.2.8
	Bio version: 1.72
	HTSeq version: 0.10.0
	pandas version: 0.23.3
	numpy version: 1.15.0
	IPython version: 6.4.0
	jupyter version: 1.0.0
	matplotlib version: 2.2.2
	plotnine version: 0.3.0
	natsort version: 5.3.3
	pystan version: 2.16.0.0
	scipy version: 1.1.0
	seaborn version: 0.9.0
	phydmslib version: 2.3.1
	statsmodels version: 0.9.0
	rpy2 version: 2.9.1

2018-08-23 10:50:12,394 - INFO - Parsed the following arguments:
	outdir = ./results/codoncounts
	ncpus = -1
	use_existing = yes
	refseq = ./data/BG505.W6.C2.T332N_env.fasta
	alignspecs = ['87,375,39,36', '376,666,36,39', '663,954,33,41', '955,1228,33,37', '1228,1527,34,35', '1527,1815,32,39', '1816,2098,36,41']
	bclen = 8
	fastqdir = ./results/FASTQ_files/
	R2 = None
	R1trim = [200]
	R2trim = [170]
	bclen2 = None
	chartype = codon
	maxmuts = 4
	minq = 15
	minreads = 2
	minfraccall = 0.95
	minconcur = 0.75
	sitemask = None
	purgeread = 0
	purgebc = 0
	bcinfo = False
	name = mut-virus-rep3-PG9-10ug
	R1 = ['BG505_mut-virus-rep3-PG9-10ug_R1.fastq.gz']

2018-08-23 10:50:12,414 - INFO - Read refseq of 2583 codons from ./data/BG505.W6.C2.T332N_env.fasta
2018-08-23 10:50:12,415 - INFO - Reads are in these FASTQ pairs:
	./results/FASTQ_files/BG505_mut-virus-rep3-PG9-10ug_R1.fastq.gz and ./results/FASTQ_files/BG505_mut-virus-rep3-PG9-10ug_R2.fastq.gz

2018-08-23 10:50:12,415 - INFO - Now parsing read pairs...
2018-08-23 10:50:24,391 - INFO - Reads parsed so far: 500000
2018-08-23 10:50:36,299 - INFO - Reads parsed so far: 1000000
2018-08-23 10:50:47,829 - INFO - Reads parsed so far: 1500000
2018-08-23 10:50:59,323 - INFO - Reads parsed so far: 2000000
2018-08-23 10:51:10,309 - INFO - Reads parsed so far: 2500000
2018-08-23 10:51:22,222 - INFO - Reads parsed so far: 3000000
2018-08-23 10:51:33,170 - INFO - Reads parsed so far: 3500000
2018-08-23 10:51:44,246 - INFO - Reads parsed so far: 4000000
2018-08-23 10:51:56,459 - INFO - Reads parsed so far: 4500000
2018-08-23 10:52:07,619 - INFO - Reads parsed so far: 5000000
2018-08-23 10:52:14,273 - INFO - Parsed 5305674 reads, found 1954982 unique barcodes.
2018-08-23 10:52:14,279 - INFO - Summary stats on reads:
total  fail filter  low Q barcode
5305674            0         895983
2018-08-23 10:52:14,279 - INFO - Writing these stats to ./results/codoncounts/mut-virus-rep3-PG9-10ug_readstats.csv

2018-08-23 10:52:14,855 - INFO - Number of reads per barcode:
                 number of barcodes
number of reads                    
1                            848027
2                            438227
3                            301270
4                            186658
5                            100926
6                             47673
7                             20180
8                              7783
9                              2777
10                              948
11                              329
12                              117
13                               47
14                               14
15                                1
16                                4
194                               1
2018-08-23 10:52:14,855 - INFO - Writing these stats to ./results/codoncounts/mut-virus-rep3-PG9-10ug_readsperbc.csv

2018-08-23 10:52:14,859 - INFO - Examining the 1954982 barcodes to build and align subamplicons...
2018-08-23 10:52:24,165 - INFO - Barcodes examined so far: 200000
2018-08-23 10:52:32,971 - INFO - Barcodes examined so far: 400000
2018-08-23 10:52:41,277 - INFO - Barcodes examined so far: 600000
2018-08-23 10:52:48,933 - INFO - Barcodes examined so far: 800000
2018-08-23 10:52:56,093 - INFO - Barcodes examined so far: 1000000
2018-08-23 10:53:02,406 - INFO - Barcodes examined so far: 1200000
2018-08-23 10:53:07,750 - INFO - Barcodes examined so far: 1400000
2018-08-23 10:53:11,951 - INFO - Barcodes examined so far: 1600000
2018-08-23 10:53:14,550 - INFO - Barcodes examined so far: 1800000
2018-08-23 10:53:15,254 - INFO - Examined all barcodes. Summary stats:
total  too few reads  not alignable  aligned
1954982         848027         560184   546771
2018-08-23 10:53:15,254 - INFO - Writing these stats to ./results/codoncounts/mut-virus-rep3-PG9-10ug_bcstats.csv

2018-08-23 10:53:15,275 - INFO - Writing the counts of each codon identity at each site to ./results/codoncounts/mut-virus-rep3-PG9-10ug_codoncounts.csv

2018-08-23 10:53:15,323 - INFO - Successful completion of dms2_bcsubamp
