2018-08-23 10:50:15,696 - INFO - Beginning execution of dms2_bcsubamp in directory /fh/fast/bloom_j/computational_notebooks/adingens/2017/EnvsAntigenicAtlas

2018-08-23 10:50:15,696 - INFO - Progress is being logged to ./results/codoncounts/mut-virus-rep1-smear-PG9-10ug.log
2018-08-23 10:50:20,333 - INFO - Version information:
	Time and date: Thu Aug 23 10:50:15 2018
	Platform: Linux-3.13.0-143-generic-x86_64-with-debian-jessie-sid
	Python version: 3.6.5 |Anaconda, Inc.| (default, Apr 29 2018, 16:14:56)  [GCC 7.2.0]
	dms_tools2 version: 2.2.8
	Bio version: 1.72
	HTSeq version: 0.10.0
	pandas version: 0.23.3
	numpy version: 1.15.0
	IPython version: 6.4.0
	jupyter version: 1.0.0
	matplotlib version: 2.2.2
	plotnine version: 0.3.0
	natsort version: 5.3.3
	pystan version: 2.16.0.0
	scipy version: 1.1.0
	seaborn version: 0.9.0
	phydmslib version: 2.3.1
	statsmodels version: 0.9.0
	rpy2 version: 2.9.1

2018-08-23 10:50:20,334 - INFO - Parsed the following arguments:
	outdir = ./results/codoncounts
	ncpus = -1
	use_existing = yes
	refseq = ./data/BG505.W6.C2.T332N_env.fasta
	alignspecs = ['87,375,39,36', '376,666,36,39', '663,954,33,41', '955,1228,33,37', '1228,1527,34,35', '1527,1815,32,39', '1816,2098,36,41']
	bclen = 8
	fastqdir = ./results/FASTQ_files/
	R2 = None
	R1trim = [200]
	R2trim = [170]
	bclen2 = None
	chartype = codon
	maxmuts = 4
	minq = 15
	minreads = 2
	minfraccall = 0.95
	minconcur = 0.75
	sitemask = None
	purgeread = 0
	purgebc = 0
	bcinfo = False
	name = mut-virus-rep1-smear-PG9-10ug
	R1 = ['BG505_mut-virus-rep1-smear-PG9-10ug_R1.fastq.gz']

2018-08-23 10:50:20,369 - INFO - Read refseq of 2583 codons from ./data/BG505.W6.C2.T332N_env.fasta
2018-08-23 10:50:20,370 - INFO - Reads are in these FASTQ pairs:
	./results/FASTQ_files/BG505_mut-virus-rep1-smear-PG9-10ug_R1.fastq.gz and ./results/FASTQ_files/BG505_mut-virus-rep1-smear-PG9-10ug_R2.fastq.gz

2018-08-23 10:50:20,370 - INFO - Now parsing read pairs...
2018-08-23 10:50:31,763 - INFO - Reads parsed so far: 500000
2018-08-23 10:50:42,926 - INFO - Reads parsed so far: 1000000
2018-08-23 10:50:53,867 - INFO - Reads parsed so far: 1500000
2018-08-23 10:51:05,712 - INFO - Reads parsed so far: 2000000
2018-08-23 10:51:16,295 - INFO - Reads parsed so far: 2500000
2018-08-23 10:51:27,790 - INFO - Reads parsed so far: 3000000
2018-08-23 10:51:38,446 - INFO - Reads parsed so far: 3500000
2018-08-23 10:51:49,119 - INFO - Reads parsed so far: 4000000
2018-08-23 10:51:59,697 - INFO - Reads parsed so far: 4500000
2018-08-23 10:52:10,306 - INFO - Reads parsed so far: 5000000
2018-08-23 10:52:20,956 - INFO - Reads parsed so far: 5500000
2018-08-23 10:52:33,272 - INFO - Reads parsed so far: 6000000
2018-08-23 10:52:43,838 - INFO - Reads parsed so far: 6500000
2018-08-23 10:52:54,511 - INFO - Reads parsed so far: 7000000
2018-08-23 10:53:05,098 - INFO - Reads parsed so far: 7500000
2018-08-23 10:53:15,531 - INFO - Reads parsed so far: 8000000
2018-08-23 10:53:25,974 - INFO - Reads parsed so far: 8500000
2018-08-23 10:53:27,196 - INFO - Parsed 8558274 reads, found 1673197 unique barcodes.
2018-08-23 10:53:27,201 - INFO - Summary stats on reads:
total  fail filter  low Q barcode
8558274            0         691053
2018-08-23 10:53:27,201 - INFO - Writing these stats to ./results/codoncounts/mut-virus-rep1-smear-PG9-10ug_readstats.csv

2018-08-23 10:53:27,889 - INFO - Number of reads per barcode:
                 number of barcodes
number of reads                    
1                            286353
2                            138222
3                            192869
4                            224217
5                            222526
6                            193093
7                            149728
8                            104697
9                             67634
10                            40645
11                            23137
12                            13005
13                             7263
14                             3998
15                             2325
16                             1388
17                              886
18                              509
19                              318
20                              157
21                               85
22                               54
23                               32
24                               15
25                               12
26                                9
27                                1
28                                3
29                                1
30                                2
31                                2
37                                1
38                                3
39                                2
41                                1
53                                1
55                                1
81                                1
162                               1
2018-08-23 10:53:27,890 - INFO - Writing these stats to ./results/codoncounts/mut-virus-rep1-smear-PG9-10ug_readsperbc.csv

2018-08-23 10:53:27,895 - INFO - Examining the 1673197 barcodes to build and align subamplicons...
2018-08-23 10:53:42,437 - INFO - Barcodes examined so far: 200000
2018-08-23 10:53:55,165 - INFO - Barcodes examined so far: 400000
2018-08-23 10:54:07,647 - INFO - Barcodes examined so far: 600000
2018-08-23 10:54:19,732 - INFO - Barcodes examined so far: 800000
2018-08-23 10:54:31,044 - INFO - Barcodes examined so far: 1000000
2018-08-23 10:54:40,613 - INFO - Barcodes examined so far: 1200000
2018-08-23 10:54:45,366 - INFO - Barcodes examined so far: 1400000
2018-08-23 10:54:58,170 - INFO - Barcodes examined so far: 1600000
2018-08-23 10:55:01,356 - INFO - Examined all barcodes. Summary stats:
total  too few reads  not alignable  aligned
1673197         286353         112513  1274331
2018-08-23 10:55:01,356 - INFO - Writing these stats to ./results/codoncounts/mut-virus-rep1-smear-PG9-10ug_bcstats.csv

2018-08-23 10:55:01,385 - INFO - Writing the counts of each codon identity at each site to ./results/codoncounts/mut-virus-rep1-smear-PG9-10ug_codoncounts.csv

2018-08-23 10:55:01,434 - INFO - Successful completion of dms2_bcsubamp
