2018-08-23 11:02:17,301 - INFO - Beginning execution of dms2_bcsubamp in directory /fh/fast/bloom_j/computational_notebooks/adingens/2017/EnvsAntigenicAtlas

2018-08-23 11:02:17,301 - INFO - Progress is being logged to ./results/codoncounts/mut-virus-rep1b.log
2018-08-23 11:02:20,680 - INFO - Version information:
	Time and date: Thu Aug 23 11:02:17 2018
	Platform: Linux-3.13.0-143-generic-x86_64-with-debian-jessie-sid
	Python version: 3.6.5 |Anaconda, Inc.| (default, Apr 29 2018, 16:14:56)  [GCC 7.2.0]
	dms_tools2 version: 2.2.8
	Bio version: 1.72
	HTSeq version: 0.10.0
	pandas version: 0.23.3
	numpy version: 1.15.0
	IPython version: 6.4.0
	jupyter version: 1.0.0
	matplotlib version: 2.2.2
	plotnine version: 0.3.0
	natsort version: 5.3.3
	pystan version: 2.16.0.0
	scipy version: 1.1.0
	seaborn version: 0.9.0
	phydmslib version: 2.3.1
	statsmodels version: 0.9.0
	rpy2 version: 2.9.1

2018-08-23 11:02:20,681 - INFO - Parsed the following arguments:
	outdir = ./results/codoncounts
	ncpus = -1
	use_existing = yes
	refseq = ./data/BG505.W6.C2.T332N_env.fasta
	alignspecs = ['87,375,39,36', '376,666,36,39', '663,954,33,41', '955,1228,33,37', '1228,1527,34,35', '1527,1815,32,39', '1816,2098,36,41']
	bclen = 8
	fastqdir = ./results/FASTQ_files/
	R2 = None
	R1trim = [200]
	R2trim = [170]
	bclen2 = None
	chartype = codon
	maxmuts = 4
	minq = 15
	minreads = 2
	minfraccall = 0.95
	minconcur = 0.75
	sitemask = None
	purgeread = 0
	purgebc = 0
	bcinfo = False
	name = mut-virus-rep1b
	R1 = ['BG505_mut-virus-rep1b_R1.fastq.gz']

2018-08-23 11:02:20,701 - INFO - Read refseq of 2583 codons from ./data/BG505.W6.C2.T332N_env.fasta
2018-08-23 11:02:20,702 - INFO - Reads are in these FASTQ pairs:
	./results/FASTQ_files/BG505_mut-virus-rep1b_R1.fastq.gz and ./results/FASTQ_files/BG505_mut-virus-rep1b_R2.fastq.gz

2018-08-23 11:02:20,702 - INFO - Now parsing read pairs...
2018-08-23 11:02:31,866 - INFO - Reads parsed so far: 500000
2018-08-23 11:02:43,082 - INFO - Reads parsed so far: 1000000
2018-08-23 11:02:53,507 - INFO - Reads parsed so far: 1500000
2018-08-23 11:03:04,360 - INFO - Reads parsed so far: 2000000
2018-08-23 11:03:14,570 - INFO - Reads parsed so far: 2500000
2018-08-23 11:03:24,813 - INFO - Reads parsed so far: 3000000
2018-08-23 11:03:35,165 - INFO - Reads parsed so far: 3500000
2018-08-23 11:03:46,405 - INFO - Reads parsed so far: 4000000
2018-08-23 11:03:56,652 - INFO - Reads parsed so far: 4500000
2018-08-23 11:04:06,900 - INFO - Reads parsed so far: 5000000
2018-08-23 11:04:17,181 - INFO - Reads parsed so far: 5500000
2018-08-23 11:04:27,487 - INFO - Reads parsed so far: 6000000
2018-08-23 11:04:37,631 - INFO - Reads parsed so far: 6500000
2018-08-23 11:04:38,256 - INFO - Parsed 6532156 reads, found 942781 unique barcodes.
2018-08-23 11:04:38,269 - INFO - Summary stats on reads:
total  fail filter  low Q barcode
6532156            0         676530
2018-08-23 11:04:38,269 - INFO - Writing these stats to ./results/codoncounts/mut-virus-rep1b_readstats.csv

2018-08-23 11:04:38,592 - INFO - Number of reads per barcode:
                 number of barcodes
number of reads                    
1                            180086
2                             34861
3                             50443
4                             67843
5                             83290
6                             90751
7                             89966
8                             83217
9                             70990
10                            57570
11                            43381
12                            31752
13                            21808
14                            14274
15                             9050
16                             5649
17                             3288
18                             1971
19                             1083
20                              625
21                              381
22                              200
23                              109
24                               66
25                               51
26                               12
27                               23
28                               16
29                               10
30                                3
31                                6
32                                3
33                                1
35                                2
2018-08-23 11:04:38,592 - INFO - Writing these stats to ./results/codoncounts/mut-virus-rep1b_readsperbc.csv

2018-08-23 11:04:38,598 - INFO - Examining the 942781 barcodes to build and align subamplicons...
2018-08-23 11:04:52,750 - INFO - Barcodes examined so far: 200000
2018-08-23 11:05:06,116 - INFO - Barcodes examined so far: 400000
2018-08-23 11:05:18,564 - INFO - Barcodes examined so far: 600000
2018-08-23 11:05:28,888 - INFO - Barcodes examined so far: 800000
2018-08-23 11:05:31,264 - INFO - Examined all barcodes. Summary stats:
total  too few reads  not alignable  aligned
942781         180086          52414   710281
2018-08-23 11:05:31,264 - INFO - Writing these stats to ./results/codoncounts/mut-virus-rep1b_bcstats.csv

2018-08-23 11:05:31,287 - INFO - Writing the counts of each codon identity at each site to ./results/codoncounts/mut-virus-rep1b_codoncounts.csv

2018-08-23 11:05:31,339 - INFO - Successful completion of dms2_bcsubamp
