2018-08-23 10:59:00,121 - INFO - Beginning execution of dms2_bcsubamp in directory /fh/fast/bloom_j/computational_notebooks/adingens/2017/EnvsAntigenicAtlas

2018-08-23 10:59:00,121 - INFO - Progress is being logged to ./results/codoncounts/mut-virus-rep3b-PGT121-3-5ug.log
2018-08-23 10:59:05,493 - INFO - Version information:
	Time and date: Thu Aug 23 10:59:00 2018
	Platform: Linux-3.13.0-143-generic-x86_64-with-debian-jessie-sid
	Python version: 3.6.5 |Anaconda, Inc.| (default, Apr 29 2018, 16:14:56)  [GCC 7.2.0]
	dms_tools2 version: 2.2.8
	Bio version: 1.72
	HTSeq version: 0.10.0
	pandas version: 0.23.3
	numpy version: 1.15.0
	IPython version: 6.4.0
	jupyter version: 1.0.0
	matplotlib version: 2.2.2
	plotnine version: 0.3.0
	natsort version: 5.3.3
	pystan version: 2.16.0.0
	scipy version: 1.1.0
	seaborn version: 0.9.0
	phydmslib version: 2.3.1
	statsmodels version: 0.9.0
	rpy2 version: 2.9.1

2018-08-23 10:59:05,494 - INFO - Parsed the following arguments:
	outdir = ./results/codoncounts
	ncpus = -1
	use_existing = yes
	refseq = ./data/BG505.W6.C2.T332N_env.fasta
	alignspecs = ['87,375,39,36', '376,666,36,39', '663,954,33,41', '955,1228,33,37', '1228,1527,34,35', '1527,1815,32,39', '1816,2098,36,41']
	bclen = 8
	fastqdir = ./results/FASTQ_files/
	R2 = None
	R1trim = [200]
	R2trim = [170]
	bclen2 = None
	chartype = codon
	maxmuts = 4
	minq = 15
	minreads = 2
	minfraccall = 0.95
	minconcur = 0.75
	sitemask = None
	purgeread = 0
	purgebc = 0
	bcinfo = False
	name = mut-virus-rep3b-PGT121-3-5ug
	R1 = ['BG505_mut-virus-rep3b-PGT121-3-5ug_R1.fastq.gz']

2018-08-23 10:59:05,535 - INFO - Read refseq of 2583 codons from ./data/BG505.W6.C2.T332N_env.fasta
2018-08-23 10:59:05,537 - INFO - Reads are in these FASTQ pairs:
	./results/FASTQ_files/BG505_mut-virus-rep3b-PGT121-3-5ug_R1.fastq.gz and ./results/FASTQ_files/BG505_mut-virus-rep3b-PGT121-3-5ug_R2.fastq.gz

2018-08-23 10:59:05,537 - INFO - Now parsing read pairs...
2018-08-23 10:59:16,837 - INFO - Reads parsed so far: 500000
2018-08-23 10:59:27,866 - INFO - Reads parsed so far: 1000000
2018-08-23 10:59:38,742 - INFO - Reads parsed so far: 1500000
2018-08-23 10:59:49,126 - INFO - Reads parsed so far: 2000000
2018-08-23 11:00:00,129 - INFO - Reads parsed so far: 2500000
2018-08-23 11:00:10,451 - INFO - Reads parsed so far: 3000000
2018-08-23 11:00:20,690 - INFO - Reads parsed so far: 3500000
2018-08-23 11:00:31,082 - INFO - Reads parsed so far: 4000000
2018-08-23 11:00:41,430 - INFO - Reads parsed so far: 4500000
2018-08-23 11:00:41,687 - INFO - Parsed 4512298 reads, found 1035854 unique barcodes.
2018-08-23 11:00:41,692 - INFO - Summary stats on reads:
total  fail filter  low Q barcode
4512298            0         484368
2018-08-23 11:00:41,692 - INFO - Writing these stats to ./results/codoncounts/mut-virus-rep3b-PGT121-3-5ug_readstats.csv

2018-08-23 11:00:42,010 - INFO - Number of reads per barcode:
                 number of barcodes
number of reads                    
1                            220685
2                            130626
3                            153051
4                            151851
5                            129689
6                             97209
7                             66079
8                             40053
9                             22890
10                            12237
11                             6119
12                             2851
13                             1382
14                              598
15                              281
16                              127
17                               57
18                               34
19                               21
20                                5
21                                6
22                                1
23                                2
2018-08-23 11:00:42,010 - INFO - Writing these stats to ./results/codoncounts/mut-virus-rep3b-PGT121-3-5ug_readsperbc.csv

2018-08-23 11:00:42,015 - INFO - Examining the 1035854 barcodes to build and align subamplicons...
2018-08-23 11:00:54,780 - INFO - Barcodes examined so far: 200000
2018-08-23 11:01:06,947 - INFO - Barcodes examined so far: 400000
2018-08-23 11:01:18,547 - INFO - Barcodes examined so far: 600000
2018-08-23 11:01:28,766 - INFO - Barcodes examined so far: 800000
2018-08-23 11:01:35,084 - INFO - Barcodes examined so far: 1000000
2018-08-23 11:01:35,260 - INFO - Examined all barcodes. Summary stats:
total  too few reads  not alignable  aligned
1035854         220685          66995   748174
2018-08-23 11:01:35,260 - INFO - Writing these stats to ./results/codoncounts/mut-virus-rep3b-PGT121-3-5ug_bcstats.csv

2018-08-23 11:01:35,281 - INFO - Writing the counts of each codon identity at each site to ./results/codoncounts/mut-virus-rep3b-PGT121-3-5ug_codoncounts.csv

2018-08-23 11:01:35,329 - INFO - Successful completion of dms2_bcsubamp
