2018-08-23 10:55:08,124 - INFO - Beginning execution of dms2_bcsubamp in directory /fh/fast/bloom_j/computational_notebooks/adingens/2017/EnvsAntigenicAtlas

2018-08-23 10:55:08,124 - INFO - Progress is being logged to ./results/codoncounts/mut-virus-rep2b-3BNC117-3ug.log
2018-08-23 10:55:11,504 - INFO - Version information:
	Time and date: Thu Aug 23 10:55:08 2018
	Platform: Linux-3.13.0-143-generic-x86_64-with-debian-jessie-sid
	Python version: 3.6.5 |Anaconda, Inc.| (default, Apr 29 2018, 16:14:56)  [GCC 7.2.0]
	dms_tools2 version: 2.2.8
	Bio version: 1.72
	HTSeq version: 0.10.0
	pandas version: 0.23.3
	numpy version: 1.15.0
	IPython version: 6.4.0
	jupyter version: 1.0.0
	matplotlib version: 2.2.2
	plotnine version: 0.3.0
	natsort version: 5.3.3
	pystan version: 2.16.0.0
	scipy version: 1.1.0
	seaborn version: 0.9.0
	phydmslib version: 2.3.1
	statsmodels version: 0.9.0
	rpy2 version: 2.9.1

2018-08-23 10:55:11,505 - INFO - Parsed the following arguments:
	outdir = ./results/codoncounts
	ncpus = -1
	use_existing = yes
	refseq = ./data/BG505.W6.C2.T332N_env.fasta
	alignspecs = ['87,375,39,36', '376,666,36,39', '663,954,33,41', '955,1228,33,37', '1228,1527,34,35', '1527,1815,32,39', '1816,2098,36,41']
	bclen = 8
	fastqdir = ./results/FASTQ_files/
	R2 = None
	R1trim = [200]
	R2trim = [170]
	bclen2 = None
	chartype = codon
	maxmuts = 4
	minq = 15
	minreads = 2
	minfraccall = 0.95
	minconcur = 0.75
	sitemask = None
	purgeread = 0
	purgebc = 0
	bcinfo = False
	name = mut-virus-rep2b-3BNC117-3ug
	R1 = ['BG505_mut-virus-rep2b-3BNC117-3ug_R1.fastq.gz']

2018-08-23 10:55:11,533 - INFO - Read refseq of 2583 codons from ./data/BG505.W6.C2.T332N_env.fasta
2018-08-23 10:55:11,537 - INFO - Reads are in these FASTQ pairs:
	./results/FASTQ_files/BG505_mut-virus-rep2b-3BNC117-3ug_R1.fastq.gz and ./results/FASTQ_files/BG505_mut-virus-rep2b-3BNC117-3ug_R2.fastq.gz

2018-08-23 10:55:11,537 - INFO - Now parsing read pairs...
2018-08-23 10:55:23,106 - INFO - Reads parsed so far: 500000
2018-08-23 10:55:34,795 - INFO - Reads parsed so far: 1000000
2018-08-23 10:55:45,899 - INFO - Reads parsed so far: 1500000
2018-08-23 10:55:57,326 - INFO - Reads parsed so far: 2000000
2018-08-23 10:56:07,832 - INFO - Reads parsed so far: 2500000
2018-08-23 10:56:19,054 - INFO - Reads parsed so far: 3000000
2018-08-23 10:56:29,454 - INFO - Reads parsed so far: 3500000
2018-08-23 10:56:39,770 - INFO - Reads parsed so far: 4000000
2018-08-23 10:56:51,407 - INFO - Reads parsed so far: 4500000
2018-08-23 10:57:01,562 - INFO - Reads parsed so far: 5000000
2018-08-23 10:57:07,891 - INFO - Parsed 5312530 reads, found 1946367 unique barcodes.
2018-08-23 10:57:07,895 - INFO - Summary stats on reads:
total  fail filter  low Q barcode
5312530            0         372299
2018-08-23 10:57:07,895 - INFO - Writing these stats to ./results/codoncounts/mut-virus-rep2b-3BNC117-3ug_readstats.csv

2018-08-23 10:57:08,437 - INFO - Number of reads per barcode:
                 number of barcodes
number of reads                    
1                            719881
2                            396836
3                            340597
4                            235487
5                            136344
6                             68448
7                             29876
8                             12094
9                              4517
10                             1532
11                              511
12                              159
13                               55
14                               22
15                                6
16                                2
2018-08-23 10:57:08,437 - INFO - Writing these stats to ./results/codoncounts/mut-virus-rep2b-3BNC117-3ug_readsperbc.csv

2018-08-23 10:57:08,441 - INFO - Examining the 1946367 barcodes to build and align subamplicons...
2018-08-23 10:57:18,773 - INFO - Barcodes examined so far: 200000
2018-08-23 10:57:28,618 - INFO - Barcodes examined so far: 400000
2018-08-23 10:57:38,015 - INFO - Barcodes examined so far: 600000
2018-08-23 10:57:46,897 - INFO - Barcodes examined so far: 800000
2018-08-23 10:57:55,180 - INFO - Barcodes examined so far: 1000000
2018-08-23 10:58:02,747 - INFO - Barcodes examined so far: 1200000
2018-08-23 10:58:08,919 - INFO - Barcodes examined so far: 1400000
2018-08-23 10:58:12,946 - INFO - Barcodes examined so far: 1600000
2018-08-23 10:58:16,402 - INFO - Barcodes examined so far: 1800000
2018-08-23 10:58:22,541 - INFO - Examined all barcodes. Summary stats:
total  too few reads  not alignable  aligned
1946367         719881         126683  1099803
2018-08-23 10:58:22,542 - INFO - Writing these stats to ./results/codoncounts/mut-virus-rep2b-3BNC117-3ug_bcstats.csv

2018-08-23 10:58:22,567 - INFO - Writing the counts of each codon identity at each site to ./results/codoncounts/mut-virus-rep2b-3BNC117-3ug_codoncounts.csv

2018-08-23 10:58:22,626 - INFO - Successful completion of dms2_bcsubamp
