2018-08-27 20:10:07,765 - INFO - Beginning execution of dms2_bcsubamp in directory /fh/fast/bloom_j/computational_notebooks/adingens/2017/EnvsAntigenicAtlas

2018-08-27 20:10:07,765 - INFO - Progress is being logged to ./results/codoncounts/mut-virus-rep3-PGT151-0-2ug.log
2018-08-27 20:10:14,746 - INFO - Version information:
	Time and date: Mon Aug 27 20:10:07 2018
	Platform: Linux-3.13.0-143-generic-x86_64-with-debian-jessie-sid
	Python version: 3.6.5 |Anaconda, Inc.| (default, Apr 29 2018, 16:14:56)  [GCC 7.2.0]
	dms_tools2 version: 2.2.8
	Bio version: 1.72
	HTSeq version: 0.10.0
	pandas version: 0.23.3
	numpy version: 1.15.0
	IPython version: 6.4.0
	jupyter version: 1.0.0
	matplotlib version: 2.2.2
	plotnine version: 0.3.0
	natsort version: 5.3.3
	pystan version: 2.16.0.0
	scipy version: 1.1.0
	seaborn version: 0.9.0
	phydmslib version: 2.3.1
	statsmodels version: 0.9.0
	rpy2 version: 2.9.1

2018-08-27 20:10:14,748 - INFO - Parsed the following arguments:
	outdir = ./results/codoncounts
	ncpus = -1
	use_existing = yes
	refseq = ./data/BG505.W6.C2.T332N_env.fasta
	alignspecs = ['87,375,39,36', '376,666,36,39', '663,954,33,41', '955,1228,33,37', '1228,1527,34,35', '1527,1815,32,39', '1816,2098,36,41']
	bclen = 8
	fastqdir = ./results/FASTQ_files/
	R2 = None
	R1trim = [200]
	R2trim = [170]
	bclen2 = None
	chartype = codon
	maxmuts = 4
	minq = 15
	minreads = 2
	minfraccall = 0.95
	minconcur = 0.75
	sitemask = None
	purgeread = 0
	purgebc = 0
	bcinfo = False
	name = mut-virus-rep3-PGT151-0-2ug
	R1 = ['BG505_mut-virus-rep3-PGT151-0-2ug_R1.fastq.gz']

2018-08-27 20:10:14,832 - INFO - Read refseq of 2583 codons from ./data/BG505.W6.C2.T332N_env.fasta
2018-08-27 20:10:14,835 - INFO - Reads are in these FASTQ pairs:
	./results/FASTQ_files/BG505_mut-virus-rep3-PGT151-0-2ug_R1.fastq.gz and ./results/FASTQ_files/BG505_mut-virus-rep3-PGT151-0-2ug_R2.fastq.gz

2018-08-27 20:10:14,835 - INFO - Now parsing read pairs...
2018-08-27 20:10:26,857 - INFO - Reads parsed so far: 500000
2018-08-27 20:10:38,808 - INFO - Reads parsed so far: 1000000
2018-08-27 20:10:50,759 - INFO - Reads parsed so far: 1500000
2018-08-27 20:11:02,887 - INFO - Reads parsed so far: 2000000
2018-08-27 20:11:15,048 - INFO - Reads parsed so far: 2500000
2018-08-27 20:11:26,141 - INFO - Reads parsed so far: 3000000
2018-08-27 20:11:37,082 - INFO - Reads parsed so far: 3500000
2018-08-27 20:11:49,831 - INFO - Reads parsed so far: 4000000
2018-08-27 20:12:00,803 - INFO - Reads parsed so far: 4500000
2018-08-27 20:12:13,077 - INFO - Reads parsed so far: 5000000
2018-08-27 20:12:25,078 - INFO - Reads parsed so far: 5500000
2018-08-27 20:12:34,528 - INFO - Parsed 5802926 reads, found 2168226 unique barcodes.
2018-08-27 20:12:34,545 - INFO - Summary stats on reads:
total  fail filter  low Q barcode
5802926            0         962979
2018-08-27 20:12:34,546 - INFO - Writing these stats to ./results/codoncounts/mut-virus-rep3-PGT151-0-2ug_readstats.csv

2018-08-27 20:12:35,172 - INFO - Number of reads per barcode:
                 number of barcodes
number of reads                    
1                            937959
2                            502984
3                            336397
4                            202030
5                            106497
6                             49414
7                             20737
8                              7896
9                              2804
10                              965
11                              348
12                              118
13                               40
14                               24
15                                5
16                                3
17                                1
18                                2
19                                1
232                               1
2018-08-27 20:12:35,172 - INFO - Writing these stats to ./results/codoncounts/mut-virus-rep3-PGT151-0-2ug_readsperbc.csv

2018-08-27 20:12:35,178 - INFO - Examining the 2168226 barcodes to build and align subamplicons...
2018-08-27 20:12:44,727 - INFO - Barcodes examined so far: 200000
2018-08-27 20:12:53,894 - INFO - Barcodes examined so far: 400000
2018-08-27 20:13:02,441 - INFO - Barcodes examined so far: 600000
2018-08-27 20:13:10,525 - INFO - Barcodes examined so far: 800000
2018-08-27 20:13:18,463 - INFO - Barcodes examined so far: 1000000
2018-08-27 20:13:26,047 - INFO - Barcodes examined so far: 1200000
2018-08-27 20:13:32,644 - INFO - Barcodes examined so far: 1400000
2018-08-27 20:13:38,159 - INFO - Barcodes examined so far: 1600000
2018-08-27 20:13:42,451 - INFO - Barcodes examined so far: 1800000
2018-08-27 20:13:45,222 - INFO - Barcodes examined so far: 2000000
2018-08-27 20:13:46,073 - INFO - Examined all barcodes. Summary stats:
total  too few reads  not alignable  aligned
2168226         937959         680882   549385
2018-08-27 20:13:46,074 - INFO - Writing these stats to ./results/codoncounts/mut-virus-rep3-PGT151-0-2ug_bcstats.csv

2018-08-27 20:13:46,104 - INFO - Writing the counts of each codon identity at each site to ./results/codoncounts/mut-virus-rep3-PGT151-0-2ug_codoncounts.csv

2018-08-27 20:13:46,156 - INFO - Successful completion of dms2_bcsubamp
