2018-08-23 10:46:57,359 - INFO - Beginning execution of dms2_bcsubamp in directory /fh/fast/bloom_j/computational_notebooks/adingens/2017/EnvsAntigenicAtlas

2018-08-23 10:46:57,359 - INFO - Progress is being logged to ./results/codoncounts/mut-virus-rep2b-3BNC117-4ug.log
2018-08-23 10:47:04,892 - INFO - Version information:
	Time and date: Thu Aug 23 10:46:57 2018
	Platform: Linux-3.13.0-143-generic-x86_64-with-debian-jessie-sid
	Python version: 3.6.5 |Anaconda, Inc.| (default, Apr 29 2018, 16:14:56)  [GCC 7.2.0]
	dms_tools2 version: 2.2.8
	Bio version: 1.72
	HTSeq version: 0.10.0
	pandas version: 0.23.3
	numpy version: 1.15.0
	IPython version: 6.4.0
	jupyter version: 1.0.0
	matplotlib version: 2.2.2
	plotnine version: 0.3.0
	natsort version: 5.3.3
	pystan version: 2.16.0.0
	scipy version: 1.1.0
	seaborn version: 0.9.0
	phydmslib version: 2.3.1
	statsmodels version: 0.9.0
	rpy2 version: 2.9.1

2018-08-23 10:47:04,893 - INFO - Parsed the following arguments:
	outdir = ./results/codoncounts
	ncpus = -1
	use_existing = yes
	refseq = ./data/BG505.W6.C2.T332N_env.fasta
	alignspecs = ['87,375,39,36', '376,666,36,39', '663,954,33,41', '955,1228,33,37', '1228,1527,34,35', '1527,1815,32,39', '1816,2098,36,41']
	bclen = 8
	fastqdir = ./results/FASTQ_files/
	R2 = None
	R1trim = [200]
	R2trim = [170]
	bclen2 = None
	chartype = codon
	maxmuts = 4
	minq = 15
	minreads = 2
	minfraccall = 0.95
	minconcur = 0.75
	sitemask = None
	purgeread = 0
	purgebc = 0
	bcinfo = False
	name = mut-virus-rep2b-3BNC117-4ug
	R1 = ['BG505_mut-virus-rep2b-3BNC117-4ug_R1.fastq.gz']

2018-08-23 10:47:04,972 - INFO - Read refseq of 2583 codons from ./data/BG505.W6.C2.T332N_env.fasta
2018-08-23 10:47:04,976 - INFO - Reads are in these FASTQ pairs:
	./results/FASTQ_files/BG505_mut-virus-rep2b-3BNC117-4ug_R1.fastq.gz and ./results/FASTQ_files/BG505_mut-virus-rep2b-3BNC117-4ug_R2.fastq.gz

2018-08-23 10:47:04,976 - INFO - Now parsing read pairs...
2018-08-23 10:47:16,635 - INFO - Reads parsed so far: 500000
2018-08-23 10:47:27,740 - INFO - Reads parsed so far: 1000000
2018-08-23 10:47:38,500 - INFO - Reads parsed so far: 1500000
2018-08-23 10:47:49,442 - INFO - Reads parsed so far: 2000000
2018-08-23 10:47:59,773 - INFO - Reads parsed so far: 2500000
2018-08-23 10:48:10,915 - INFO - Reads parsed so far: 3000000
2018-08-23 10:48:21,210 - INFO - Reads parsed so far: 3500000
2018-08-23 10:48:31,567 - INFO - Reads parsed so far: 4000000
2018-08-23 10:48:43,143 - INFO - Reads parsed so far: 4500000
2018-08-23 10:48:53,284 - INFO - Reads parsed so far: 5000000
2018-08-23 10:48:53,683 - INFO - Parsed 5019567 reads, found 1917185 unique barcodes.
2018-08-23 10:48:53,687 - INFO - Summary stats on reads:
total  fail filter  low Q barcode
5019567            0         362831
2018-08-23 10:48:53,688 - INFO - Writing these stats to ./results/codoncounts/mut-virus-rep2b-3BNC117-4ug_readstats.csv

2018-08-23 10:48:54,334 - INFO - Number of reads per barcode:
                 number of barcodes
number of reads                    
1                            746488
2                            408736
3                            329417
4                            216584
5                            119295
6                             57584
7                             24421
8                              9422
9                              3412
10                             1217
11                              408
12                              133
13                               43
14                               16
15                                6
17                                2
18                                1
2018-08-23 10:48:54,334 - INFO - Writing these stats to ./results/codoncounts/mut-virus-rep2b-3BNC117-4ug_readsperbc.csv

2018-08-23 10:48:54,339 - INFO - Examining the 1917185 barcodes to build and align subamplicons...
2018-08-23 10:49:04,698 - INFO - Barcodes examined so far: 200000
2018-08-23 10:49:14,692 - INFO - Barcodes examined so far: 400000
2018-08-23 10:49:24,041 - INFO - Barcodes examined so far: 600000
2018-08-23 10:49:32,793 - INFO - Barcodes examined so far: 800000
2018-08-23 10:49:40,632 - INFO - Barcodes examined so far: 1000000
2018-08-23 10:49:47,566 - INFO - Barcodes examined so far: 1200000
2018-08-23 10:49:53,179 - INFO - Barcodes examined so far: 1400000
2018-08-23 10:49:56,668 - INFO - Barcodes examined so far: 1600000
2018-08-23 10:50:00,867 - INFO - Barcodes examined so far: 1800000
2018-08-23 10:50:05,778 - INFO - Examined all barcodes. Summary stats:
total  too few reads  not alignable  aligned
1917185         746488         125423  1045274
2018-08-23 10:50:05,778 - INFO - Writing these stats to ./results/codoncounts/mut-virus-rep2b-3BNC117-4ug_bcstats.csv

2018-08-23 10:50:05,801 - INFO - Writing the counts of each codon identity at each site to ./results/codoncounts/mut-virus-rep2b-3BNC117-4ug_codoncounts.csv

2018-08-23 10:50:05,849 - INFO - Successful completion of dms2_bcsubamp
