2018-08-23 10:54:49,542 - INFO - Beginning execution of dms2_bcsubamp in directory /fh/fast/bloom_j/computational_notebooks/adingens/2017/EnvsAntigenicAtlas

2018-08-23 10:54:49,542 - INFO - Progress is being logged to ./results/codoncounts/mut-virus-rep3-VRC01-11ug.log
2018-08-23 10:54:52,780 - INFO - Version information:
	Time and date: Thu Aug 23 10:54:49 2018
	Platform: Linux-3.13.0-143-generic-x86_64-with-debian-jessie-sid
	Python version: 3.6.5 |Anaconda, Inc.| (default, Apr 29 2018, 16:14:56)  [GCC 7.2.0]
	dms_tools2 version: 2.2.8
	Bio version: 1.72
	HTSeq version: 0.10.0
	pandas version: 0.23.3
	numpy version: 1.15.0
	IPython version: 6.4.0
	jupyter version: 1.0.0
	matplotlib version: 2.2.2
	plotnine version: 0.3.0
	natsort version: 5.3.3
	pystan version: 2.16.0.0
	scipy version: 1.1.0
	seaborn version: 0.9.0
	phydmslib version: 2.3.1
	statsmodels version: 0.9.0
	rpy2 version: 2.9.1

2018-08-23 10:54:52,781 - INFO - Parsed the following arguments:
	outdir = ./results/codoncounts
	ncpus = -1
	use_existing = yes
	refseq = ./data/BG505.W6.C2.T332N_env.fasta
	alignspecs = ['87,375,39,36', '376,666,36,39', '663,954,33,41', '955,1228,33,37', '1228,1527,34,35', '1527,1815,32,39', '1816,2098,36,41']
	bclen = 8
	fastqdir = ./results/FASTQ_files/
	R2 = None
	R1trim = [200]
	R2trim = [170]
	bclen2 = None
	chartype = codon
	maxmuts = 4
	minq = 15
	minreads = 2
	minfraccall = 0.95
	minconcur = 0.75
	sitemask = None
	purgeread = 0
	purgebc = 0
	bcinfo = False
	name = mut-virus-rep3-VRC01-11ug
	R1 = ['BG505_mut-virus-rep3-VRC01-11ug_R1.fastq.gz']

2018-08-23 10:54:52,801 - INFO - Read refseq of 2583 codons from ./data/BG505.W6.C2.T332N_env.fasta
2018-08-23 10:54:52,802 - INFO - Reads are in these FASTQ pairs:
	./results/FASTQ_files/BG505_mut-virus-rep3-VRC01-11ug_R1.fastq.gz and ./results/FASTQ_files/BG505_mut-virus-rep3-VRC01-11ug_R2.fastq.gz

2018-08-23 10:54:52,802 - INFO - Now parsing read pairs...
2018-08-23 10:55:04,844 - INFO - Reads parsed so far: 500000
2018-08-23 10:55:16,699 - INFO - Reads parsed so far: 1000000
2018-08-23 10:55:28,146 - INFO - Reads parsed so far: 1500000
2018-08-23 10:55:39,682 - INFO - Reads parsed so far: 2000000
2018-08-23 10:55:50,677 - INFO - Reads parsed so far: 2500000
2018-08-23 10:56:02,443 - INFO - Reads parsed so far: 3000000
2018-08-23 10:56:13,343 - INFO - Reads parsed so far: 3500000
2018-08-23 10:56:25,408 - INFO - Reads parsed so far: 4000000
2018-08-23 10:56:36,360 - INFO - Reads parsed so far: 4500000
2018-08-23 10:56:47,301 - INFO - Reads parsed so far: 5000000
2018-08-23 10:56:52,366 - INFO - Parsed 5230844 reads, found 1971388 unique barcodes.
2018-08-23 10:56:52,370 - INFO - Summary stats on reads:
total  fail filter  low Q barcode
5230844            0         872694
2018-08-23 10:56:52,370 - INFO - Writing these stats to ./results/codoncounts/mut-virus-rep3-VRC01-11ug_readstats.csv

2018-08-23 10:56:52,962 - INFO - Number of reads per barcode:
                 number of barcodes
number of reads                    
1                            871178
2                            450598
3                            300401
4                            180792
5                             95122
6                             44046
7                             18483
8                              6996
9                              2485
10                              822
11                              299
12                               94
13                               46
14                               16
15                                3
16                                6
205                               1
2018-08-23 10:56:52,963 - INFO - Writing these stats to ./results/codoncounts/mut-virus-rep3-VRC01-11ug_readsperbc.csv

2018-08-23 10:56:52,970 - INFO - Examining the 1971388 barcodes to build and align subamplicons...
2018-08-23 10:57:02,064 - INFO - Barcodes examined so far: 200000
2018-08-23 10:57:10,636 - INFO - Barcodes examined so far: 400000
2018-08-23 10:57:18,725 - INFO - Barcodes examined so far: 600000
2018-08-23 10:57:26,180 - INFO - Barcodes examined so far: 800000
2018-08-23 10:57:33,140 - INFO - Barcodes examined so far: 1000000
2018-08-23 10:57:39,284 - INFO - Barcodes examined so far: 1200000
2018-08-23 10:57:44,499 - INFO - Barcodes examined so far: 1400000
2018-08-23 10:57:48,766 - INFO - Barcodes examined so far: 1600000
2018-08-23 10:57:51,480 - INFO - Barcodes examined so far: 1800000
2018-08-23 10:57:52,335 - INFO - Examined all barcodes. Summary stats:
total  too few reads  not alignable  aligned
1971388         871178         586916   513294
2018-08-23 10:57:52,335 - INFO - Writing these stats to ./results/codoncounts/mut-virus-rep3-VRC01-11ug_bcstats.csv

2018-08-23 10:57:52,359 - INFO - Writing the counts of each codon identity at each site to ./results/codoncounts/mut-virus-rep3-VRC01-11ug_codoncounts.csv

2018-08-23 10:57:52,414 - INFO - Successful completion of dms2_bcsubamp
