2018-08-23 10:50:07,774 - INFO - Beginning execution of dms2_bcsubamp in directory /fh/fast/bloom_j/computational_notebooks/adingens/2017/EnvsAntigenicAtlas

2018-08-23 10:50:07,774 - INFO - Progress is being logged to ./results/codoncounts/mut-virus-rep1-PG9-10ug.log
2018-08-23 10:50:10,987 - INFO - Version information:
	Time and date: Thu Aug 23 10:50:07 2018
	Platform: Linux-3.13.0-143-generic-x86_64-with-debian-jessie-sid
	Python version: 3.6.5 |Anaconda, Inc.| (default, Apr 29 2018, 16:14:56)  [GCC 7.2.0]
	dms_tools2 version: 2.2.8
	Bio version: 1.72
	HTSeq version: 0.10.0
	pandas version: 0.23.3
	numpy version: 1.15.0
	IPython version: 6.4.0
	jupyter version: 1.0.0
	matplotlib version: 2.2.2
	plotnine version: 0.3.0
	natsort version: 5.3.3
	pystan version: 2.16.0.0
	scipy version: 1.1.0
	seaborn version: 0.9.0
	phydmslib version: 2.3.1
	statsmodels version: 0.9.0
	rpy2 version: 2.9.1

2018-08-23 10:50:10,987 - INFO - Parsed the following arguments:
	outdir = ./results/codoncounts
	ncpus = -1
	use_existing = yes
	refseq = ./data/BG505.W6.C2.T332N_env.fasta
	alignspecs = ['87,375,39,36', '376,666,36,39', '663,954,33,41', '955,1228,33,37', '1228,1527,34,35', '1527,1815,32,39', '1816,2098,36,41']
	bclen = 8
	fastqdir = ./results/FASTQ_files/
	R2 = None
	R1trim = [200]
	R2trim = [170]
	bclen2 = None
	chartype = codon
	maxmuts = 4
	minq = 15
	minreads = 2
	minfraccall = 0.95
	minconcur = 0.75
	sitemask = None
	purgeread = 0
	purgebc = 0
	bcinfo = False
	name = mut-virus-rep1-PG9-10ug
	R1 = ['BG505_mut-virus-rep1-PG9-10ug_R1.fastq.gz']

2018-08-23 10:50:11,021 - INFO - Read refseq of 2583 codons from ./data/BG505.W6.C2.T332N_env.fasta
2018-08-23 10:50:11,023 - INFO - Reads are in these FASTQ pairs:
	./results/FASTQ_files/BG505_mut-virus-rep1-PG9-10ug_R1.fastq.gz and ./results/FASTQ_files/BG505_mut-virus-rep1-PG9-10ug_R2.fastq.gz

2018-08-23 10:50:11,024 - INFO - Now parsing read pairs...
2018-08-23 10:50:22,665 - INFO - Reads parsed so far: 500000
2018-08-23 10:50:34,286 - INFO - Reads parsed so far: 1000000
2018-08-23 10:50:45,374 - INFO - Reads parsed so far: 1500000
2018-08-23 10:50:56,726 - INFO - Reads parsed so far: 2000000
2018-08-23 10:51:07,364 - INFO - Reads parsed so far: 2500000
2018-08-23 10:51:18,011 - INFO - Reads parsed so far: 3000000
2018-08-23 10:51:29,688 - INFO - Reads parsed so far: 3500000
2018-08-23 10:51:40,415 - INFO - Reads parsed so far: 4000000
2018-08-23 10:51:51,085 - INFO - Reads parsed so far: 4500000
2018-08-23 10:52:01,668 - INFO - Reads parsed so far: 5000000
2018-08-23 10:52:12,365 - INFO - Reads parsed so far: 5500000
2018-08-23 10:52:23,074 - INFO - Reads parsed so far: 6000000
2018-08-23 10:52:35,657 - INFO - Reads parsed so far: 6500000
2018-08-23 10:52:46,342 - INFO - Reads parsed so far: 7000000
2018-08-23 10:52:57,081 - INFO - Reads parsed so far: 7500000
2018-08-23 10:52:59,875 - INFO - Parsed 7628528 reads, found 1823991 unique barcodes.
2018-08-23 10:52:59,880 - INFO - Summary stats on reads:
total  fail filter  low Q barcode
7628528            0         684519
2018-08-23 10:52:59,880 - INFO - Writing these stats to ./results/codoncounts/mut-virus-rep1-PG9-10ug_readstats.csv

2018-08-23 10:53:00,395 - INFO - Number of reads per barcode:
                 number of barcodes
number of reads                    
1                            475803
2                            196732
3                            243025
4                            248539
5                            217308
6                            167273
7                            115473
8                             72829
9                             42183
10                            22786
11                            11471
12                             5570
13                             2587
14                             1214
15                              593
16                              309
17                              139
18                               76
19                               42
20                               24
21                                7
22                                5
23                                1
25                                1
82                                1
2018-08-23 10:53:00,395 - INFO - Writing these stats to ./results/codoncounts/mut-virus-rep1-PG9-10ug_readsperbc.csv

2018-08-23 10:53:00,406 - INFO - Examining the 1823991 barcodes to build and align subamplicons...
2018-08-23 10:53:12,898 - INFO - Barcodes examined so far: 200000
2018-08-23 10:53:25,130 - INFO - Barcodes examined so far: 400000
2018-08-23 10:53:37,053 - INFO - Barcodes examined so far: 600000
2018-08-23 10:53:48,614 - INFO - Barcodes examined so far: 800000
2018-08-23 10:53:59,530 - INFO - Barcodes examined so far: 1000000
2018-08-23 10:54:09,653 - INFO - Barcodes examined so far: 1200000
2018-08-23 10:54:18,477 - INFO - Barcodes examined so far: 1400000
2018-08-23 10:54:24,927 - INFO - Barcodes examined so far: 1600000
2018-08-23 10:54:27,839 - INFO - Barcodes examined so far: 1800000
2018-08-23 10:54:27,885 - INFO - Examined all barcodes. Summary stats:
total  too few reads  not alignable  aligned
1823991         475803         127311  1220877
2018-08-23 10:54:27,885 - INFO - Writing these stats to ./results/codoncounts/mut-virus-rep1-PG9-10ug_bcstats.csv

2018-08-23 10:54:27,907 - INFO - Writing the counts of each codon identity at each site to ./results/codoncounts/mut-virus-rep1-PG9-10ug_codoncounts.csv

2018-08-23 10:54:27,955 - INFO - Successful completion of dms2_bcsubamp
