2018-08-23 10:46:57,317 - INFO - Beginning execution of dms2_bcsubamp in directory /fh/fast/bloom_j/computational_notebooks/adingens/2017/EnvsAntigenicAtlas

2018-08-23 10:46:57,317 - INFO - Progress is being logged to ./results/codoncounts/mut-virus-rep2b-101074-3ug.log
2018-08-23 10:47:04,760 - INFO - Version information:
	Time and date: Thu Aug 23 10:46:57 2018
	Platform: Linux-3.13.0-143-generic-x86_64-with-debian-jessie-sid
	Python version: 3.6.5 |Anaconda, Inc.| (default, Apr 29 2018, 16:14:56)  [GCC 7.2.0]
	dms_tools2 version: 2.2.8
	Bio version: 1.72
	HTSeq version: 0.10.0
	pandas version: 0.23.3
	numpy version: 1.15.0
	IPython version: 6.4.0
	jupyter version: 1.0.0
	matplotlib version: 2.2.2
	plotnine version: 0.3.0
	natsort version: 5.3.3
	pystan version: 2.16.0.0
	scipy version: 1.1.0
	seaborn version: 0.9.0
	phydmslib version: 2.3.1
	statsmodels version: 0.9.0
	rpy2 version: 2.9.1

2018-08-23 10:47:04,762 - INFO - Parsed the following arguments:
	outdir = ./results/codoncounts
	ncpus = -1
	use_existing = yes
	refseq = ./data/BG505.W6.C2.T332N_env.fasta
	alignspecs = ['87,375,39,36', '376,666,36,39', '663,954,33,41', '955,1228,33,37', '1228,1527,34,35', '1527,1815,32,39', '1816,2098,36,41']
	bclen = 8
	fastqdir = ./results/FASTQ_files/
	R2 = None
	R1trim = [200]
	R2trim = [170]
	bclen2 = None
	chartype = codon
	maxmuts = 4
	minq = 15
	minreads = 2
	minfraccall = 0.95
	minconcur = 0.75
	sitemask = None
	purgeread = 0
	purgebc = 0
	bcinfo = False
	name = mut-virus-rep2b-101074-3ug
	R1 = ['BG505_mut-virus-rep2b-101074-3ug_R1.fastq.gz']

2018-08-23 10:47:04,809 - INFO - Read refseq of 2583 codons from ./data/BG505.W6.C2.T332N_env.fasta
2018-08-23 10:47:04,812 - INFO - Reads are in these FASTQ pairs:
	./results/FASTQ_files/BG505_mut-virus-rep2b-101074-3ug_R1.fastq.gz and ./results/FASTQ_files/BG505_mut-virus-rep2b-101074-3ug_R2.fastq.gz

2018-08-23 10:47:04,812 - INFO - Now parsing read pairs...
2018-08-23 10:47:16,551 - INFO - Reads parsed so far: 500000
2018-08-23 10:47:27,608 - INFO - Reads parsed so far: 1000000
2018-08-23 10:47:38,300 - INFO - Reads parsed so far: 1500000
2018-08-23 10:47:49,209 - INFO - Reads parsed so far: 2000000
2018-08-23 10:48:00,318 - INFO - Reads parsed so far: 2500000
2018-08-23 10:48:10,591 - INFO - Reads parsed so far: 3000000
2018-08-23 10:48:21,091 - INFO - Reads parsed so far: 3500000
2018-08-23 10:48:33,167 - INFO - Reads parsed so far: 4000000
2018-08-23 10:48:43,560 - INFO - Reads parsed so far: 4500000
2018-08-23 10:48:53,634 - INFO - Reads parsed so far: 5000000
2018-08-23 10:48:56,478 - INFO - Parsed 5140668 reads, found 2009937 unique barcodes.
2018-08-23 10:48:56,485 - INFO - Summary stats on reads:
total  fail filter  low Q barcode
5140668            0         350572
2018-08-23 10:48:56,485 - INFO - Writing these stats to ./results/codoncounts/mut-virus-rep2b-101074-3ug_readstats.csv

2018-08-23 10:48:57,145 - INFO - Number of reads per barcode:
                 number of barcodes
number of reads                    
1                            787444
2                            447153
3                            347929
4                            220219
5                            116669
6                             54114
7                             22845
8                              8798
9                              3177
10                             1047
11                              351
12                              122
13                               40
14                               18
15                                5
16                                3
17                                1
25                                1
30                                1
2018-08-23 10:48:57,145 - INFO - Writing these stats to ./results/codoncounts/mut-virus-rep2b-101074-3ug_readsperbc.csv

2018-08-23 10:48:57,149 - INFO - Examining the 2009937 barcodes to build and align subamplicons...
2018-08-23 10:49:07,580 - INFO - Barcodes examined so far: 200000
2018-08-23 10:49:17,437 - INFO - Barcodes examined so far: 400000
2018-08-23 10:49:26,787 - INFO - Barcodes examined so far: 600000
2018-08-23 10:49:35,621 - INFO - Barcodes examined so far: 800000
2018-08-23 10:49:43,629 - INFO - Barcodes examined so far: 1000000
2018-08-23 10:49:50,786 - INFO - Barcodes examined so far: 1200000
2018-08-23 10:49:56,889 - INFO - Barcodes examined so far: 1400000
2018-08-23 10:50:01,262 - INFO - Barcodes examined so far: 1600000
2018-08-23 10:50:03,290 - INFO - Barcodes examined so far: 1800000
2018-08-23 10:50:11,558 - INFO - Barcodes examined so far: 2000000
2018-08-23 10:50:11,678 - INFO - Examined all barcodes. Summary stats:
total  too few reads  not alignable  aligned
2009937         787444         127571  1094922
2018-08-23 10:50:11,678 - INFO - Writing these stats to ./results/codoncounts/mut-virus-rep2b-101074-3ug_bcstats.csv

2018-08-23 10:50:11,702 - INFO - Writing the counts of each codon identity at each site to ./results/codoncounts/mut-virus-rep2b-101074-3ug_codoncounts.csv

2018-08-23 10:50:11,750 - INFO - Successful completion of dms2_bcsubamp
