2018-08-23 10:49:53,247 - INFO - Beginning execution of dms2_bcsubamp in directory /fh/fast/bloom_j/computational_notebooks/adingens/2017/EnvsAntigenicAtlas

2018-08-23 10:49:53,247 - INFO - Progress is being logged to ./results/codoncounts/wt-DNA-rep2.log
2018-08-23 10:49:56,168 - INFO - Version information:
	Time and date: Thu Aug 23 10:49:53 2018
	Platform: Linux-3.13.0-143-generic-x86_64-with-debian-jessie-sid
	Python version: 3.6.5 |Anaconda, Inc.| (default, Apr 29 2018, 16:14:56)  [GCC 7.2.0]
	dms_tools2 version: 2.2.8
	Bio version: 1.72
	HTSeq version: 0.10.0
	pandas version: 0.23.3
	numpy version: 1.15.0
	IPython version: 6.4.0
	jupyter version: 1.0.0
	matplotlib version: 2.2.2
	plotnine version: 0.3.0
	natsort version: 5.3.3
	pystan version: 2.16.0.0
	scipy version: 1.1.0
	seaborn version: 0.9.0
	phydmslib version: 2.3.1
	statsmodels version: 0.9.0
	rpy2 version: 2.9.1

2018-08-23 10:49:56,168 - INFO - Parsed the following arguments:
	outdir = ./results/codoncounts
	ncpus = -1
	use_existing = yes
	refseq = ./data/BG505.W6.C2.T332N_env.fasta
	alignspecs = ['87,375,39,36', '376,666,36,39', '663,954,33,41', '955,1228,33,37', '1228,1527,34,35', '1527,1815,32,39', '1816,2098,36,41']
	bclen = 8
	fastqdir = ./results/FASTQ_files/
	R2 = None
	R1trim = [200]
	R2trim = [170]
	bclen2 = None
	chartype = codon
	maxmuts = 4
	minq = 15
	minreads = 2
	minfraccall = 0.95
	minconcur = 0.75
	sitemask = None
	purgeread = 0
	purgebc = 0
	bcinfo = False
	name = wt-DNA-rep2
	R1 = ['BG505_wt-DNA-rep2_R1.fastq.gz']

2018-08-23 10:49:56,197 - INFO - Read refseq of 2583 codons from ./data/BG505.W6.C2.T332N_env.fasta
2018-08-23 10:49:56,198 - INFO - Reads are in these FASTQ pairs:
	./results/FASTQ_files/BG505_wt-DNA-rep2_R1.fastq.gz and ./results/FASTQ_files/BG505_wt-DNA-rep2_R2.fastq.gz

2018-08-23 10:49:56,198 - INFO - Now parsing read pairs...
2018-08-23 10:50:07,767 - INFO - Reads parsed so far: 500000
2018-08-23 10:50:19,494 - INFO - Reads parsed so far: 1000000
2018-08-23 10:50:31,053 - INFO - Reads parsed so far: 1500000
2018-08-23 10:50:42,669 - INFO - Reads parsed so far: 2000000
2018-08-23 10:50:54,375 - INFO - Reads parsed so far: 2500000
2018-08-23 10:51:06,149 - INFO - Reads parsed so far: 3000000
2018-08-23 10:51:16,872 - INFO - Reads parsed so far: 3500000
2018-08-23 10:51:29,064 - INFO - Reads parsed so far: 4000000
2018-08-23 10:51:39,897 - INFO - Reads parsed so far: 4500000
2018-08-23 10:51:52,483 - INFO - Reads parsed so far: 5000000
2018-08-23 10:52:03,418 - INFO - Reads parsed so far: 5500000
2018-08-23 10:52:14,104 - INFO - Reads parsed so far: 6000000
2018-08-23 10:52:27,472 - INFO - Reads parsed so far: 6500000
2018-08-23 10:52:38,527 - INFO - Reads parsed so far: 7000000
2018-08-23 10:52:49,723 - INFO - Reads parsed so far: 7500000
2018-08-23 10:53:00,668 - INFO - Reads parsed so far: 8000000
2018-08-23 10:53:14,960 - INFO - Reads parsed so far: 8500000
2018-08-23 10:53:26,123 - INFO - Reads parsed so far: 9000000
2018-08-23 10:53:37,040 - INFO - Reads parsed so far: 9500000
2018-08-23 10:53:47,832 - INFO - Reads parsed so far: 10000000
2018-08-23 10:53:58,686 - INFO - Reads parsed so far: 10500000
2018-08-23 10:54:09,650 - INFO - Reads parsed so far: 11000000
2018-08-23 10:54:20,508 - INFO - Reads parsed so far: 11500000
2018-08-23 10:54:36,023 - INFO - Reads parsed so far: 12000000
2018-08-23 10:54:47,413 - INFO - Reads parsed so far: 12500000
2018-08-23 10:54:59,159 - INFO - Reads parsed so far: 13000000
2018-08-23 10:55:10,802 - INFO - Reads parsed so far: 13500000
2018-08-23 10:55:22,255 - INFO - Reads parsed so far: 14000000
2018-08-23 10:55:33,460 - INFO - Reads parsed so far: 14500000
2018-08-23 10:55:44,523 - INFO - Reads parsed so far: 15000000
2018-08-23 10:55:55,751 - INFO - Reads parsed so far: 15500000
2018-08-23 10:56:07,143 - INFO - Reads parsed so far: 16000000
2018-08-23 10:56:18,763 - INFO - Reads parsed so far: 16500000
2018-08-23 10:56:38,395 - INFO - Reads parsed so far: 17000000
2018-08-23 10:56:50,008 - INFO - Reads parsed so far: 17500000
2018-08-23 10:57:01,493 - INFO - Reads parsed so far: 18000000
2018-08-23 10:57:07,733 - INFO - Parsed 18275799 reads, found 8849223 unique barcodes.
2018-08-23 10:57:07,738 - INFO - Summary stats on reads:
total  fail filter  low Q barcode
18275799            0        2023746
2018-08-23 10:57:07,738 - INFO - Writing these stats to ./results/codoncounts/wt-DNA-rep2_readstats.csv

2018-08-23 10:57:10,471 - INFO - Number of reads per barcode:
                 number of barcodes
number of reads                    
1                           5097441
2                           1703062
3                           1077936
4                            565766
5                            253866
6                             99488
7                             35143
8                             11504
9                              3577
10                             1010
11                              313
12                               77
13                               29
14                                7
15                                3
145                               1
2018-08-23 10:57:10,472 - INFO - Writing these stats to ./results/codoncounts/wt-DNA-rep2_readsperbc.csv

2018-08-23 10:57:10,480 - INFO - Examining the 8849223 barcodes to build and align subamplicons...
2018-08-23 10:57:18,919 - INFO - Barcodes examined so far: 200000
2018-08-23 10:57:27,150 - INFO - Barcodes examined so far: 400000
2018-08-23 10:57:35,262 - INFO - Barcodes examined so far: 600000
2018-08-23 10:57:43,237 - INFO - Barcodes examined so far: 800000
2018-08-23 10:57:51,023 - INFO - Barcodes examined so far: 1000000
2018-08-23 10:57:58,923 - INFO - Barcodes examined so far: 1200000
2018-08-23 10:58:06,988 - INFO - Barcodes examined so far: 1400000
2018-08-23 10:58:14,691 - INFO - Barcodes examined so far: 1600000
2018-08-23 10:58:22,050 - INFO - Barcodes examined so far: 1800000
2018-08-23 10:58:29,480 - INFO - Barcodes examined so far: 2000000
2018-08-23 10:58:36,758 - INFO - Barcodes examined so far: 2200000
2018-08-23 10:58:43,921 - INFO - Barcodes examined so far: 2400000
2018-08-23 10:58:50,874 - INFO - Barcodes examined so far: 2600000
2018-08-23 10:58:57,620 - INFO - Barcodes examined so far: 2800000
2018-08-23 10:59:04,222 - INFO - Barcodes examined so far: 3000000
2018-08-23 10:59:10,618 - INFO - Barcodes examined so far: 3200000
2018-08-23 10:59:16,992 - INFO - Barcodes examined so far: 3400000
2018-08-23 10:59:23,563 - INFO - Barcodes examined so far: 3600000
2018-08-23 10:59:29,837 - INFO - Barcodes examined so far: 3800000
2018-08-23 10:59:35,883 - INFO - Barcodes examined so far: 4000000
2018-08-23 10:59:41,699 - INFO - Barcodes examined so far: 4200000
2018-08-23 10:59:47,277 - INFO - Barcodes examined so far: 4400000
2018-08-23 10:59:52,577 - INFO - Barcodes examined so far: 4600000
2018-08-23 10:59:57,863 - INFO - Barcodes examined so far: 4800000
2018-08-23 11:00:03,023 - INFO - Barcodes examined so far: 5000000
2018-08-23 11:00:07,921 - INFO - Barcodes examined so far: 5200000
2018-08-23 11:00:12,570 - INFO - Barcodes examined so far: 5400000
2018-08-23 11:00:16,977 - INFO - Barcodes examined so far: 5600000
2018-08-23 11:00:21,018 - INFO - Barcodes examined so far: 5800000
2018-08-23 11:00:24,903 - INFO - Barcodes examined so far: 6000000
2018-08-23 11:00:28,595 - INFO - Barcodes examined so far: 6200000
2018-08-23 11:00:32,032 - INFO - Barcodes examined so far: 6400000
2018-08-23 11:00:35,083 - INFO - Barcodes examined so far: 6600000
2018-08-23 11:00:38,047 - INFO - Barcodes examined so far: 6800000
2018-08-23 11:00:40,718 - INFO - Barcodes examined so far: 7000000
2018-08-23 11:00:43,141 - INFO - Barcodes examined so far: 7200000
2018-08-23 11:00:45,270 - INFO - Barcodes examined so far: 7400000
2018-08-23 11:00:47,249 - INFO - Barcodes examined so far: 7600000
2018-08-23 11:00:48,946 - INFO - Barcodes examined so far: 7800000
2018-08-23 11:00:50,419 - INFO - Barcodes examined so far: 8000000
2018-08-23 11:00:51,563 - INFO - Barcodes examined so far: 8200000
2018-08-23 11:00:52,436 - INFO - Barcodes examined so far: 8400000
2018-08-23 11:00:53,030 - INFO - Barcodes examined so far: 8600000
2018-08-23 11:00:53,331 - INFO - Barcodes examined so far: 8800000
2018-08-23 11:00:53,366 - INFO - Examined all barcodes. Summary stats:
total  too few reads  not alignable  aligned
8849223        5097441        1449987  2301795
2018-08-23 11:00:53,366 - INFO - Writing these stats to ./results/codoncounts/wt-DNA-rep2_bcstats.csv

2018-08-23 11:00:53,388 - INFO - Writing the counts of each codon identity at each site to ./results/codoncounts/wt-DNA-rep2_codoncounts.csv

2018-08-23 11:00:53,435 - INFO - Successful completion of dms2_bcsubamp
