2018-08-23 10:58:13,441 - INFO - Beginning execution of dms2_bcsubamp in directory /fh/fast/bloom_j/computational_notebooks/adingens/2017/EnvsAntigenicAtlas

2018-08-23 10:58:13,441 - INFO - Progress is being logged to ./results/codoncounts/wt-virus-rep3b.log
2018-08-23 10:58:16,433 - INFO - Version information:
	Time and date: Thu Aug 23 10:58:13 2018
	Platform: Linux-3.13.0-143-generic-x86_64-with-debian-jessie-sid
	Python version: 3.6.5 |Anaconda, Inc.| (default, Apr 29 2018, 16:14:56)  [GCC 7.2.0]
	dms_tools2 version: 2.2.8
	Bio version: 1.72
	HTSeq version: 0.10.0
	pandas version: 0.23.3
	numpy version: 1.15.0
	IPython version: 6.4.0
	jupyter version: 1.0.0
	matplotlib version: 2.2.2
	plotnine version: 0.3.0
	natsort version: 5.3.3
	pystan version: 2.16.0.0
	scipy version: 1.1.0
	seaborn version: 0.9.0
	phydmslib version: 2.3.1
	statsmodels version: 0.9.0
	rpy2 version: 2.9.1

2018-08-23 10:58:16,433 - INFO - Parsed the following arguments:
	outdir = ./results/codoncounts
	ncpus = -1
	use_existing = yes
	refseq = ./data/BG505.W6.C2.T332N_env.fasta
	alignspecs = ['87,375,39,36', '376,666,36,39', '663,954,33,41', '955,1228,33,37', '1228,1527,34,35', '1527,1815,32,39', '1816,2098,36,41']
	bclen = 8
	fastqdir = ./results/FASTQ_files/
	R2 = None
	R1trim = [200]
	R2trim = [170]
	bclen2 = None
	chartype = codon
	maxmuts = 4
	minq = 15
	minreads = 2
	minfraccall = 0.95
	minconcur = 0.75
	sitemask = None
	purgeread = 0
	purgebc = 0
	bcinfo = False
	name = wt-virus-rep3b
	R1 = ['BG505_wt-virus-rep3b_R1.fastq.gz']

2018-08-23 10:58:16,454 - INFO - Read refseq of 2583 codons from ./data/BG505.W6.C2.T332N_env.fasta
2018-08-23 10:58:16,455 - INFO - Reads are in these FASTQ pairs:
	./results/FASTQ_files/BG505_wt-virus-rep3b_R1.fastq.gz and ./results/FASTQ_files/BG505_wt-virus-rep3b_R2.fastq.gz

2018-08-23 10:58:16,455 - INFO - Now parsing read pairs...
2018-08-23 10:58:27,808 - INFO - Reads parsed so far: 500000
2018-08-23 10:58:38,597 - INFO - Reads parsed so far: 1000000
2018-08-23 10:58:49,668 - INFO - Reads parsed so far: 1500000
2018-08-23 10:58:59,323 - INFO - Parsed 1937126 reads, found 1365373 unique barcodes.
2018-08-23 10:58:59,328 - INFO - Summary stats on reads:
total  fail filter  low Q barcode
1937126            0         194299
2018-08-23 10:58:59,328 - INFO - Writing these stats to ./results/codoncounts/wt-virus-rep3b_readstats.csv

2018-08-23 10:58:59,780 - INFO - Number of reads per barcode:
                 number of barcodes
number of reads                    
1                           1069441
2                            229591
3                             53617
4                             10616
5                              1803
6                               267
7                                32
8                                 6
2018-08-23 10:58:59,780 - INFO - Writing these stats to ./results/codoncounts/wt-virus-rep3b_readsperbc.csv

2018-08-23 10:58:59,785 - INFO - Examining the 1365373 barcodes to build and align subamplicons...
2018-08-23 10:59:03,818 - INFO - Barcodes examined so far: 200000
2018-08-23 10:59:07,392 - INFO - Barcodes examined so far: 400000
2018-08-23 10:59:10,447 - INFO - Barcodes examined so far: 600000
2018-08-23 10:59:12,944 - INFO - Barcodes examined so far: 800000
2018-08-23 10:59:14,809 - INFO - Barcodes examined so far: 1000000
2018-08-23 10:59:15,969 - INFO - Barcodes examined so far: 1200000
2018-08-23 10:59:16,337 - INFO - Examined all barcodes. Summary stats:
total  too few reads  not alignable  aligned
1365373        1069441          40458   255474
2018-08-23 10:59:16,337 - INFO - Writing these stats to ./results/codoncounts/wt-virus-rep3b_bcstats.csv

2018-08-23 10:59:16,359 - INFO - Writing the counts of each codon identity at each site to ./results/codoncounts/wt-virus-rep3b_codoncounts.csv

2018-08-23 10:59:16,406 - INFO - Successful completion of dms2_bcsubamp
