2018-08-23 10:46:57,260 - INFO - Beginning execution of dms2_bcsubamp in directory /fh/fast/bloom_j/computational_notebooks/adingens/2017/EnvsAntigenicAtlas

2018-08-23 10:46:57,261 - INFO - Progress is being logged to ./results/codoncounts/wt-virus-rep2b.log
2018-08-23 10:47:04,775 - INFO - Version information:
	Time and date: Thu Aug 23 10:46:57 2018
	Platform: Linux-3.13.0-143-generic-x86_64-with-debian-jessie-sid
	Python version: 3.6.5 |Anaconda, Inc.| (default, Apr 29 2018, 16:14:56)  [GCC 7.2.0]
	dms_tools2 version: 2.2.8
	Bio version: 1.72
	HTSeq version: 0.10.0
	pandas version: 0.23.3
	numpy version: 1.15.0
	IPython version: 6.4.0
	jupyter version: 1.0.0
	matplotlib version: 2.2.2
	plotnine version: 0.3.0
	natsort version: 5.3.3
	pystan version: 2.16.0.0
	scipy version: 1.1.0
	seaborn version: 0.9.0
	phydmslib version: 2.3.1
	statsmodels version: 0.9.0
	rpy2 version: 2.9.1

2018-08-23 10:47:04,777 - INFO - Parsed the following arguments:
	outdir = ./results/codoncounts
	ncpus = -1
	use_existing = yes
	refseq = ./data/BG505.W6.C2.T332N_env.fasta
	alignspecs = ['87,375,39,36', '376,666,36,39', '663,954,33,41', '955,1228,33,37', '1228,1527,34,35', '1527,1815,32,39', '1816,2098,36,41']
	bclen = 8
	fastqdir = ./results/FASTQ_files/
	R2 = None
	R1trim = [200]
	R2trim = [170]
	bclen2 = None
	chartype = codon
	maxmuts = 4
	minq = 15
	minreads = 2
	minfraccall = 0.95
	minconcur = 0.75
	sitemask = None
	purgeread = 0
	purgebc = 0
	bcinfo = False
	name = wt-virus-rep2b
	R1 = ['BG505_wt-virus-rep2b_R1.fastq.gz']

2018-08-23 10:47:04,825 - INFO - Read refseq of 2583 codons from ./data/BG505.W6.C2.T332N_env.fasta
2018-08-23 10:47:04,826 - INFO - Reads are in these FASTQ pairs:
	./results/FASTQ_files/BG505_wt-virus-rep2b_R1.fastq.gz and ./results/FASTQ_files/BG505_wt-virus-rep2b_R2.fastq.gz

2018-08-23 10:47:04,826 - INFO - Now parsing read pairs...
2018-08-23 10:47:16,571 - INFO - Reads parsed so far: 500000
2018-08-23 10:47:27,520 - INFO - Reads parsed so far: 1000000
2018-08-23 10:47:38,366 - INFO - Reads parsed so far: 1500000
2018-08-23 10:47:49,487 - INFO - Reads parsed so far: 2000000
2018-08-23 10:47:59,813 - INFO - Reads parsed so far: 2500000
2018-08-23 10:48:11,108 - INFO - Reads parsed so far: 3000000
2018-08-23 10:48:21,488 - INFO - Reads parsed so far: 3500000
2018-08-23 10:48:31,949 - INFO - Reads parsed so far: 4000000
2018-08-23 10:48:43,669 - INFO - Reads parsed so far: 4500000
2018-08-23 10:48:54,224 - INFO - Reads parsed so far: 5000000
2018-08-23 10:49:04,574 - INFO - Reads parsed so far: 5500000
2018-08-23 10:49:09,647 - INFO - Parsed 5743893 reads, found 1953032 unique barcodes.
2018-08-23 10:49:09,652 - INFO - Summary stats on reads:
total  fail filter  low Q barcode
5743893            0         407183
2018-08-23 10:49:09,652 - INFO - Writing these stats to ./results/codoncounts/wt-virus-rep2b_readstats.csv

2018-08-23 10:49:10,219 - INFO - Number of reads per barcode:
                 number of barcodes
number of reads                    
1                            700151
2                            345093
3                            325862
4                            249922
5                            161044
6                             90753
7                             45312
8                             20760
9                              8649
10                             3342
11                             1342
12                              503
13                              200
14                               61
15                               28
16                                8
18                                2
2018-08-23 10:49:10,219 - INFO - Writing these stats to ./results/codoncounts/wt-virus-rep2b_readsperbc.csv

2018-08-23 10:49:10,224 - INFO - Examining the 1953032 barcodes to build and align subamplicons...
2018-08-23 10:49:21,146 - INFO - Barcodes examined so far: 200000
2018-08-23 10:49:31,777 - INFO - Barcodes examined so far: 400000
2018-08-23 10:49:42,059 - INFO - Barcodes examined so far: 600000
2018-08-23 10:49:51,921 - INFO - Barcodes examined so far: 800000
2018-08-23 10:50:01,208 - INFO - Barcodes examined so far: 1000000
2018-08-23 10:50:09,725 - INFO - Barcodes examined so far: 1200000
2018-08-23 10:50:17,194 - INFO - Barcodes examined so far: 1400000
2018-08-23 10:50:23,239 - INFO - Barcodes examined so far: 1600000
2018-08-23 10:50:27,014 - INFO - Barcodes examined so far: 1800000
2018-08-23 10:50:28,010 - INFO - Examined all barcodes. Summary stats:
total  too few reads  not alignable  aligned
1953032         700151         119726  1133155
2018-08-23 10:50:28,010 - INFO - Writing these stats to ./results/codoncounts/wt-virus-rep2b_bcstats.csv

2018-08-23 10:50:28,038 - INFO - Writing the counts of each codon identity at each site to ./results/codoncounts/wt-virus-rep2b_codoncounts.csv

2018-08-23 10:50:28,088 - INFO - Successful completion of dms2_bcsubamp
