2018-08-23 10:53:27,155 - INFO - Beginning execution of dms2_bcsubamp in directory /fh/fast/bloom_j/computational_notebooks/adingens/2017/EnvsAntigenicAtlas

2018-08-23 10:53:27,155 - INFO - Progress is being logged to ./results/codoncounts/wt-virus-rep2.log
2018-08-23 10:53:30,425 - INFO - Version information:
	Time and date: Thu Aug 23 10:53:27 2018
	Platform: Linux-3.13.0-143-generic-x86_64-with-debian-jessie-sid
	Python version: 3.6.5 |Anaconda, Inc.| (default, Apr 29 2018, 16:14:56)  [GCC 7.2.0]
	dms_tools2 version: 2.2.8
	Bio version: 1.72
	HTSeq version: 0.10.0
	pandas version: 0.23.3
	numpy version: 1.15.0
	IPython version: 6.4.0
	jupyter version: 1.0.0
	matplotlib version: 2.2.2
	plotnine version: 0.3.0
	natsort version: 5.3.3
	pystan version: 2.16.0.0
	scipy version: 1.1.0
	seaborn version: 0.9.0
	phydmslib version: 2.3.1
	statsmodels version: 0.9.0
	rpy2 version: 2.9.1

2018-08-23 10:53:30,426 - INFO - Parsed the following arguments:
	outdir = ./results/codoncounts
	ncpus = -1
	use_existing = yes
	refseq = ./data/BG505.W6.C2.T332N_env.fasta
	alignspecs = ['87,375,39,36', '376,666,36,39', '663,954,33,41', '955,1228,33,37', '1228,1527,34,35', '1527,1815,32,39', '1816,2098,36,41']
	bclen = 8
	fastqdir = ./results/FASTQ_files/
	R2 = None
	R1trim = [200]
	R2trim = [170]
	bclen2 = None
	chartype = codon
	maxmuts = 4
	minq = 15
	minreads = 2
	minfraccall = 0.95
	minconcur = 0.75
	sitemask = None
	purgeread = 0
	purgebc = 0
	bcinfo = False
	name = wt-virus-rep2
	R1 = ['BG505_wt-virus-rep2_R1.fastq.gz']

2018-08-23 10:53:30,448 - INFO - Read refseq of 2583 codons from ./data/BG505.W6.C2.T332N_env.fasta
2018-08-23 10:53:30,449 - INFO - Reads are in these FASTQ pairs:
	./results/FASTQ_files/BG505_wt-virus-rep2_R1.fastq.gz and ./results/FASTQ_files/BG505_wt-virus-rep2_R2.fastq.gz

2018-08-23 10:53:30,449 - INFO - Now parsing read pairs...
2018-08-23 10:53:42,032 - INFO - Reads parsed so far: 500000
2018-08-23 10:53:53,739 - INFO - Reads parsed so far: 1000000
2018-08-23 10:54:04,846 - INFO - Reads parsed so far: 1500000
2018-08-23 10:54:16,194 - INFO - Reads parsed so far: 2000000
2018-08-23 10:54:27,469 - INFO - Reads parsed so far: 2500000
2018-08-23 10:54:39,105 - INFO - Reads parsed so far: 3000000
2018-08-23 10:54:49,707 - INFO - Reads parsed so far: 3500000
2018-08-23 10:55:01,853 - INFO - Reads parsed so far: 4000000
2018-08-23 10:55:12,680 - INFO - Reads parsed so far: 4500000
2018-08-23 10:55:25,972 - INFO - Reads parsed so far: 5000000
2018-08-23 10:55:36,868 - INFO - Reads parsed so far: 5500000
2018-08-23 10:55:47,695 - INFO - Reads parsed so far: 6000000
2018-08-23 10:56:01,282 - INFO - Reads parsed so far: 6500000
2018-08-23 10:56:11,962 - INFO - Reads parsed so far: 7000000
2018-08-23 10:56:22,740 - INFO - Reads parsed so far: 7500000
2018-08-23 10:56:33,545 - INFO - Reads parsed so far: 8000000
2018-08-23 10:56:44,453 - INFO - Reads parsed so far: 8500000
2018-08-23 10:56:58,716 - INFO - Reads parsed so far: 9000000
2018-08-23 10:57:09,731 - INFO - Reads parsed so far: 9500000
2018-08-23 10:57:20,433 - INFO - Reads parsed so far: 10000000
2018-08-23 10:57:31,109 - INFO - Reads parsed so far: 10500000
2018-08-23 10:57:41,828 - INFO - Reads parsed so far: 11000000
2018-08-23 10:57:52,686 - INFO - Reads parsed so far: 11500000
2018-08-23 10:58:03,419 - INFO - Reads parsed so far: 12000000
2018-08-23 10:58:14,220 - INFO - Reads parsed so far: 12500000
2018-08-23 10:58:30,117 - INFO - Reads parsed so far: 13000000
2018-08-23 10:58:40,960 - INFO - Reads parsed so far: 13500000
2018-08-23 10:58:51,778 - INFO - Reads parsed so far: 14000000
2018-08-23 10:59:02,709 - INFO - Reads parsed so far: 14500000
2018-08-23 10:59:13,660 - INFO - Reads parsed so far: 15000000
2018-08-23 10:59:18,977 - INFO - Parsed 15242429 reads, found 7521252 unique barcodes.
2018-08-23 10:59:18,983 - INFO - Summary stats on reads:
total  fail filter  low Q barcode
15242429            0        1633783
2018-08-23 10:59:18,983 - INFO - Writing these stats to ./results/codoncounts/wt-virus-rep2_readstats.csv

2018-08-23 10:59:20,978 - INFO - Number of reads per barcode:
                 number of barcodes
number of reads                    
1                           4260511
2                           1592508
3                            935270
4                            450031
5                            184969
6                             66740
7                             21974
8                              6600
9                              1905
10                              523
11                              161
12                               37
13                               15
14                                4
15                                1
16                                1
194                               1
216                               1
2018-08-23 10:59:20,978 - INFO - Writing these stats to ./results/codoncounts/wt-virus-rep2_readsperbc.csv

2018-08-23 10:59:20,982 - INFO - Examining the 7521252 barcodes to build and align subamplicons...
2018-08-23 10:59:29,158 - INFO - Barcodes examined so far: 200000
2018-08-23 10:59:37,244 - INFO - Barcodes examined so far: 400000
2018-08-23 10:59:45,112 - INFO - Barcodes examined so far: 600000
2018-08-23 10:59:52,733 - INFO - Barcodes examined so far: 800000
2018-08-23 11:00:00,190 - INFO - Barcodes examined so far: 1000000
2018-08-23 11:00:07,507 - INFO - Barcodes examined so far: 1200000
2018-08-23 11:00:14,663 - INFO - Barcodes examined so far: 1400000
2018-08-23 11:00:21,617 - INFO - Barcodes examined so far: 1600000
2018-08-23 11:00:28,663 - INFO - Barcodes examined so far: 1800000
2018-08-23 11:00:35,503 - INFO - Barcodes examined so far: 2000000
2018-08-23 11:00:42,193 - INFO - Barcodes examined so far: 2200000
2018-08-23 11:00:48,720 - INFO - Barcodes examined so far: 2400000
2018-08-23 11:00:55,078 - INFO - Barcodes examined so far: 2600000
2018-08-23 11:01:01,120 - INFO - Barcodes examined so far: 2800000
2018-08-23 11:01:07,466 - INFO - Barcodes examined so far: 3000000
2018-08-23 11:01:13,609 - INFO - Barcodes examined so far: 3200000
2018-08-23 11:01:19,506 - INFO - Barcodes examined so far: 3400000
2018-08-23 11:01:25,149 - INFO - Barcodes examined so far: 3600000
2018-08-23 11:01:30,565 - INFO - Barcodes examined so far: 3800000
2018-08-23 11:01:35,797 - INFO - Barcodes examined so far: 4000000
2018-08-23 11:01:40,988 - INFO - Barcodes examined so far: 4200000
2018-08-23 11:01:45,842 - INFO - Barcodes examined so far: 4400000
2018-08-23 11:01:50,490 - INFO - Barcodes examined so far: 4600000
2018-08-23 11:01:54,831 - INFO - Barcodes examined so far: 4800000
2018-08-23 11:01:58,904 - INFO - Barcodes examined so far: 5000000
2018-08-23 11:02:02,708 - INFO - Barcodes examined so far: 5200000
2018-08-23 11:02:06,234 - INFO - Barcodes examined so far: 5400000
2018-08-23 11:02:09,353 - INFO - Barcodes examined so far: 5600000
2018-08-23 11:02:12,326 - INFO - Barcodes examined so far: 5800000
2018-08-23 11:02:15,032 - INFO - Barcodes examined so far: 6000000
2018-08-23 11:02:17,428 - INFO - Barcodes examined so far: 6200000
2018-08-23 11:02:19,509 - INFO - Barcodes examined so far: 6400000
2018-08-23 11:02:21,382 - INFO - Barcodes examined so far: 6600000
2018-08-23 11:02:22,931 - INFO - Barcodes examined so far: 6800000
2018-08-23 11:02:24,128 - INFO - Barcodes examined so far: 7000000
2018-08-23 11:02:25,000 - INFO - Barcodes examined so far: 7200000
2018-08-23 11:02:25,515 - INFO - Barcodes examined so far: 7400000
2018-08-23 11:02:25,647 - INFO - Examined all barcodes. Summary stats:
total  too few reads  not alignable  aligned
7521252        4260511        1284268  1976473
2018-08-23 11:02:25,647 - INFO - Writing these stats to ./results/codoncounts/wt-virus-rep2_bcstats.csv

2018-08-23 11:02:25,668 - INFO - Writing the counts of each codon identity at each site to ./results/codoncounts/wt-virus-rep2_codoncounts.csv

2018-08-23 11:02:25,728 - INFO - Successful completion of dms2_bcsubamp
