2018-08-30 15:48:50,575 - INFO - Beginning execution of dms2_diffsel in directory /fh/fast/bloom_j/computational_notebooks/adingens/2017/EnvsAntigenicAtlas

2018-08-30 15:48:50,575 - INFO - Progress is being logged to ./results/diffsel/wtDNA_ctrl/3BN-1074-pool-4ug-rep1b.log
2018-08-30 15:49:01,897 - INFO - Version information:
	Time and date: Thu Aug 30 15:48:50 2018
	Platform: Linux-3.13.0-143-generic-x86_64-with-debian-jessie-sid
	Python version: 3.6.5 |Anaconda, Inc.| (default, Apr 29 2018, 16:14:56)  [GCC 7.2.0]
	dms_tools2 version: 2.2.8
	Bio version: 1.72
	HTSeq version: 0.10.0
	pandas version: 0.23.3
	numpy version: 1.15.0
	IPython version: 6.4.0
	jupyter version: 1.0.0
	matplotlib version: 2.2.2
	plotnine version: 0.3.0
	natsort version: 5.3.3
	pystan version: 2.16.0.0
	scipy version: 1.1.0
	seaborn version: 0.9.0
	phydmslib version: 2.3.1
	statsmodels version: 0.9.0
	rpy2 version: 2.9.1

2018-08-30 15:49:01,897 - INFO - Parsed the following arguments:
	outdir = ./results/diffsel/wtDNA_ctrl
	ncpus = 1
	use_existing = yes
	indir = ./results/renumberedcounts
	chartype = codon_to_aa
	excludestop = yes
	pseudocount = 5.0
	mincount = 0
	name = 3BN-1074-pool-4ug-rep1b
	sel = mut-virus-rep1b-3BN-1074-pool-4ug
	mock = mut-virus-rep1b
	err = wt-DNA-rep1

2018-08-30 15:49:01,909 - INFO - Reading selected sample counts from mut-virus-rep1b-3BN-1074-pool-4ug
2018-08-30 15:49:01,933 - INFO - Reading mock-selected sample counts from mut-virus-rep1b
2018-08-30 15:49:01,943 - INFO - Reading error-control sample counts from wt-DNA-rep1
2018-08-30 15:49:01,951 - INFO - Computing mutdiffsel...
2018-08-30 15:49:07,816 - INFO - Mutations with largest mutdiffsel:
site wildtype mutation  mutdiffsel
 332        N        V        4.18
 334        S        V        4.16
 130        Q        G        4.16
322a        I        N        4.05
184b        E        D        3.92
 592        L        S        3.90
 517        A        H        3.90
 417        P        Y        3.89
 193        L        F        3.86
 415        T        K        3.82

2018-08-30 15:49:07,817 - INFO - Writing to ./results/diffsel/wtDNA_ctrl/3BN-1074-pool-4ug-rep1b_mutdiffsel.csv
2018-08-30 15:49:07,859 - INFO - Computing sitediffsel...
2018-08-30 15:49:07,894 - INFO - Sites with largest absolute sitediffsel:
site  abs_diffsel  positive_diffsel  negative_diffsel  max_diffsel  min_diffsel
432        17.08              3.26            -13.82         3.26        -1.74
509        14.65              6.74             -7.91         3.44        -1.06
507        14.20              7.33             -6.87         3.61        -1.80
613        13.79              5.71             -8.08         2.87        -1.11
325        13.31              9.02             -4.29         3.23        -0.47
625        12.68              6.96             -5.72         2.45        -0.88
334        11.17              9.59             -1.58         4.16        -0.44
594        10.65              0.00            -10.65         0.00        -1.74
132        10.45              6.61             -3.84         3.43        -0.68
461        10.35              0.00            -10.35         0.00        -1.18

2018-08-30 15:49:07,894 - INFO - Writing to ./results/diffsel/wtDNA_ctrl/3BN-1074-pool-4ug-rep1b_sitediffsel.csv
2018-08-30 15:49:07,907 - INFO - Successful completion of dms2_diffsel
