2018-08-30 15:48:50,470 - INFO - Beginning execution of dms2_diffsel in directory /fh/fast/bloom_j/computational_notebooks/adingens/2017/EnvsAntigenicAtlas

2018-08-30 15:48:50,470 - INFO - Progress is being logged to ./results/diffsel/wtDNA_ctrl/3BNC117-4ug-rep3b.log
2018-08-30 15:48:59,304 - INFO - Version information:
	Time and date: Thu Aug 30 15:48:50 2018
	Platform: Linux-3.13.0-143-generic-x86_64-with-debian-jessie-sid
	Python version: 3.6.5 |Anaconda, Inc.| (default, Apr 29 2018, 16:14:56)  [GCC 7.2.0]
	dms_tools2 version: 2.2.8
	Bio version: 1.72
	HTSeq version: 0.10.0
	pandas version: 0.23.3
	numpy version: 1.15.0
	IPython version: 6.4.0
	jupyter version: 1.0.0
	matplotlib version: 2.2.2
	plotnine version: 0.3.0
	natsort version: 5.3.3
	pystan version: 2.16.0.0
	scipy version: 1.1.0
	seaborn version: 0.9.0
	phydmslib version: 2.3.1
	statsmodels version: 0.9.0
	rpy2 version: 2.9.1

2018-08-30 15:48:59,304 - INFO - Parsed the following arguments:
	outdir = ./results/diffsel/wtDNA_ctrl
	ncpus = 1
	use_existing = yes
	indir = ./results/renumberedcounts
	chartype = codon_to_aa
	excludestop = yes
	pseudocount = 5.0
	mincount = 0
	name = 3BNC117-4ug-rep3b
	sel = mut-virus-rep3b-3BNC117-4ug
	mock = mut-virus-rep3b
	err = wt-DNA-rep3

2018-08-30 15:48:59,308 - INFO - Reading selected sample counts from mut-virus-rep3b-3BNC117-4ug
2018-08-30 15:48:59,346 - INFO - Reading mock-selected sample counts from mut-virus-rep3b
2018-08-30 15:48:59,360 - INFO - Reading error-control sample counts from wt-DNA-rep3
2018-08-30 15:48:59,372 - INFO - Computing mutdiffsel...
2018-08-30 15:49:06,387 - INFO - Mutations with largest mutdiffsel:
site wildtype mutation  mutdiffsel
197        N        T        3.78
471        G        I        3.75
471        G        L        3.66
201        I        P        3.34
197        N        S        3.29
176        F        I        3.28
134        V        G        3.07
172        V        R        3.05
653        Q        V        3.04
458        G        Y        3.03

2018-08-30 15:49:06,393 - INFO - Writing to ./results/diffsel/wtDNA_ctrl/3BNC117-4ug-rep3b_mutdiffsel.csv
2018-08-30 15:49:06,530 - INFO - Computing sitediffsel...
2018-08-30 15:49:06,565 - INFO - Sites with largest absolute sitediffsel:
site  abs_diffsel  positive_diffsel  negative_diffsel  max_diffsel  min_diffsel
207        24.45             21.64             -2.80         2.95        -1.37
464        23.93              3.66            -20.27         1.37        -2.77
462        23.49              3.91            -19.58         2.10        -2.42
463        23.03              7.03            -16.00         2.61        -2.19
461        22.40              6.43            -15.97         2.05        -2.36
443        21.91              4.08            -17.83         1.38        -2.60
471        21.48             15.70             -5.77         3.75        -1.48
431        21.19              1.63            -19.56         0.64        -2.59
135        20.84              0.58            -20.27         0.58        -2.95
 82        19.73              6.51            -13.22         1.74        -1.92

2018-08-30 15:49:06,565 - INFO - Writing to ./results/diffsel/wtDNA_ctrl/3BNC117-4ug-rep3b_sitediffsel.csv
2018-08-30 15:49:06,578 - INFO - Successful completion of dms2_diffsel
