2018-08-30 15:48:50,560 - INFO - Beginning execution of dms2_diffsel in directory /fh/fast/bloom_j/computational_notebooks/adingens/2017/EnvsAntigenicAtlas

2018-08-30 15:48:50,561 - INFO - Progress is being logged to ./results/diffsel/wtDNA_ctrl/3BNC117-4ug-rep1b.log
2018-08-30 15:49:01,660 - INFO - Version information:
	Time and date: Thu Aug 30 15:48:50 2018
	Platform: Linux-3.13.0-143-generic-x86_64-with-debian-jessie-sid
	Python version: 3.6.5 |Anaconda, Inc.| (default, Apr 29 2018, 16:14:56)  [GCC 7.2.0]
	dms_tools2 version: 2.2.8
	Bio version: 1.72
	HTSeq version: 0.10.0
	pandas version: 0.23.3
	numpy version: 1.15.0
	IPython version: 6.4.0
	jupyter version: 1.0.0
	matplotlib version: 2.2.2
	plotnine version: 0.3.0
	natsort version: 5.3.3
	pystan version: 2.16.0.0
	scipy version: 1.1.0
	seaborn version: 0.9.0
	phydmslib version: 2.3.1
	statsmodels version: 0.9.0
	rpy2 version: 2.9.1

2018-08-30 15:49:01,661 - INFO - Parsed the following arguments:
	outdir = ./results/diffsel/wtDNA_ctrl
	ncpus = 1
	use_existing = yes
	indir = ./results/renumberedcounts
	chartype = codon_to_aa
	excludestop = yes
	pseudocount = 5.0
	mincount = 0
	name = 3BNC117-4ug-rep1b
	sel = mut-virus-rep1b-3BNC117-4ug
	mock = mut-virus-rep1b
	err = wt-DNA-rep1

2018-08-30 15:49:01,663 - INFO - Reading selected sample counts from mut-virus-rep1b-3BNC117-4ug
2018-08-30 15:49:01,691 - INFO - Reading mock-selected sample counts from mut-virus-rep1b
2018-08-30 15:49:01,704 - INFO - Reading error-control sample counts from wt-DNA-rep1
2018-08-30 15:49:01,718 - INFO - Computing mutdiffsel...
2018-08-30 15:49:09,278 - INFO - Mutations with largest mutdiffsel:
site wildtype mutation  mutdiffsel
279        N        R        4.51
156        N        R        4.40
127        V        L        4.35
197        N        S        4.19
197        N        T        3.99
154        L        R        3.68
471        G        Q        3.67
323        I        E        3.63
318        Y        S        3.62
162        T        E        3.61

2018-08-30 15:49:09,278 - INFO - Writing to ./results/diffsel/wtDNA_ctrl/3BNC117-4ug-rep1b_mutdiffsel.csv
2018-08-30 15:49:09,344 - INFO - Computing sitediffsel...
2018-08-30 15:49:09,375 - INFO - Sites with largest absolute sitediffsel:
site  abs_diffsel  positive_diffsel  negative_diffsel  max_diffsel  min_diffsel
461        31.45              0.62            -30.83         0.32        -3.33
509        30.72             10.08            -20.65         2.33        -3.15
433        29.95              7.36            -22.59         2.85        -3.33
413        29.69             10.62            -19.07         2.03        -3.30
446        29.62             11.15            -18.48         3.29        -2.31
594        29.14              1.97            -27.17         1.09        -3.32
432        29.09              7.75            -21.34         1.78        -3.80
465        27.15              1.32            -25.83         1.32        -2.61
431        26.96              4.53            -22.43         2.16        -3.84
464        26.83              2.53            -24.30         0.81        -2.90

2018-08-30 15:49:09,375 - INFO - Writing to ./results/diffsel/wtDNA_ctrl/3BNC117-4ug-rep1b_sitediffsel.csv
2018-08-30 15:49:09,388 - INFO - Successful completion of dms2_diffsel
