2018-08-30 15:48:50,382 - INFO - Beginning execution of dms2_diffsel in directory /fh/fast/bloom_j/computational_notebooks/adingens/2017/EnvsAntigenicAtlas

2018-08-30 15:48:50,382 - INFO - Progress is being logged to ./results/diffsel/wtDNA_ctrl/PG9-10ug-rep3.log
2018-08-30 15:49:01,492 - INFO - Version information:
	Time and date: Thu Aug 30 15:48:50 2018
	Platform: Linux-3.13.0-143-generic-x86_64-with-debian-jessie-sid
	Python version: 3.6.5 |Anaconda, Inc.| (default, Apr 29 2018, 16:14:56)  [GCC 7.2.0]
	dms_tools2 version: 2.2.8
	Bio version: 1.72
	HTSeq version: 0.10.0
	pandas version: 0.23.3
	numpy version: 1.15.0
	IPython version: 6.4.0
	jupyter version: 1.0.0
	matplotlib version: 2.2.2
	plotnine version: 0.3.0
	natsort version: 5.3.3
	pystan version: 2.16.0.0
	scipy version: 1.1.0
	seaborn version: 0.9.0
	phydmslib version: 2.3.1
	statsmodels version: 0.9.0
	rpy2 version: 2.9.1

2018-08-30 15:49:01,492 - INFO - Parsed the following arguments:
	outdir = ./results/diffsel/wtDNA_ctrl
	ncpus = 1
	use_existing = yes
	indir = ./results/renumberedcounts
	chartype = codon_to_aa
	excludestop = yes
	pseudocount = 5.0
	mincount = 0
	name = PG9-10ug-rep3
	sel = mut-virus-rep3-PG9-10ug
	mock = mut-virus-rep3
	err = wt-DNA-rep3

2018-08-30 15:49:01,496 - INFO - Reading selected sample counts from mut-virus-rep3-PG9-10ug
2018-08-30 15:49:01,529 - INFO - Reading mock-selected sample counts from mut-virus-rep3
2018-08-30 15:49:01,538 - INFO - Reading error-control sample counts from wt-DNA-rep3
2018-08-30 15:49:01,548 - INFO - Computing mutdiffsel...
2018-08-30 15:49:09,178 - INFO - Mutations with largest mutdiffsel:
site wildtype mutation  mutdiffsel
160        N        I        3.96
169        K        D        3.71
160        N        D        3.61
160        N        L        3.56
160        N        R        3.42
160        N        V        3.28
171        K        E        3.27
162        T        P        3.09
171        K        T        3.07
169        K        Y        3.02

2018-08-30 15:49:09,178 - INFO - Writing to ./results/diffsel/wtDNA_ctrl/PG9-10ug-rep3_mutdiffsel.csv
2018-08-30 15:49:09,244 - INFO - Computing sitediffsel...
2018-08-30 15:49:09,272 - INFO - Sites with largest absolute sitediffsel:
site  abs_diffsel  positive_diffsel  negative_diffsel  max_diffsel  min_diffsel
160        45.06             45.06              0.00         3.96         0.00
171        29.99             28.66             -1.32         3.27        -0.60
169        29.65             27.64             -2.01         3.71        -1.76
162        23.29             22.25             -1.04         3.09        -0.78
399        23.08              3.42            -19.66         2.03        -2.61
323        18.76              8.70            -10.06         1.37        -2.34
166        18.56              4.30            -14.27         1.38        -2.29
406        18.31              5.32            -12.99         1.07        -2.60
373        18.06              4.03            -14.04         1.77        -2.72
408        17.64              6.23            -11.41         1.38        -2.14

2018-08-30 15:49:09,273 - INFO - Writing to ./results/diffsel/wtDNA_ctrl/PG9-10ug-rep3_sitediffsel.csv
2018-08-30 15:49:09,282 - INFO - Successful completion of dms2_diffsel
