2018-08-30 15:48:50,523 - INFO - Beginning execution of dms2_diffsel in directory /fh/fast/bloom_j/computational_notebooks/adingens/2017/EnvsAntigenicAtlas

2018-08-30 15:48:50,523 - INFO - Progress is being logged to ./results/diffsel/wtDNA_ctrl/PGT121-3-5ug-rep1.log
2018-08-30 15:49:01,915 - INFO - Version information:
	Time and date: Thu Aug 30 15:48:50 2018
	Platform: Linux-3.13.0-143-generic-x86_64-with-debian-jessie-sid
	Python version: 3.6.5 |Anaconda, Inc.| (default, Apr 29 2018, 16:14:56)  [GCC 7.2.0]
	dms_tools2 version: 2.2.8
	Bio version: 1.72
	HTSeq version: 0.10.0
	pandas version: 0.23.3
	numpy version: 1.15.0
	IPython version: 6.4.0
	jupyter version: 1.0.0
	matplotlib version: 2.2.2
	plotnine version: 0.3.0
	natsort version: 5.3.3
	pystan version: 2.16.0.0
	scipy version: 1.1.0
	seaborn version: 0.9.0
	phydmslib version: 2.3.1
	statsmodels version: 0.9.0
	rpy2 version: 2.9.1

2018-08-30 15:49:01,916 - INFO - Parsed the following arguments:
	outdir = ./results/diffsel/wtDNA_ctrl
	ncpus = 1
	use_existing = yes
	indir = ./results/renumberedcounts
	chartype = codon_to_aa
	excludestop = yes
	pseudocount = 5.0
	mincount = 0
	name = PGT121-3-5ug-rep1
	sel = mut-virus-rep1-PGT121-3-5ug
	mock = mut-virus-rep1
	err = wt-DNA-rep1

2018-08-30 15:49:01,918 - INFO - Reading selected sample counts from mut-virus-rep1-PGT121-3-5ug
2018-08-30 15:49:01,957 - INFO - Reading mock-selected sample counts from mut-virus-rep1
2018-08-30 15:49:01,966 - INFO - Reading error-control sample counts from wt-DNA-rep1
2018-08-30 15:49:01,973 - INFO - Computing mutdiffsel...
2018-08-30 15:49:07,995 - INFO - Mutations with largest mutdiffsel:
site wildtype mutation  mutdiffsel
327        R        Q        4.45
330        H        D        4.17
327        R        I        4.03
325        D        K        4.02
129        L        I        3.77
330        H        E        3.73
369        L        N        3.71
276        N        Q        3.61
 99        N        G        3.59
376        F        R        3.56

2018-08-30 15:49:07,996 - INFO - Writing to ./results/diffsel/wtDNA_ctrl/PGT121-3-5ug-rep1_mutdiffsel.csv
2018-08-30 15:49:08,048 - INFO - Computing sitediffsel...
2018-08-30 15:49:08,084 - INFO - Sites with largest absolute sitediffsel:
site  abs_diffsel  positive_diffsel  negative_diffsel  max_diffsel  min_diffsel
 81        35.63              0.00            -35.63         0.00        -4.16
 77        35.35              2.25            -33.10         1.55        -3.79
325        34.75             19.94            -14.82         4.02        -4.14
411        33.70              1.22            -32.48         1.22        -2.89
394        32.96              1.88            -31.08         1.88        -3.12
407        31.60             11.28            -20.32         2.38        -3.81
330        30.79             24.72             -6.07         4.17        -2.91
392        29.95              0.74            -29.21         0.74        -2.58
140        29.84              2.36            -27.49         2.36        -2.47
 82        29.36             13.80            -15.55         2.25        -3.46

2018-08-30 15:49:08,085 - INFO - Writing to ./results/diffsel/wtDNA_ctrl/PGT121-3-5ug-rep1_sitediffsel.csv
2018-08-30 15:49:08,115 - INFO - Successful completion of dms2_diffsel
