2018-08-30 15:48:50,432 - INFO - Beginning execution of dms2_diffsel in directory /fh/fast/bloom_j/computational_notebooks/adingens/2017/EnvsAntigenicAtlas

2018-08-30 15:48:50,432 - INFO - Progress is being logged to ./results/diffsel/wtDNA_ctrl/PGT145-125ug-rep1b.log
2018-08-30 15:49:01,075 - INFO - Version information:
	Time and date: Thu Aug 30 15:48:50 2018
	Platform: Linux-3.13.0-143-generic-x86_64-with-debian-jessie-sid
	Python version: 3.6.5 |Anaconda, Inc.| (default, Apr 29 2018, 16:14:56)  [GCC 7.2.0]
	dms_tools2 version: 2.2.8
	Bio version: 1.72
	HTSeq version: 0.10.0
	pandas version: 0.23.3
	numpy version: 1.15.0
	IPython version: 6.4.0
	jupyter version: 1.0.0
	matplotlib version: 2.2.2
	plotnine version: 0.3.0
	natsort version: 5.3.3
	pystan version: 2.16.0.0
	scipy version: 1.1.0
	seaborn version: 0.9.0
	phydmslib version: 2.3.1
	statsmodels version: 0.9.0
	rpy2 version: 2.9.1

2018-08-30 15:49:01,075 - INFO - Parsed the following arguments:
	outdir = ./results/diffsel/wtDNA_ctrl
	ncpus = 1
	use_existing = yes
	indir = ./results/renumberedcounts
	chartype = codon_to_aa
	excludestop = yes
	pseudocount = 5.0
	mincount = 0
	name = PGT145-125ug-rep1b
	sel = mut-virus-rep1b-PGT145-125ug
	mock = mut-virus-rep1b
	err = wt-DNA-rep1

2018-08-30 15:49:01,077 - INFO - Reading selected sample counts from mut-virus-rep1b-PGT145-125ug
2018-08-30 15:49:01,118 - INFO - Reading mock-selected sample counts from mut-virus-rep1b
2018-08-30 15:49:01,136 - INFO - Reading error-control sample counts from wt-DNA-rep1
2018-08-30 15:49:01,149 - INFO - Computing mutdiffsel...
2018-08-30 15:49:08,728 - INFO - Mutations with largest mutdiffsel:
site wildtype mutation  mutdiffsel
124        P        D        3.67
166        R        V        3.32
160        N        D        3.22
499        T        I        3.11
160        N        I        3.09
458        G        D        2.90
169        K        E        2.90
313        P        R        2.88
315        Q        R        2.86
162        T        E        2.83

2018-08-30 15:49:08,728 - INFO - Writing to ./results/diffsel/wtDNA_ctrl/PGT145-125ug-rep1b_mutdiffsel.csv
2018-08-30 15:49:08,802 - INFO - Computing sitediffsel...
2018-08-30 15:49:08,836 - INFO - Sites with largest absolute sitediffsel:
site  abs_diffsel  positive_diffsel  negative_diffsel  max_diffsel  min_diffsel
166        30.80             29.91             -0.89         3.32        -0.56
160        29.53             29.42             -0.12         3.22        -0.12
169        25.26             21.87             -3.39         2.90        -1.26
162        24.74             24.74              0.00         2.83         0.00
216        20.82              3.18            -17.64         1.51        -2.77
461        20.47              1.33            -19.14         0.89        -2.50
699        20.08             12.62             -7.46         2.71        -1.56
430        19.92              0.88            -19.04         0.56        -2.10
121        19.66             18.93             -0.73         2.70        -0.19
 34        18.38              6.70            -11.68         1.93        -1.71

2018-08-30 15:49:08,837 - INFO - Writing to ./results/diffsel/wtDNA_ctrl/PGT145-125ug-rep1b_sitediffsel.csv
2018-08-30 15:49:08,846 - INFO - Successful completion of dms2_diffsel
