2018-08-30 15:48:50,580 - INFO - Beginning execution of dms2_diffsel in directory /fh/fast/bloom_j/computational_notebooks/adingens/2017/EnvsAntigenicAtlas

2018-08-30 15:48:50,580 - INFO - Progress is being logged to ./results/diffsel/wtDNA_ctrl/PGT121-3-5ug-rep2b.log
2018-08-30 15:49:01,826 - INFO - Version information:
	Time and date: Thu Aug 30 15:48:50 2018
	Platform: Linux-3.13.0-143-generic-x86_64-with-debian-jessie-sid
	Python version: 3.6.5 |Anaconda, Inc.| (default, Apr 29 2018, 16:14:56)  [GCC 7.2.0]
	dms_tools2 version: 2.2.8
	Bio version: 1.72
	HTSeq version: 0.10.0
	pandas version: 0.23.3
	numpy version: 1.15.0
	IPython version: 6.4.0
	jupyter version: 1.0.0
	matplotlib version: 2.2.2
	plotnine version: 0.3.0
	natsort version: 5.3.3
	pystan version: 2.16.0.0
	scipy version: 1.1.0
	seaborn version: 0.9.0
	phydmslib version: 2.3.1
	statsmodels version: 0.9.0
	rpy2 version: 2.9.1

2018-08-30 15:49:01,826 - INFO - Parsed the following arguments:
	outdir = ./results/diffsel/wtDNA_ctrl
	ncpus = 1
	use_existing = yes
	indir = ./results/renumberedcounts
	chartype = codon_to_aa
	excludestop = yes
	pseudocount = 5.0
	mincount = 0
	name = PGT121-3-5ug-rep2b
	sel = mut-virus-rep2b-PGT121-3-5ug
	mock = mut-virus-rep2b
	err = wt-DNA-rep2

2018-08-30 15:49:01,828 - INFO - Reading selected sample counts from mut-virus-rep2b-PGT121-3-5ug
2018-08-30 15:49:01,852 - INFO - Reading mock-selected sample counts from mut-virus-rep2b
2018-08-30 15:49:01,862 - INFO - Reading error-control sample counts from wt-DNA-rep2
2018-08-30 15:49:01,872 - INFO - Computing mutdiffsel...
2018-08-30 15:49:07,862 - INFO - Mutations with largest mutdiffsel:
site wildtype mutation  mutdiffsel
332        N        Y        3.60
408        T        K        3.37
415        T        E        3.16
312        G        S        3.07
415        T        R        3.06
437        P        D        3.06
254        V        Y        3.00
415        T        D        2.99
334        S        L        2.91
332        N        D        2.91

2018-08-30 15:49:07,863 - INFO - Writing to ./results/diffsel/wtDNA_ctrl/PGT121-3-5ug-rep2b_mutdiffsel.csv
2018-08-30 15:49:07,905 - INFO - Computing sitediffsel...
2018-08-30 15:49:07,931 - INFO - Sites with largest absolute sitediffsel:
site  abs_diffsel  positive_diffsel  negative_diffsel  max_diffsel  min_diffsel
332        32.08             31.98             -0.10         3.60        -0.10
415        30.12             25.56             -4.56         3.16        -1.76
334        28.40             24.43             -3.97         2.91        -1.74
327        28.15             28.15              0.00         2.89         0.00
325        27.60             16.57            -11.03         2.68        -2.55
330        26.66             21.10             -5.56         2.75        -1.99
135        24.73              0.05            -24.68         0.05        -2.72
141        24.28              0.36            -23.91         0.36        -2.07
394        23.76              3.21            -20.55         1.42        -3.08
132        23.19              7.71            -15.48         2.21        -2.38

2018-08-30 15:49:07,931 - INFO - Writing to ./results/diffsel/wtDNA_ctrl/PGT121-3-5ug-rep2b_sitediffsel.csv
2018-08-30 15:49:07,945 - INFO - Successful completion of dms2_diffsel
