2018-08-30 15:48:50,624 - INFO - Beginning execution of dms2_diffsel in directory /fh/fast/bloom_j/computational_notebooks/adingens/2017/EnvsAntigenicAtlas

2018-08-30 15:48:50,625 - INFO - Progress is being logged to ./results/diffsel/wtDNA_ctrl/VRC01-11ug-rep2.log
2018-08-30 15:49:01,908 - INFO - Version information:
	Time and date: Thu Aug 30 15:48:50 2018
	Platform: Linux-3.13.0-143-generic-x86_64-with-debian-jessie-sid
	Python version: 3.6.5 |Anaconda, Inc.| (default, Apr 29 2018, 16:14:56)  [GCC 7.2.0]
	dms_tools2 version: 2.2.8
	Bio version: 1.72
	HTSeq version: 0.10.0
	pandas version: 0.23.3
	numpy version: 1.15.0
	IPython version: 6.4.0
	jupyter version: 1.0.0
	matplotlib version: 2.2.2
	plotnine version: 0.3.0
	natsort version: 5.3.3
	pystan version: 2.16.0.0
	scipy version: 1.1.0
	seaborn version: 0.9.0
	phydmslib version: 2.3.1
	statsmodels version: 0.9.0
	rpy2 version: 2.9.1

2018-08-30 15:49:01,909 - INFO - Parsed the following arguments:
	outdir = ./results/diffsel/wtDNA_ctrl
	ncpus = 1
	use_existing = yes
	indir = ./results/renumberedcounts
	chartype = codon_to_aa
	excludestop = yes
	pseudocount = 5.0
	mincount = 0
	name = VRC01-11ug-rep2
	sel = mut-virus-rep2-VRC01-11ug
	mock = mut-virus-rep2
	err = wt-DNA-rep2

2018-08-30 15:49:01,911 - INFO - Reading selected sample counts from mut-virus-rep2-VRC01-11ug
2018-08-30 15:49:01,949 - INFO - Reading mock-selected sample counts from mut-virus-rep2
2018-08-30 15:49:01,987 - INFO - Reading error-control sample counts from wt-DNA-rep2
2018-08-30 15:49:02,010 - INFO - Computing mutdiffsel...
2018-08-30 15:49:09,262 - INFO - Mutations with largest mutdiffsel:
site wildtype mutation  mutdiffsel
197        N        S        3.98
197        N        T        3.98
279        N        C        2.97
179        L        P        2.93
326        I        P        2.76
280        N        D        2.75
279        N        R        2.69
142        M        V        2.60
279        N        L        2.59
326        I        F        2.40

2018-08-30 15:49:09,263 - INFO - Writing to ./results/diffsel/wtDNA_ctrl/VRC01-11ug-rep2_mutdiffsel.csv
2018-08-30 15:49:09,327 - INFO - Computing sitediffsel...
2018-08-30 15:49:09,348 - INFO - Sites with largest absolute sitediffsel:
site  abs_diffsel  positive_diffsel  negative_diffsel  max_diffsel  min_diffsel
 326        22.61             21.37             -1.24         2.76        -0.52
 279        21.10             18.78             -2.33         2.97        -0.86
 304        19.18             14.25             -4.92         2.36        -2.08
 325        18.71              0.87            -17.84         0.87        -2.17
322a        18.36             17.42             -0.93         2.04        -0.53
 135        17.74              2.48            -15.26         1.75        -2.39
 369        17.49             11.79             -5.70         1.69        -1.52
 358        17.29              7.95             -9.34         2.18        -1.51
 223        17.05              6.85            -10.21         2.14        -1.77
 388        16.94              4.93            -12.01         2.06        -2.11

2018-08-30 15:49:09,349 - INFO - Writing to ./results/diffsel/wtDNA_ctrl/VRC01-11ug-rep2_sitediffsel.csv
2018-08-30 15:49:09,364 - INFO - Successful completion of dms2_diffsel
