2018-08-30 15:48:50,586 - INFO - Beginning execution of dms2_diffsel in directory /fh/fast/bloom_j/computational_notebooks/adingens/2017/EnvsAntigenicAtlas

2018-08-30 15:48:50,587 - INFO - Progress is being logged to ./results/diffsel/wtDNA_ctrl/VRC34-33ug-rep3.log
2018-08-30 15:49:02,002 - INFO - Version information:
	Time and date: Thu Aug 30 15:48:50 2018
	Platform: Linux-3.13.0-143-generic-x86_64-with-debian-jessie-sid
	Python version: 3.6.5 |Anaconda, Inc.| (default, Apr 29 2018, 16:14:56)  [GCC 7.2.0]
	dms_tools2 version: 2.2.8
	Bio version: 1.72
	HTSeq version: 0.10.0
	pandas version: 0.23.3
	numpy version: 1.15.0
	IPython version: 6.4.0
	jupyter version: 1.0.0
	matplotlib version: 2.2.2
	plotnine version: 0.3.0
	natsort version: 5.3.3
	pystan version: 2.16.0.0
	scipy version: 1.1.0
	seaborn version: 0.9.0
	phydmslib version: 2.3.1
	statsmodels version: 0.9.0
	rpy2 version: 2.9.1

2018-08-30 15:49:02,002 - INFO - Parsed the following arguments:
	outdir = ./results/diffsel/wtDNA_ctrl
	ncpus = 1
	use_existing = yes
	indir = ./results/renumberedcounts
	chartype = codon_to_aa
	excludestop = yes
	pseudocount = 5.0
	mincount = 0
	name = VRC34-33ug-rep3
	sel = mut-virus-rep3-VRC34-33ug
	mock = mut-virus-rep3
	err = wt-DNA-rep3

2018-08-30 15:49:02,004 - INFO - Reading selected sample counts from mut-virus-rep3-VRC34-33ug
2018-08-30 15:49:02,030 - INFO - Reading mock-selected sample counts from mut-virus-rep3
2018-08-30 15:49:02,070 - INFO - Reading error-control sample counts from wt-DNA-rep3
2018-08-30 15:49:02,096 - INFO - Computing mutdiffsel...
2018-08-30 15:49:09,183 - INFO - Mutations with largest mutdiffsel:
site wildtype mutation  mutdiffsel
515        I        P        3.03
524        G        S        2.39
 88        N        H        2.29
 88        N        S        2.25
516        G        L        2.23
242        V        L        2.15
516        G        V        2.14
 85        H        Q        2.12
 90        T        A        2.09
 90        T        V        2.08

2018-08-30 15:49:09,184 - INFO - Writing to ./results/diffsel/wtDNA_ctrl/VRC34-33ug-rep3_mutdiffsel.csv
2018-08-30 15:49:09,229 - INFO - Computing sitediffsel...
2018-08-30 15:49:09,251 - INFO - Sites with largest absolute sitediffsel:
site  abs_diffsel  positive_diffsel  negative_diffsel  max_diffsel  min_diffsel
 88        20.53             19.99             -0.54         2.29        -0.27
 85        19.38             19.38              0.00         2.12         0.00
516        18.97             18.40             -0.57         2.23        -0.31
229        18.90             18.33             -0.56         2.00        -0.48
 90        17.83             17.83              0.00         2.09         0.00
515        16.96             16.70             -0.25         3.03        -0.25
325        16.57              0.00            -16.57         0.00        -2.07
207        15.35              0.00            -15.35         0.00        -2.59
513        15.27             15.01             -0.26         1.62        -0.26
618        14.94              1.30            -13.65         0.94        -1.67

2018-08-30 15:49:09,251 - INFO - Writing to ./results/diffsel/wtDNA_ctrl/VRC34-33ug-rep3_sitediffsel.csv
2018-08-30 15:49:09,260 - INFO - Successful completion of dms2_diffsel
