2018-08-23 13:01:47,663 - INFO - Beginning execution of dms2_fracsurvive in directory /fh/fast/bloom_j/computational_notebooks/adingens/2017/EnvsAntigenicAtlas

2018-08-23 13:01:47,663 - INFO - Progress is being logged to ./results/fracsurvive/concavg_wtDNA_ctrl/3BN-1074-pool-4ug-rep2b.log
2018-08-23 13:01:59,138 - INFO - Version information:
	Time and date: Thu Aug 23 13:01:47 2018
	Platform: Linux-3.13.0-143-generic-x86_64-with-debian-jessie-sid
	Python version: 3.6.5 |Anaconda, Inc.| (default, Apr 29 2018, 16:14:56)  [GCC 7.2.0]
	dms_tools2 version: 2.2.8
	Bio version: 1.72
	HTSeq version: 0.10.0
	pandas version: 0.23.3
	numpy version: 1.15.0
	IPython version: 6.4.0
	jupyter version: 1.0.0
	matplotlib version: 2.2.2
	plotnine version: 0.3.0
	natsort version: 5.3.3
	pystan version: 2.16.0.0
	scipy version: 1.1.0
	seaborn version: 0.9.0
	phydmslib version: 2.3.1
	statsmodels version: 0.9.0
	rpy2 version: 2.9.1

2018-08-23 13:01:59,141 - INFO - Parsed the following arguments:
	outdir = ./results/fracsurvive/concavg_wtDNA_ctrl
	ncpus = 1
	use_existing = yes
	indir = ./results/renumberedcounts
	chartype = codon_to_aa
	aboveavg = no
	excludestop = yes
	pseudocount = 5.0
	mincount = 0
	name = 3BN-1074-pool-4ug-rep2b
	sel = mut-virus-rep2b-3BN-1074-pool-4ug
	mock = mut-virus-rep2b
	libfracsurvive = 0.00034106
	err = wt-DNA-rep2

2018-08-23 13:01:59,150 - INFO - Reading selected sample counts from mut-virus-rep2b-3BN-1074-pool-4ug
2018-08-23 13:01:59,190 - INFO - Reading mock-selected sample counts from mut-virus-rep2b
2018-08-23 13:01:59,201 - INFO - Reading error-control sample counts from wt-DNA-rep2
2018-08-23 13:01:59,211 - INFO - Computing fracsurvive for each mutation...
2018-08-23 13:02:06,487 - INFO - Mutations with largest mutfracsurvive:
site wildtype mutation  mutfracsurvive
158        S        R            0.02
444        R        D            0.02
 84        I        P            0.02
334        S        A            0.02
424        I        G            0.01
 97        K        P            0.01
653        Q        E            0.01
100        M        K            0.01
203        Q        A            0.01
 67        N        R            0.01

2018-08-23 13:02:06,488 - INFO - Writing to ./results/fracsurvive/concavg_wtDNA_ctrl/3BN-1074-pool-4ug-rep2b_mutfracsurvive.csv
2018-08-23 13:02:06,563 - INFO - Computing sitefracsurvive...
2018-08-23 13:02:06,593 - INFO - Sites with largest avgfracsurvive:
site  avgfracsurvive  maxfracsurvive
334            0.00            0.02
332            0.00            0.01
325            0.00            0.01
602            0.00            0.01
444            0.00            0.02
653            0.00            0.01
 84            0.00            0.02
169            0.00            0.01
158            0.00            0.02
318            0.00            0.01

2018-08-23 13:02:06,593 - INFO - Writing to ./results/fracsurvive/concavg_wtDNA_ctrl/3BN-1074-pool-4ug-rep2b_sitefracsurvive.csv
2018-08-23 13:02:06,602 - INFO - Successful completion of dms2_fracsurvive
