2018-08-23 13:01:47,582 - INFO - Beginning execution of dms2_fracsurvive in directory /fh/fast/bloom_j/computational_notebooks/adingens/2017/EnvsAntigenicAtlas

2018-08-23 13:01:47,582 - INFO - Progress is being logged to ./results/fracsurvive/concavg_wtDNA_ctrl/PGT121-3-5ug-rep1.log
2018-08-23 13:01:59,370 - INFO - Version information:
	Time and date: Thu Aug 23 13:01:47 2018
	Platform: Linux-3.13.0-143-generic-x86_64-with-debian-jessie-sid
	Python version: 3.6.5 |Anaconda, Inc.| (default, Apr 29 2018, 16:14:56)  [GCC 7.2.0]
	dms_tools2 version: 2.2.8
	Bio version: 1.72
	HTSeq version: 0.10.0
	pandas version: 0.23.3
	numpy version: 1.15.0
	IPython version: 6.4.0
	jupyter version: 1.0.0
	matplotlib version: 2.2.2
	plotnine version: 0.3.0
	natsort version: 5.3.3
	pystan version: 2.16.0.0
	scipy version: 1.1.0
	seaborn version: 0.9.0
	phydmslib version: 2.3.1
	statsmodels version: 0.9.0
	rpy2 version: 2.9.1

2018-08-23 13:01:59,371 - INFO - Parsed the following arguments:
	outdir = ./results/fracsurvive/concavg_wtDNA_ctrl
	ncpus = 1
	use_existing = yes
	indir = ./results/renumberedcounts
	chartype = codon_to_aa
	aboveavg = no
	excludestop = yes
	pseudocount = 5.0
	mincount = 0
	name = PGT121-3-5ug-rep1
	sel = mut-virus-rep1-PGT121-3-5ug
	mock = mut-virus-rep1
	libfracsurvive = 0.010645
	err = wt-DNA-rep1

2018-08-23 13:01:59,373 - INFO - Reading selected sample counts from mut-virus-rep1-PGT121-3-5ug
2018-08-23 13:01:59,403 - INFO - Reading mock-selected sample counts from mut-virus-rep1
2018-08-23 13:01:59,419 - INFO - Reading error-control sample counts from wt-DNA-rep1
2018-08-23 13:01:59,432 - INFO - Computing fracsurvive for each mutation...
2018-08-23 13:02:07,371 - INFO - Mutations with largest mutfracsurvive:
site wildtype mutation  mutfracsurvive
327        R        Q            0.23
330        H        D            0.19
327        R        I            0.17
325        D        K            0.17
129        L        I            0.14
330        H        E            0.14
369        L        N            0.14
276        N        Q            0.13
 99        N        G            0.13
376        F        R            0.13

2018-08-23 13:02:07,373 - INFO - Writing to ./results/fracsurvive/concavg_wtDNA_ctrl/PGT121-3-5ug-rep1_mutfracsurvive.csv
2018-08-23 13:02:07,458 - INFO - Computing sitefracsurvive...
2018-08-23 13:02:07,485 - INFO - Sites with largest avgfracsurvive:
site  avgfracsurvive  maxfracsurvive
327            0.05            0.23
330            0.04            0.19
334            0.03            0.11
325            0.03            0.17
332            0.03            0.10
415            0.03            0.12
428            0.02            0.10
408            0.02            0.05
380            0.02            0.11
377            0.02            0.10

2018-08-23 13:02:07,486 - INFO - Writing to ./results/fracsurvive/concavg_wtDNA_ctrl/PGT121-3-5ug-rep1_sitefracsurvive.csv
2018-08-23 13:02:07,494 - INFO - Successful completion of dms2_fracsurvive
