2018-08-28 23:01:28,690 - INFO - Beginning execution of dms2_logoplot in directory /fh/fast/bloom_j/computational_notebooks/adingens/2017/EnvsAntigenicAtlas

2018-08-28 23:01:28,690 - INFO - Progress is being logged to ./results/fracsurvive/concavg_wtDNA_ctrl/VRC01-median.log
2018-08-28 23:01:30,373 - INFO - Version information:
	Time and date: Tue Aug 28 23:01:28 2018
	Platform: Linux-3.13.0-143-generic-x86_64-with-debian-jessie-sid
	Python version: 3.6.5 |Anaconda, Inc.| (default, Apr 29 2018, 16:14:56)  [GCC 7.2.0]
	dms_tools2 version: 2.2.8
	Bio version: 1.72
	HTSeq version: 0.10.0
	pandas version: 0.23.3
	numpy version: 1.15.0
	IPython version: 6.4.0
	jupyter version: 1.0.0
	matplotlib version: 2.2.2
	plotnine version: 0.3.0
	natsort version: 5.3.3
	pystan version: 2.16.0.0
	scipy version: 1.1.0
	seaborn version: 0.9.0
	phydmslib version: 2.3.1
	statsmodels version: 0.9.0
	rpy2 version: 2.9.1

2018-08-28 23:01:30,374 - INFO - Parsed the following arguments:
	outdir = ./results/fracsurvive/concavg_wtDNA_ctrl
	ncpus = -1
	use_existing = yes
	prefs = None
	diffsel = None
	fracsurvive = ./results/fracsurvive/concavg_wtDNA_ctrl/summary_VRC01-medianmutfracsurvive.csv
	diffprefs = None
	name = VRC01-median
	nperline = 84
	numberevery = 10
	excludestop = no
	stringency = 1
	restrictdiffsel = all
	diffselrange = None
	fracsurvivemax = None
	sortsites = yes
	mapmetric = functionalgroup
	colormap = jet
	overlay1 = ['./results/fracsurvive/concavg_wtDNA_ctrl/summary_VRC01-medianmutfracsurvive.csv', 'wildtype', 'wildtype']
	overlay2 = None
	overlay3 = None
	underlay = yes
	scalebar = ['0.07', 'fraction surviving = 0.07']
	overlaycolormap = jet
	letterheight = 1
	ignore_extracols = no
	sepline = no

2018-08-28 23:01:30,376 - INFO - Reading fracsurvive from file ./results/fracsurvive/concavg_wtDNA_ctrl/summary_VRC01-medianmutfracsurvive.csv...
2018-08-28 23:01:30,403 - INFO - Read data for 670 sites.

2018-08-28 23:01:30,436 - INFO - Reading overlay for wildtype from ./results/fracsurvive/concavg_wtDNA_ctrl/summary_VRC01-medianmutfracsurvive.csv...
2018-08-28 23:01:30,492 - INFO - Read overlay for 670 sites.

2018-08-28 23:01:30,492 - INFO - Making logo plot ./results/fracsurvive/concavg_wtDNA_ctrl/VRC01-median_fracsurvive.pdf...
2018-08-28 23:01:44,986 - INFO - Successfully created logo plot.

2018-08-28 23:01:44,987 - INFO - Successful completion of dms2_logoplot
