2018-08-23 13:01:47,790 - INFO - Beginning execution of dms2_fracsurvive in directory /fh/fast/bloom_j/computational_notebooks/adingens/2017/EnvsAntigenicAtlas

2018-08-23 13:01:47,791 - INFO - Progress is being logged to ./results/fracsurvive/concavg_wtDNA_ctrl/VRC01-8ug-rep2.log
2018-08-23 13:01:59,473 - INFO - Version information:
	Time and date: Thu Aug 23 13:01:47 2018
	Platform: Linux-3.13.0-143-generic-x86_64-with-debian-jessie-sid
	Python version: 3.6.5 |Anaconda, Inc.| (default, Apr 29 2018, 16:14:56)  [GCC 7.2.0]
	dms_tools2 version: 2.2.8
	Bio version: 1.72
	HTSeq version: 0.10.0
	pandas version: 0.23.3
	numpy version: 1.15.0
	IPython version: 6.4.0
	jupyter version: 1.0.0
	matplotlib version: 2.2.2
	plotnine version: 0.3.0
	natsort version: 5.3.3
	pystan version: 2.16.0.0
	scipy version: 1.1.0
	seaborn version: 0.9.0
	phydmslib version: 2.3.1
	statsmodels version: 0.9.0
	rpy2 version: 2.9.1

2018-08-23 13:01:59,473 - INFO - Parsed the following arguments:
	outdir = ./results/fracsurvive/concavg_wtDNA_ctrl
	ncpus = 1
	use_existing = yes
	indir = ./results/renumberedcounts
	chartype = codon_to_aa
	aboveavg = no
	excludestop = yes
	pseudocount = 5.0
	mincount = 0
	name = VRC01-8ug-rep2
	sel = mut-virus-rep2-VRC01-8ug
	mock = mut-virus-rep2
	libfracsurvive = 0.027775
	err = wt-DNA-rep2

2018-08-23 13:01:59,477 - INFO - Reading selected sample counts from mut-virus-rep2-VRC01-8ug
2018-08-23 13:01:59,508 - INFO - Reading mock-selected sample counts from mut-virus-rep2
2018-08-23 13:01:59,523 - INFO - Reading error-control sample counts from wt-DNA-rep2
2018-08-23 13:01:59,536 - INFO - Computing fracsurvive for each mutation...
2018-08-23 13:02:06,412 - INFO - Mutations with largest mutfracsurvive:
site wildtype mutation  mutfracsurvive
197        N        T            0.30
197        N        S            0.13
702        L        Q            0.13
502        K        C            0.11
198        T        D            0.11
304        R        F            0.10
320        T        P            0.10
159        F        S            0.10
417        P        W            0.10
179        L        P            0.10

2018-08-23 13:02:06,425 - INFO - Writing to ./results/fracsurvive/concavg_wtDNA_ctrl/VRC01-8ug-rep2_mutfracsurvive.csv
2018-08-23 13:02:06,501 - INFO - Computing sitefracsurvive...
2018-08-23 13:02:06,522 - INFO - Sites with largest avgfracsurvive:
site  avgfracsurvive  maxfracsurvive
326            0.05            0.09
197            0.05            0.30
304            0.04            0.10
198            0.04            0.11
153            0.04            0.08
369            0.04            0.09
209            0.04            0.10
653            0.04            0.09
320            0.04            0.10
279            0.04            0.09

2018-08-23 13:02:06,522 - INFO - Writing to ./results/fracsurvive/concavg_wtDNA_ctrl/VRC01-8ug-rep2_sitefracsurvive.csv
2018-08-23 13:02:06,530 - INFO - Successful completion of dms2_fracsurvive
