2018-08-23 13:01:47,719 - INFO - Beginning execution of dms2_fracsurvive in directory /fh/fast/bloom_j/computational_notebooks/adingens/2017/EnvsAntigenicAtlas

2018-08-23 13:01:47,719 - INFO - Progress is being logged to ./results/fracsurvive/concavg_wtDNA_ctrl/VRC01-11ug-rep3-tr2.log
2018-08-23 13:01:59,150 - INFO - Version information:
	Time and date: Thu Aug 23 13:01:47 2018
	Platform: Linux-3.13.0-143-generic-x86_64-with-debian-jessie-sid
	Python version: 3.6.5 |Anaconda, Inc.| (default, Apr 29 2018, 16:14:56)  [GCC 7.2.0]
	dms_tools2 version: 2.2.8
	Bio version: 1.72
	HTSeq version: 0.10.0
	pandas version: 0.23.3
	numpy version: 1.15.0
	IPython version: 6.4.0
	jupyter version: 1.0.0
	matplotlib version: 2.2.2
	plotnine version: 0.3.0
	natsort version: 5.3.3
	pystan version: 2.16.0.0
	scipy version: 1.1.0
	seaborn version: 0.9.0
	phydmslib version: 2.3.1
	statsmodels version: 0.9.0
	rpy2 version: 2.9.1

2018-08-23 13:01:59,151 - INFO - Parsed the following arguments:
	outdir = ./results/fracsurvive/concavg_wtDNA_ctrl
	ncpus = 1
	use_existing = yes
	indir = ./results/renumberedcounts
	chartype = codon_to_aa
	aboveavg = no
	excludestop = yes
	pseudocount = 5.0
	mincount = 0
	name = VRC01-11ug-rep3-tr2
	sel = mut-virus-rep3-VRC01-tr2-11ug
	mock = mut-virus-rep3
	libfracsurvive = 0.001008
	err = wt-DNA-rep3

2018-08-23 13:01:59,155 - INFO - Reading selected sample counts from mut-virus-rep3-VRC01-tr2-11ug
2018-08-23 13:01:59,188 - INFO - Reading mock-selected sample counts from mut-virus-rep3
2018-08-23 13:01:59,204 - INFO - Reading error-control sample counts from wt-DNA-rep3
2018-08-23 13:01:59,212 - INFO - Computing fracsurvive for each mutation...
2018-08-23 13:02:04,636 - INFO - Mutations with largest mutfracsurvive:
site wildtype mutation  mutfracsurvive
124        P        T            0.01
197        N        S            0.01
279        N        R            0.01
369        L        P            0.01
279        N        K            0.01
693        I        C            0.01
372        T        K            0.01
393        S        I            0.01
343        G        I            0.01
154        L        R            0.01

2018-08-23 13:02:04,636 - INFO - Writing to ./results/fracsurvive/concavg_wtDNA_ctrl/VRC01-11ug-rep3-tr2_mutfracsurvive.csv
2018-08-23 13:02:04,774 - INFO - Computing sitefracsurvive...
2018-08-23 13:02:04,806 - INFO - Sites with largest avgfracsurvive:
site  avgfracsurvive  maxfracsurvive
279            0.00            0.01
369            0.00            0.01
326            0.00            0.01
179            0.00            0.00
113            0.00            0.01
124            0.00            0.01
197            0.00            0.01
330            0.00            0.01
321            0.00            0.01
318            0.00            0.01

2018-08-23 13:02:04,806 - INFO - Writing to ./results/fracsurvive/concavg_wtDNA_ctrl/VRC01-11ug-rep3-tr2_sitefracsurvive.csv
2018-08-23 13:02:04,816 - INFO - Successful completion of dms2_fracsurvive
