2018-11-09 10:11:35,836 - INFO - Beginning execution of dms2_logoplot in directory /fh/fast/bloom_j/computational_notebooks/adingens/2017/EnvsAntigenicAtlas

2018-11-09 10:11:35,836 - INFO - Progress is being logged to ./results/fracsurviveaboveavg/LAIandBF520/BF520-PGT151-median.log
2018-11-09 10:11:35,840 - INFO - Version information:
	Time and date: Fri Nov  9 10:11:35 2018
	Platform: Linux-3.13.0-143-generic-x86_64-with-debian-jessie-sid
	Python version: 3.6.5 |Anaconda, Inc.| (default, Apr 29 2018, 16:14:56)  [GCC 7.2.0]
	dms_tools2 version: 2.3.0
	Bio version: 1.72
	HTSeq version: 0.11.0
	pandas version: 0.23.4
	numpy version: 1.15.1
	IPython version: 6.5.0
	jupyter version: 1.0.0
	matplotlib version: 3.0.0
	plotnine version: 0.5.0
	natsort version: 5.4.1
	pystan version: 2.16.0.0
	scipy version: 1.1.0
	seaborn version: 0.9.0
	phydmslib version: 2.3.1
	statsmodels version: 0.9.0
	rpy2 version: 2.9.1
	regex version: 2.4.148
	umi_tools version unknown

2018-11-09 10:11:35,840 - INFO - Parsed the following arguments:
	outdir = ./results/fracsurviveaboveavg/LAIandBF520
	ncpus = -1
	use_existing = yes
	prefs = None
	diffsel = None
	fracsurvive = ./results/fracsurviveaboveavg/LAIandBF520/summaryBF520_BF520-PGT151-medianmutfracsurvive.csv
	diffprefs = None
	name = BF520-PGT151-median
	nperline = 84
	numberevery = 10
	excludestop = no
	stringency = 1
	restrictdiffsel = all
	diffselrange = None
	fracsurvivemax = None
	sortsites = yes
	mapmetric = functionalgroup
	colormap = jet
	overlay1 = ['./results/fracsurviveaboveavg/LAIandBF520/summaryBF520_BF520-PGT151-medianmutfracsurvive.csv', 'wildtype', 'wildtype']
	overlay2 = None
	overlay3 = None
	underlay = yes
	scalebar = ['0.3', 'fraction surviving = 0.3']
	overlaycolormap = jet
	letterheight = 1
	ignore_extracols = no
	sepline = no

2018-11-09 10:11:35,842 - INFO - Reading fracsurvive from file ./results/fracsurviveaboveavg/LAIandBF520/summaryBF520_BF520-PGT151-medianmutfracsurvive.csv...
2018-11-09 10:11:35,877 - INFO - Read data for 661 sites.

2018-11-09 10:11:35,922 - INFO - Reading overlay for wildtype from ./results/fracsurviveaboveavg/LAIandBF520/summaryBF520_BF520-PGT151-medianmutfracsurvive.csv...
2018-11-09 10:11:35,990 - INFO - Read overlay for 661 sites.

2018-11-09 10:11:35,990 - INFO - Making logo plot ./results/fracsurviveaboveavg/LAIandBF520/BF520-PGT151-median_fracsurvive.pdf...
2018-11-09 10:11:43,047 - INFO - Successfully created logo plot.

2018-11-09 10:11:43,048 - INFO - Successful completion of dms2_logoplot
