2018-11-08 14:32:56,315 - INFO - Beginning execution of dms2_fracsurvive in directory /fh/fast/bloom_j/computational_notebooks/adingens/2017/EnvsAntigenicAtlas

2018-11-08 14:32:56,316 - INFO - Progress is being logged to ./results/fracsurviveaboveavg/LAIandBF520/LAI-PGT151-2ug-rep3.log
2018-11-08 14:32:56,320 - INFO - Version information:
	Time and date: Thu Nov  8 14:32:56 2018
	Platform: Linux-3.13.0-143-generic-x86_64-with-debian-jessie-sid
	Python version: 3.6.5 |Anaconda, Inc.| (default, Apr 29 2018, 16:14:56)  [GCC 7.2.0]
	dms_tools2 version: 2.3.0
	Bio version: 1.72
	HTSeq version: 0.11.0
	pandas version: 0.23.4
	numpy version: 1.15.1
	IPython version: 6.5.0
	jupyter version: 1.0.0
	matplotlib version: 3.0.0
	plotnine version: 0.5.0
	natsort version: 5.4.1
	pystan version: 2.16.0.0
	scipy version: 1.1.0
	seaborn version: 0.9.0
	phydmslib version: 2.3.1
	statsmodels version: 0.9.0
	rpy2 version: 2.9.1
	regex version: 2.4.148
	umi_tools version unknown

2018-11-08 14:32:56,320 - INFO - Parsed the following arguments:
	outdir = ./results/fracsurviveaboveavg/LAIandBF520
	ncpus = 7
	use_existing = yes
	indir = ./results/renumberedcounts
	chartype = codon_to_aa
	aboveavg = yes
	excludestop = yes
	pseudocount = 5.0
	mincount = 0
	name = LAI-PGT151-2ug-rep3
	sel = LAI-mut-virus-rep3-PGT151-2ug
	mock = LAI-mut-virus-rep3
	libfracsurvive = 0.014522
	err = LAI-wt-DNA-rep3

2018-11-08 14:32:56,323 - INFO - Reading selected sample counts from LAI-mut-virus-rep3-PGT151-2ug
2018-11-08 14:32:56,347 - INFO - Reading mock-selected sample counts from LAI-mut-virus-rep3
2018-11-08 14:32:56,357 - INFO - Reading error-control sample counts from LAI-wt-DNA-rep3
2018-11-08 14:32:56,365 - INFO - Computing fracsurvive for each mutation...
2018-11-08 14:32:56,368 - INFO - These are the fracsurvive **above** the library average of 0.014522
2018-11-08 14:33:00,484 - INFO - Mutations with largest mutfracsurvive:
site wildtype mutation  mutfracsurvive
512        A        H            0.19
602        L        R            0.17
521        G        L            0.17
637        N        L            0.16
 32        E        R            0.16
514        G        T            0.15
647        E        L            0.14
637        N        G            0.14
512        A        V            0.14
641        L        R            0.14

2018-11-08 14:33:00,484 - INFO - Writing to ./results/fracsurviveaboveavg/LAIandBF520/LAI-PGT151-2ug-rep3_mutfracsurvive.csv
2018-11-08 14:33:00,537 - INFO - Computing sitefracsurvive...
2018-11-08 14:33:00,555 - INFO - Sites with largest avgfracsurvive:
site  avgfracsurvive  maxfracsurvive
637            0.05            0.16
512            0.04            0.19
613            0.03            0.07
521            0.03            0.17
647            0.02            0.14
639            0.02            0.09
602            0.02            0.17
514            0.02            0.15
 84            0.02            0.09
588            0.02            0.11

2018-11-08 14:33:00,556 - INFO - Writing to ./results/fracsurviveaboveavg/LAIandBF520/LAI-PGT151-2ug-rep3_sitefracsurvive.csv
2018-11-08 14:33:00,563 - INFO - Successful completion of dms2_fracsurvive
