2018-11-13 16:54:34,636 - INFO - Beginning execution of dms2_batch_fracsurvive in directory /fh/fast/bloom_j/computational_notebooks/adingens/2017/EnvsAntigenicAtlas

2018-11-13 16:54:34,636 - INFO - Progress is being logged to ./results/fracsurviveaboveavg/LAIandBF520/summaryLAI.log
2018-11-13 16:54:34,646 - INFO - Version information:
	Time and date: Tue Nov 13 16:54:34 2018
	Platform: Linux-3.13.0-143-generic-x86_64-with-debian-jessie-sid
	Python version: 3.6.5 |Anaconda, Inc.| (default, Apr 29 2018, 16:14:56)  [GCC 7.2.0]
	dms_tools2 version: 2.3.0
	Bio version: 1.72
	HTSeq version: 0.11.0
	pandas version: 0.23.4
	numpy version: 1.15.1
	IPython version: 6.5.0
	jupyter version: 1.0.0
	matplotlib version: 3.0.0
	plotnine version: 0.5.0
	natsort version: 5.4.1
	pystan version: 2.16.0.0
	scipy version: 1.1.0
	seaborn version: 0.9.0
	phydmslib version: 2.3.1
	statsmodels version: 0.9.0
	rpy2 version: 2.9.1
	regex version: 2.4.148
	umi_tools version unknown

2018-11-13 16:54:34,646 - INFO - Parsed the following arguments:
	outdir = ./results/fracsurviveaboveavg/LAIandBF520
	ncpus = -1
	use_existing = yes
	indir = ./results/renumberedcounts
	chartype = codon_to_aa
	aboveavg = yes
	excludestop = yes
	pseudocount = 5
	mincount = 0
	batchfile = ./data/LAI_fracsurvive_batch.csv
	summaryprefix = summaryLAI

2018-11-13 16:54:34,646 - INFO - Parsing info from ./data/LAI_fracsurvive_batch.csv
2018-11-13 16:54:34,691 - INFO - Read the following sample information:
group,name,sel,mock,err,virus,antibody,virus-antibody,libfracsurvive
LAI-PGT151,2ug-rep1,LAI-mut-virus-rep1-PGT151-2ug,LAI-mut-virus-rep1,LAI-wt-DNA-rep1,LAI,PGT151,LAI-PGT151,0.039071
LAI-PGT151,2ug-rep3,LAI-mut-virus-rep3-PGT151-2ug,LAI-mut-virus-rep3,LAI-wt-DNA-rep3,LAI,PGT151,LAI-PGT151,0.014522
LAI-PGT151,2ug-rep2,LAI-mut-virus-rep2-PGT151-2ug,LAI-mut-virus-rep2,LAI-wt-DNA-rep2,LAI,PGT151,LAI-PGT151,0.021078
LAI-VRC01,14ug-rep2,LAI-mut-virus-rep2-VRC01-14ug,LAI-mut-virus-rep2,LAI-wt-DNA-rep2,LAI,VRC01,LAI-VRC01,0.033175
LAI-VRC01,9ug-rep3,LAI-mut-virus-rep3-VRC01-9ug,LAI-mut-virus-rep3,LAI-wt-DNA-rep3,LAI,VRC01,LAI-VRC01,0.067211
LAI-VRC01,11ug-rep3,LAI-mut-virus-rep3-VRC01-11ug,LAI-mut-virus-rep3,LAI-wt-DNA-rep3,LAI,VRC01,LAI-VRC01,0.061111
LAI-VRC01,14ug-rep1,LAI-mut-virus-rep1-VRC01-14ug,LAI-mut-virus-rep1,LAI-wt-DNA-rep1,LAI,VRC01,LAI-VRC01,0.090284
LAI-VRC01,14ug-rep3,LAI-mut-virus-rep3-VRC01-14ug,LAI-mut-virus-rep3,LAI-wt-DNA-rep3,LAI,VRC01,LAI-VRC01,0.021007


2018-11-13 16:54:34,722 - INFO - Output summary files already exist and '--use_existing' is 'yes', so exiting with no further action.
