2018-11-08 14:32:22,996 - INFO - Beginning execution of dms2_fracsurvive in directory /fh/fast/bloom_j/computational_notebooks/adingens/2017/EnvsAntigenicAtlas

2018-11-08 14:32:22,997 - INFO - Progress is being logged to ./results/fracsurvive/LAIandBF520/LAI-PGT151-2ug-rep2.log
2018-11-08 14:32:23,003 - INFO - Version information:
	Time and date: Thu Nov  8 14:32:22 2018
	Platform: Linux-3.13.0-143-generic-x86_64-with-debian-jessie-sid
	Python version: 3.6.5 |Anaconda, Inc.| (default, Apr 29 2018, 16:14:56)  [GCC 7.2.0]
	dms_tools2 version: 2.3.0
	Bio version: 1.72
	HTSeq version: 0.11.0
	pandas version: 0.23.4
	numpy version: 1.15.1
	IPython version: 6.5.0
	jupyter version: 1.0.0
	matplotlib version: 3.0.0
	plotnine version: 0.5.0
	natsort version: 5.4.1
	pystan version: 2.16.0.0
	scipy version: 1.1.0
	seaborn version: 0.9.0
	phydmslib version: 2.3.1
	statsmodels version: 0.9.0
	rpy2 version: 2.9.1
	regex version: 2.4.148
	umi_tools version unknown

2018-11-08 14:32:23,003 - INFO - Parsed the following arguments:
	outdir = ./results/fracsurvive/LAIandBF520
	ncpus = 7
	use_existing = yes
	indir = ./results/renumberedcounts
	chartype = codon_to_aa
	aboveavg = no
	excludestop = yes
	pseudocount = 5.0
	mincount = 0
	name = LAI-PGT151-2ug-rep2
	sel = LAI-mut-virus-rep2-PGT151-2ug
	mock = LAI-mut-virus-rep2
	libfracsurvive = 0.021078
	err = LAI-wt-DNA-rep2

2018-11-08 14:32:23,007 - INFO - Reading selected sample counts from LAI-mut-virus-rep2-PGT151-2ug
2018-11-08 14:32:23,030 - INFO - Reading mock-selected sample counts from LAI-mut-virus-rep2
2018-11-08 14:32:23,038 - INFO - Reading error-control sample counts from LAI-wt-DNA-rep2
2018-11-08 14:32:23,047 - INFO - Computing fracsurvive for each mutation...
2018-11-08 14:32:26,902 - INFO - Mutations with largest mutfracsurvive:
site wildtype mutation  mutfracsurvive
577        Q        T            0.74
141        N        F            0.46
512        A        F            0.45
613        S        D            0.45
512        A        Y            0.43
181        I        K            0.43
 84        V        K            0.41
512        A        V            0.40
512        A        H            0.39
521        G        V            0.39

2018-11-08 14:32:26,902 - INFO - Writing to ./results/fracsurvive/LAIandBF520/LAI-PGT151-2ug-rep2_mutfracsurvive.csv
2018-11-08 14:32:26,945 - INFO - Computing sitefracsurvive...
2018-11-08 14:32:26,961 - INFO - Sites with largest avgfracsurvive:
site  avgfracsurvive  maxfracsurvive
512            0.17            0.45
613            0.13            0.45
521            0.10            0.39
637            0.10            0.31
639            0.09            0.38
647            0.09            0.26
654            0.08            0.21
648            0.08            0.37
508            0.07            0.29
651            0.07            0.37

2018-11-08 14:32:26,961 - INFO - Writing to ./results/fracsurvive/LAIandBF520/LAI-PGT151-2ug-rep2_sitefracsurvive.csv
2018-11-08 14:32:26,971 - INFO - Successful completion of dms2_fracsurvive
