2018-11-13 16:54:13,674 - INFO - Beginning execution of dms2_batch_fracsurvive in directory /fh/fast/bloom_j/computational_notebooks/adingens/2017/EnvsAntigenicAtlas

2018-11-13 16:54:13,674 - INFO - Progress is being logged to ./results/fracsurvive/LAIandBF520/summaryBF520.log
2018-11-13 16:54:13,691 - INFO - Version information:
	Time and date: Tue Nov 13 16:54:13 2018
	Platform: Linux-3.13.0-143-generic-x86_64-with-debian-jessie-sid
	Python version: 3.6.5 |Anaconda, Inc.| (default, Apr 29 2018, 16:14:56)  [GCC 7.2.0]
	dms_tools2 version: 2.3.0
	Bio version: 1.72
	HTSeq version: 0.11.0
	pandas version: 0.23.4
	numpy version: 1.15.1
	IPython version: 6.5.0
	jupyter version: 1.0.0
	matplotlib version: 3.0.0
	plotnine version: 0.5.0
	natsort version: 5.4.1
	pystan version: 2.16.0.0
	scipy version: 1.1.0
	seaborn version: 0.9.0
	phydmslib version: 2.3.1
	statsmodels version: 0.9.0
	rpy2 version: 2.9.1
	regex version: 2.4.148
	umi_tools version unknown

2018-11-13 16:54:13,691 - INFO - Parsed the following arguments:
	outdir = ./results/fracsurvive/LAIandBF520
	ncpus = -1
	use_existing = yes
	indir = ./results/renumberedcounts
	chartype = codon_to_aa
	aboveavg = no
	excludestop = yes
	pseudocount = 5
	mincount = 0
	batchfile = ./data/BF520_fracsurvive_batch.csv
	summaryprefix = summaryBF520

2018-11-13 16:54:13,691 - INFO - Parsing info from ./data/BF520_fracsurvive_batch.csv
2018-11-13 16:54:13,755 - INFO - Read the following sample information:
group,name,sel,mock,err,virus,antibody,virus-antibody,libfracsurvive
BF520-PGT151,1ug-rep2,BF520-PGT151-rep2,BF520-mock-rep2,BF520-wtDNA,BF520,PGT151,BF520-PGT151,0.0239
BF520-PGT151,1ug-rep3,BF520-PGT151-rep3,BF520-mock-rep3,BF520-wtDNA,BF520,PGT151,BF520-PGT151,0.0495
BF520-PGT151,1ug-rep1,BF520-PGT151-rep1,BF520-mock-rep1,BF520-wtDNA,BF520,PGT151,BF520-PGT151,0.0185


2018-11-13 16:54:13,780 - INFO - Output summary files already exist and '--use_existing' is 'yes', so exiting with no further action.
