2018-08-23 13:02:16,567 - INFO - Beginning execution of dms2_fracsurvive in directory /fh/fast/bloom_j/computational_notebooks/adingens/2017/EnvsAntigenicAtlas

2018-08-23 13:02:16,567 - INFO - Progress is being logged to ./results/fracsurviveaboveavg/concavg_wtDNA_ctrl/101074-4ug-rep3b.log
2018-08-23 13:02:28,316 - INFO - Version information:
	Time and date: Thu Aug 23 13:02:16 2018
	Platform: Linux-3.13.0-143-generic-x86_64-with-debian-jessie-sid
	Python version: 3.6.5 |Anaconda, Inc.| (default, Apr 29 2018, 16:14:56)  [GCC 7.2.0]
	dms_tools2 version: 2.2.8
	Bio version: 1.72
	HTSeq version: 0.10.0
	pandas version: 0.23.3
	numpy version: 1.15.0
	IPython version: 6.4.0
	jupyter version: 1.0.0
	matplotlib version: 2.2.2
	plotnine version: 0.3.0
	natsort version: 5.3.3
	pystan version: 2.16.0.0
	scipy version: 1.1.0
	seaborn version: 0.9.0
	phydmslib version: 2.3.1
	statsmodels version: 0.9.0
	rpy2 version: 2.9.1

2018-08-23 13:02:28,316 - INFO - Parsed the following arguments:
	outdir = ./results/fracsurviveaboveavg/concavg_wtDNA_ctrl
	ncpus = 1
	use_existing = yes
	indir = ./results/renumberedcounts
	chartype = codon_to_aa
	aboveavg = yes
	excludestop = yes
	pseudocount = 5.0
	mincount = 0
	name = 101074-4ug-rep3b
	sel = mut-virus-rep3b-101074-4ug
	mock = mut-virus-rep3b
	libfracsurvive = 0.003771044
	err = wt-DNA-rep3

2018-08-23 13:02:28,319 - INFO - Reading selected sample counts from mut-virus-rep3b-101074-4ug
2018-08-23 13:02:28,361 - INFO - Reading mock-selected sample counts from mut-virus-rep3b
2018-08-23 13:02:28,376 - INFO - Reading error-control sample counts from wt-DNA-rep3
2018-08-23 13:02:28,392 - INFO - Computing fracsurvive for each mutation...
2018-08-23 13:02:28,392 - INFO - These are the fracsurvive **above** the library average of 0.003771044
2018-08-23 13:02:36,095 - INFO - Mutations with largest mutfracsurvive:
site wildtype mutation  mutfracsurvive
334        S        F            0.16
325        D        R            0.16
334        S        R            0.15
332        N        Q            0.13
325        D        K            0.13
325        D        W            0.12
325        D        G            0.12
325        D        L            0.12
334        S        A            0.12
334        S        N            0.12

2018-08-23 13:02:36,096 - INFO - Writing to ./results/fracsurviveaboveavg/concavg_wtDNA_ctrl/101074-4ug-rep3b_mutfracsurvive.csv
2018-08-23 13:02:36,154 - INFO - Computing sitefracsurvive...
2018-08-23 13:02:36,180 - INFO - Sites with largest avgfracsurvive:
site  avgfracsurvive  maxfracsurvive
325            0.08            0.16
334            0.08            0.16
332            0.06            0.13
327            0.01            0.04
328            0.01            0.08
330            0.01            0.04
441            0.01            0.05
415            0.01            0.03
439            0.00            0.02
114            0.00            0.02

2018-08-23 13:02:36,180 - INFO - Writing to ./results/fracsurviveaboveavg/concavg_wtDNA_ctrl/101074-4ug-rep3b_sitefracsurvive.csv
2018-08-23 13:02:36,188 - INFO - Successful completion of dms2_fracsurvive
