2018-08-23 13:02:16,518 - INFO - Beginning execution of dms2_fracsurvive in directory /fh/fast/bloom_j/computational_notebooks/adingens/2017/EnvsAntigenicAtlas

2018-08-23 13:02:16,518 - INFO - Progress is being logged to ./results/fracsurviveaboveavg/concavg_wtDNA_ctrl/101074-3ug-rep2b.log
2018-08-23 13:02:27,932 - INFO - Version information:
	Time and date: Thu Aug 23 13:02:16 2018
	Platform: Linux-3.13.0-143-generic-x86_64-with-debian-jessie-sid
	Python version: 3.6.5 |Anaconda, Inc.| (default, Apr 29 2018, 16:14:56)  [GCC 7.2.0]
	dms_tools2 version: 2.2.8
	Bio version: 1.72
	HTSeq version: 0.10.0
	pandas version: 0.23.3
	numpy version: 1.15.0
	IPython version: 6.4.0
	jupyter version: 1.0.0
	matplotlib version: 2.2.2
	plotnine version: 0.3.0
	natsort version: 5.3.3
	pystan version: 2.16.0.0
	scipy version: 1.1.0
	seaborn version: 0.9.0
	phydmslib version: 2.3.1
	statsmodels version: 0.9.0
	rpy2 version: 2.9.1

2018-08-23 13:02:27,933 - INFO - Parsed the following arguments:
	outdir = ./results/fracsurviveaboveavg/concavg_wtDNA_ctrl
	ncpus = 1
	use_existing = yes
	indir = ./results/renumberedcounts
	chartype = codon_to_aa
	aboveavg = yes
	excludestop = yes
	pseudocount = 5.0
	mincount = 0
	name = 101074-3ug-rep2b
	sel = mut-virus-rep2b-101074-3ug
	mock = mut-virus-rep2b
	libfracsurvive = 0.019201833
	err = wt-DNA-rep2

2018-08-23 13:02:27,937 - INFO - Reading selected sample counts from mut-virus-rep2b-101074-3ug
2018-08-23 13:02:27,972 - INFO - Reading mock-selected sample counts from mut-virus-rep2b
2018-08-23 13:02:27,988 - INFO - Reading error-control sample counts from wt-DNA-rep2
2018-08-23 13:02:28,002 - INFO - Computing fracsurvive for each mutation...
2018-08-23 13:02:28,002 - INFO - These are the fracsurvive **above** the library average of 0.019201833
2018-08-23 13:02:35,389 - INFO - Mutations with largest mutfracsurvive:
site wildtype mutation  mutfracsurvive
325        D        R            0.09
334        S        A            0.09
334        S        L            0.09
325        D        I            0.08
332        N        F            0.08
437        P        S            0.08
339        N        R            0.08
323        I        G            0.08
434        M        H            0.08
334        S        R            0.08

2018-08-23 13:02:35,390 - INFO - Writing to ./results/fracsurviveaboveavg/concavg_wtDNA_ctrl/101074-3ug-rep2b_mutfracsurvive.csv
2018-08-23 13:02:35,440 - INFO - Computing sitefracsurvive...
2018-08-23 13:02:35,468 - INFO - Sites with largest avgfracsurvive:
site  avgfracsurvive  maxfracsurvive
334            0.05            0.09
325            0.04            0.09
332            0.03            0.08
327            0.01            0.06
323            0.01            0.08
415            0.01            0.05
434            0.01            0.08
204            0.01            0.03
437            0.01            0.08
319            0.01            0.06

2018-08-23 13:02:35,468 - INFO - Writing to ./results/fracsurviveaboveavg/concavg_wtDNA_ctrl/101074-3ug-rep2b_sitefracsurvive.csv
2018-08-23 13:02:35,477 - INFO - Successful completion of dms2_fracsurvive
